ERROR - 2025-07-14 03:07:08 --> Error connecting to the database: mysqli_sql_exception: Unknown database 'kimbimakota' in D:\laragon\www\kim-bimakota\system\Database\MySQLi\Connection.php:202
Stack trace:
#0 D:\laragon\www\kim-bimakota\system\Database\MySQLi\Connection.php(202): mysqli->real_connect('localhost', 'root', '', 'kimbimakota', 3306, '', 0)
#1 D:\laragon\www\kim-bimakota\system\Database\BaseConnection.php(421): CodeIgniter\Database\MySQLi\Connection->connect(false)
#2 D:\laragon\www\kim-bimakota\system\Database\BaseConnection.php(620): CodeIgniter\Database\BaseConnection->initialize()
#3 D:\laragon\www\kim-bimakota\system\Database\BaseBuilder.php(1649): CodeIgniter\Database\BaseConnection->query('SELECT *\nFROM `...', Array, false)
#4 D:\laragon\www\kim-bimakota\app\Models\BeritaModel.php(20): CodeIgniter\Database\BaseBuilder->get()
#5 D:\laragon\www\kim-bimakota\app\Controllers\Berita.php(24): App\Models\BeritaModel->getAll()
#6 D:\laragon\www\kim-bimakota\system\CodeIgniter.php(933): App\Controllers\Berita->index()
#7 D:\laragon\www\kim-bimakota\system\CodeIgniter.php(507): CodeIgniter\CodeIgniter->runController(Object(App\Controllers\Berita))
#8 D:\laragon\www\kim-bimakota\system\CodeIgniter.php(354): CodeIgniter\CodeIgniter->handleRequest(NULL, Object(Config\Cache), false)
#9 D:\laragon\www\kim-bimakota\system\Boot.php(334): CodeIgniter\CodeIgniter->run()
#10 D:\laragon\www\kim-bimakota\system\Boot.php(67): CodeIgniter\Boot::runCodeIgniter(Object(CodeIgniter\CodeIgniter))
#11 D:\laragon\www\kim-bimakota\public\index.php(59): CodeIgniter\Boot::bootWeb(Object(Config\Paths))
#12 D:\laragon\www\kim-bimakota\system\rewrite.php(44): require_once('D:\\laragon\\www\\...')
#13 {main}

Next CodeIgniter\Database\Exceptions\DatabaseException: Unknown database 'kimbimakota' in D:\laragon\www\kim-bimakota\system\Database\MySQLi\Connection.php:246
Stack trace:
#0 D:\laragon\www\kim-bimakota\system\Database\BaseConnection.php(421): CodeIgniter\Database\MySQLi\Connection->connect(false)
#1 D:\laragon\www\kim-bimakota\system\Database\BaseConnection.php(620): CodeIgniter\Database\BaseConnection->initialize()
#2 D:\laragon\www\kim-bimakota\system\Database\BaseBuilder.php(1649): CodeIgniter\Database\BaseConnection->query('SELECT *\nFROM `...', Array, false)
#3 D:\laragon\www\kim-bimakota\app\Models\BeritaModel.php(20): CodeIgniter\Database\BaseBuilder->get()
#4 D:\laragon\www\kim-bimakota\app\Controllers\Berita.php(24): App\Models\BeritaModel->getAll()
#5 D:\laragon\www\kim-bimakota\system\CodeIgniter.php(933): App\Controllers\Berita->index()
#6 D:\laragon\www\kim-bimakota\system\CodeIgniter.php(507): CodeIgniter\CodeIgniter->runController(Object(App\Controllers\Berita))
#7 D:\laragon\www\kim-bimakota\system\CodeIgniter.php(354): CodeIgniter\CodeIgniter->handleRequest(NULL, Object(Config\Cache), false)
#8 D:\laragon\www\kim-bimakota\system\Boot.php(334): CodeIgniter\CodeIgniter->run()
#9 D:\laragon\www\kim-bimakota\system\Boot.php(67): CodeIgniter\Boot::runCodeIgniter(Object(CodeIgniter\CodeIgniter))
#10 D:\laragon\www\kim-bimakota\public\index.php(59): CodeIgniter\Boot::bootWeb(Object(Config\Paths))
#11 D:\laragon\www\kim-bimakota\system\rewrite.php(44): require_once('D:\\laragon\\www\\...')
#12 {main}
CRITICAL - 2025-07-14 03:07:08 --> CodeIgniter\Database\Exceptions\DatabaseException: Unable to connect to the database.
Main connection [MySQLi]: Unknown database 'kimbimakota'
[Method: GET, Route: admin/berita]
in SYSTEMPATH\Database\BaseConnection.php on line 467.
 1 SYSTEMPATH\Database\BaseConnection.php(620): CodeIgniter\Database\BaseConnection->initialize()
 2 SYSTEMPATH\Database\BaseBuilder.php(1649): CodeIgniter\Database\BaseConnection->query('SELECT *
FROM `tbl_news`
JOIN `tbl_news_category` ON `tbl_news_category`.`news_categoryid` = `tbl_news`.`news_categoryid`
JOIN `tbl_user` ON `tbl_user`.`userid` = `tbl_news`.`userid`', [], false)
 3 APPPATH\Models\BeritaModel.php(20): CodeIgniter\Database\BaseBuilder->get()
 4 APPPATH\Controllers\Berita.php(24): App\Models\BeritaModel->getAll()
 5 SYSTEMPATH\CodeIgniter.php(933): App\Controllers\Berita->index()
 6 SYSTEMPATH\CodeIgniter.php(507): CodeIgniter\CodeIgniter->runController(Object(App\Controllers\Berita))
 7 SYSTEMPATH\CodeIgniter.php(354): CodeIgniter\CodeIgniter->handleRequest(null, Object(Config\Cache), false)
 8 SYSTEMPATH\Boot.php(334): CodeIgniter\CodeIgniter->run()
 9 SYSTEMPATH\Boot.php(67): CodeIgniter\Boot::runCodeIgniter(Object(CodeIgniter\CodeIgniter))
10 FCPATH\index.php(59): CodeIgniter\Boot::bootWeb(Object(Config\Paths))
11 SYSTEMPATH\rewrite.php(44): require_once('D:\\laragon\\www\\kim-bimakota\\public\\index.php')
