CRITICAL - 2025-07-03 03:18:20 --> ErrorException: Undefined variable $base_url
[Method: GET, Route: /]
in APPPATH\Views\admin\layout\sidebar.php on line 6.
 1 APPPATH\Views\admin\layout\sidebar.php(6): CodeIgniter\Debug\Exceptions->errorHandler(2, 'Undefined variable $base_url', 'E:\\Xampp\\htdocs\\kim-bimakota\\app\\Views\\admin\\layout\\sidebar.php', 6)
 2 SYSTEMPATH\View\View.php(224): include('E:\\Xampp\\htdocs\\kim-bimakota\\app\\Views\\admin\\layout\\sidebar.php')
 3 SYSTEMPATH\View\View.php(227): CodeIgniter\View\View->CodeIgniter\View\{closure}()
 4 SYSTEMPATH\View\View.php(475): CodeIgniter\View\View->render('admin/layout/sidebar.php', null, true)
 5 APPPATH\Views\admin\layout\template.php(68): CodeIgniter\View\View->include('admin/layout/sidebar.php')
 6 SYSTEMPATH\View\View.php(224): include('E:\\Xampp\\htdocs\\kim-bimakota\\app\\Views\\admin\\layout\\template.php')
 7 SYSTEMPATH\View\View.php(227): CodeIgniter\View\View->CodeIgniter\View\{closure}()
 8 SYSTEMPATH\View\View.php(240): CodeIgniter\View\View->render('admin/layout/template', [], true)
 9 SYSTEMPATH\Common.php(1173): CodeIgniter\View\View->render('admin/home', [], true)
10 APPPATH\Controllers\Home.php(9): view('admin/home')
11 SYSTEMPATH\CodeIgniter.php(933): App\Controllers\Home->index()
12 SYSTEMPATH\CodeIgniter.php(507): CodeIgniter\CodeIgniter->runController(Object(App\Controllers\Home))
13 SYSTEMPATH\CodeIgniter.php(354): CodeIgniter\CodeIgniter->handleRequest(null, Object(Config\Cache), false)
14 SYSTEMPATH\Boot.php(334): CodeIgniter\CodeIgniter->run()
15 SYSTEMPATH\Boot.php(67): CodeIgniter\Boot::runCodeIgniter(Object(CodeIgniter\CodeIgniter))
16 FCPATH\index.php(59): CodeIgniter\Boot::bootWeb(Object(Config\Paths))
17 SYSTEMPATH\rewrite.php(44): require_once('E:\\Xampp\\htdocs\\kim-bimakota\\public\\index.php')
CRITICAL - 2025-07-03 03:18:21 --> ErrorException: Undefined variable $base_url
[Method: GET, Route: /]
in APPPATH\Views\admin\layout\sidebar.php on line 6.
 1 APPPATH\Views\admin\layout\sidebar.php(6): CodeIgniter\Debug\Exceptions->errorHandler(2, 'Undefined variable $base_url', 'E:\\Xampp\\htdocs\\kim-bimakota\\app\\Views\\admin\\layout\\sidebar.php', 6)
 2 SYSTEMPATH\View\View.php(224): include('E:\\Xampp\\htdocs\\kim-bimakota\\app\\Views\\admin\\layout\\sidebar.php')
 3 SYSTEMPATH\View\View.php(227): CodeIgniter\View\View->CodeIgniter\View\{closure}()
 4 SYSTEMPATH\View\View.php(475): CodeIgniter\View\View->render('admin/layout/sidebar.php', null, true)
 5 APPPATH\Views\admin\layout\template.php(68): CodeIgniter\View\View->include('admin/layout/sidebar.php')
 6 SYSTEMPATH\View\View.php(224): include('E:\\Xampp\\htdocs\\kim-bimakota\\app\\Views\\admin\\layout\\template.php')
 7 SYSTEMPATH\View\View.php(227): CodeIgniter\View\View->CodeIgniter\View\{closure}()
 8 SYSTEMPATH\View\View.php(240): CodeIgniter\View\View->render('admin/layout/template', [], true)
 9 SYSTEMPATH\Common.php(1173): CodeIgniter\View\View->render('admin/home', [], true)
10 APPPATH\Controllers\Home.php(9): view('admin/home')
11 SYSTEMPATH\CodeIgniter.php(933): App\Controllers\Home->index()
12 SYSTEMPATH\CodeIgniter.php(507): CodeIgniter\CodeIgniter->runController(Object(App\Controllers\Home))
13 SYSTEMPATH\CodeIgniter.php(354): CodeIgniter\CodeIgniter->handleRequest(null, Object(Config\Cache), false)
14 SYSTEMPATH\Boot.php(334): CodeIgniter\CodeIgniter->run()
15 SYSTEMPATH\Boot.php(67): CodeIgniter\Boot::runCodeIgniter(Object(CodeIgniter\CodeIgniter))
16 FCPATH\index.php(59): CodeIgniter\Boot::bootWeb(Object(Config\Paths))
17 SYSTEMPATH\rewrite.php(44): require_once('E:\\Xampp\\htdocs\\kim-bimakota\\public\\index.php')
CRITICAL - 2025-07-03 03:18:29 --> ErrorException: Undefined variable $base_url
[Method: GET, Route: /]
in APPPATH\Views\admin\layout\sidebar.php on line 6.
 1 APPPATH\Views\admin\layout\sidebar.php(6): CodeIgniter\Debug\Exceptions->errorHandler(2, 'Undefined variable $base_url', 'E:\\Xampp\\htdocs\\kim-bimakota\\app\\Views\\admin\\layout\\sidebar.php', 6)
 2 SYSTEMPATH\View\View.php(224): include('E:\\Xampp\\htdocs\\kim-bimakota\\app\\Views\\admin\\layout\\sidebar.php')
 3 SYSTEMPATH\View\View.php(227): CodeIgniter\View\View->CodeIgniter\View\{closure}()
 4 SYSTEMPATH\View\View.php(475): CodeIgniter\View\View->render('admin/layout/sidebar.php', null, true)
 5 APPPATH\Views\admin\layout\template.php(68): CodeIgniter\View\View->include('admin/layout/sidebar.php')
 6 SYSTEMPATH\View\View.php(224): include('E:\\Xampp\\htdocs\\kim-bimakota\\app\\Views\\admin\\layout\\template.php')
 7 SYSTEMPATH\View\View.php(227): CodeIgniter\View\View->CodeIgniter\View\{closure}()
 8 SYSTEMPATH\View\View.php(240): CodeIgniter\View\View->render('admin/layout/template', [], true)
 9 SYSTEMPATH\Common.php(1173): CodeIgniter\View\View->render('admin/home', [], true)
10 APPPATH\Controllers\Home.php(9): view('admin/home')
11 SYSTEMPATH\CodeIgniter.php(933): App\Controllers\Home->index()
12 SYSTEMPATH\CodeIgniter.php(507): CodeIgniter\CodeIgniter->runController(Object(App\Controllers\Home))
13 SYSTEMPATH\CodeIgniter.php(354): CodeIgniter\CodeIgniter->handleRequest(null, Object(Config\Cache), false)
14 SYSTEMPATH\Boot.php(334): CodeIgniter\CodeIgniter->run()
15 SYSTEMPATH\Boot.php(67): CodeIgniter\Boot::runCodeIgniter(Object(CodeIgniter\CodeIgniter))
16 FCPATH\index.php(59): CodeIgniter\Boot::bootWeb(Object(Config\Paths))
17 SYSTEMPATH\rewrite.php(44): require_once('E:\\Xampp\\htdocs\\kim-bimakota\\public\\index.php')
CRITICAL - 2025-07-03 03:18:41 --> ErrorException: Undefined variable $base_url
[Method: GET, Route: /]
in APPPATH\Views\admin\layout\sidebar.php on line 6.
 1 APPPATH\Views\admin\layout\sidebar.php(6): CodeIgniter\Debug\Exceptions->errorHandler(2, 'Undefined variable $base_url', 'E:\\Xampp\\htdocs\\kim-bimakota\\app\\Views\\admin\\layout\\sidebar.php', 6)
 2 SYSTEMPATH\View\View.php(224): include('E:\\Xampp\\htdocs\\kim-bimakota\\app\\Views\\admin\\layout\\sidebar.php')
 3 SYSTEMPATH\View\View.php(227): CodeIgniter\View\View->CodeIgniter\View\{closure}()
 4 SYSTEMPATH\View\View.php(475): CodeIgniter\View\View->render('admin/layout/sidebar.php', null, true)
 5 APPPATH\Views\admin\layout\template.php(68): CodeIgniter\View\View->include('admin/layout/sidebar.php')
 6 SYSTEMPATH\View\View.php(224): include('E:\\Xampp\\htdocs\\kim-bimakota\\app\\Views\\admin\\layout\\template.php')
 7 SYSTEMPATH\View\View.php(227): CodeIgniter\View\View->CodeIgniter\View\{closure}()
 8 SYSTEMPATH\View\View.php(240): CodeIgniter\View\View->render('admin/layout/template', [], true)
 9 SYSTEMPATH\Common.php(1173): CodeIgniter\View\View->render('admin/home', [], true)
10 APPPATH\Controllers\Home.php(9): view('admin/home')
11 SYSTEMPATH\CodeIgniter.php(933): App\Controllers\Home->index()
12 SYSTEMPATH\CodeIgniter.php(507): CodeIgniter\CodeIgniter->runController(Object(App\Controllers\Home))
13 SYSTEMPATH\CodeIgniter.php(354): CodeIgniter\CodeIgniter->handleRequest(null, Object(Config\Cache), false)
14 SYSTEMPATH\Boot.php(334): CodeIgniter\CodeIgniter->run()
15 SYSTEMPATH\Boot.php(67): CodeIgniter\Boot::runCodeIgniter(Object(CodeIgniter\CodeIgniter))
16 FCPATH\index.php(59): CodeIgniter\Boot::bootWeb(Object(Config\Paths))
17 SYSTEMPATH\rewrite.php(44): require_once('E:\\Xampp\\htdocs\\kim-bimakota\\public\\index.php')
CRITICAL - 2025-07-03 03:18:46 --> ErrorException: Undefined variable $base_url
[Method: GET, Route: /]
in APPPATH\Views\admin\layout\sidebar.php on line 6.
 1 APPPATH\Views\admin\layout\sidebar.php(6): CodeIgniter\Debug\Exceptions->errorHandler(2, 'Undefined variable $base_url', 'E:\\Xampp\\htdocs\\kim-bimakota\\app\\Views\\admin\\layout\\sidebar.php', 6)
 2 SYSTEMPATH\View\View.php(224): include('E:\\Xampp\\htdocs\\kim-bimakota\\app\\Views\\admin\\layout\\sidebar.php')
 3 SYSTEMPATH\View\View.php(227): CodeIgniter\View\View->CodeIgniter\View\{closure}()
 4 SYSTEMPATH\View\View.php(475): CodeIgniter\View\View->render('admin/layout/sidebar.php', null, true)
 5 APPPATH\Views\admin\layout\template.php(68): CodeIgniter\View\View->include('admin/layout/sidebar.php')
 6 SYSTEMPATH\View\View.php(224): include('E:\\Xampp\\htdocs\\kim-bimakota\\app\\Views\\admin\\layout\\template.php')
 7 SYSTEMPATH\View\View.php(227): CodeIgniter\View\View->CodeIgniter\View\{closure}()
 8 SYSTEMPATH\View\View.php(240): CodeIgniter\View\View->render('admin/layout/template', [], true)
 9 SYSTEMPATH\Common.php(1173): CodeIgniter\View\View->render('admin/home', [], true)
10 APPPATH\Controllers\Home.php(9): view('admin/home')
11 SYSTEMPATH\CodeIgniter.php(933): App\Controllers\Home->index()
12 SYSTEMPATH\CodeIgniter.php(507): CodeIgniter\CodeIgniter->runController(Object(App\Controllers\Home))
13 SYSTEMPATH\CodeIgniter.php(354): CodeIgniter\CodeIgniter->handleRequest(null, Object(Config\Cache), false)
14 SYSTEMPATH\Boot.php(334): CodeIgniter\CodeIgniter->run()
15 SYSTEMPATH\Boot.php(67): CodeIgniter\Boot::runCodeIgniter(Object(CodeIgniter\CodeIgniter))
16 FCPATH\index.php(59): CodeIgniter\Boot::bootWeb(Object(Config\Paths))
17 SYSTEMPATH\rewrite.php(44): require_once('E:\\Xampp\\htdocs\\kim-bimakota\\public\\index.php')
CRITICAL - 2025-07-03 03:19:23 --> ErrorException: Undefined variable $base_url
[Method: GET, Route: /]
in APPPATH\Views\admin\layout\sidebar.php on line 6.
 1 APPPATH\Views\admin\layout\sidebar.php(6): CodeIgniter\Debug\Exceptions->errorHandler(2, 'Undefined variable $base_url', 'E:\\Xampp\\htdocs\\kim-bimakota\\app\\Views\\admin\\layout\\sidebar.php', 6)
 2 SYSTEMPATH\View\View.php(224): include('E:\\Xampp\\htdocs\\kim-bimakota\\app\\Views\\admin\\layout\\sidebar.php')
 3 SYSTEMPATH\View\View.php(227): CodeIgniter\View\View->CodeIgniter\View\{closure}()
 4 SYSTEMPATH\View\View.php(475): CodeIgniter\View\View->render('admin/layout/sidebar.php', null, true)
 5 APPPATH\Views\admin\layout\template.php(68): CodeIgniter\View\View->include('admin/layout/sidebar.php')
 6 SYSTEMPATH\View\View.php(224): include('E:\\Xampp\\htdocs\\kim-bimakota\\app\\Views\\admin\\layout\\template.php')
 7 SYSTEMPATH\View\View.php(227): CodeIgniter\View\View->CodeIgniter\View\{closure}()
 8 SYSTEMPATH\View\View.php(240): CodeIgniter\View\View->render('admin/layout/template', [], true)
 9 SYSTEMPATH\Common.php(1173): CodeIgniter\View\View->render('admin/home', [], true)
10 APPPATH\Controllers\Home.php(9): view('admin/home')
11 SYSTEMPATH\CodeIgniter.php(933): App\Controllers\Home->index()
12 SYSTEMPATH\CodeIgniter.php(507): CodeIgniter\CodeIgniter->runController(Object(App\Controllers\Home))
13 SYSTEMPATH\CodeIgniter.php(354): CodeIgniter\CodeIgniter->handleRequest(null, Object(Config\Cache), false)
14 SYSTEMPATH\Boot.php(334): CodeIgniter\CodeIgniter->run()
15 SYSTEMPATH\Boot.php(67): CodeIgniter\Boot::runCodeIgniter(Object(CodeIgniter\CodeIgniter))
16 FCPATH\index.php(59): CodeIgniter\Boot::bootWeb(Object(Config\Paths))
17 SYSTEMPATH\rewrite.php(44): require_once('E:\\Xampp\\htdocs\\kim-bimakota\\public\\index.php')
CRITICAL - 2025-07-03 03:19:31 --> ErrorException: Undefined variable $base_url
[Method: GET, Route: /]
in APPPATH\Views\admin\layout\sidebar.php on line 6.
 1 APPPATH\Views\admin\layout\sidebar.php(6): CodeIgniter\Debug\Exceptions->errorHandler(2, 'Undefined variable $base_url', 'E:\\Xampp\\htdocs\\kim-bimakota\\app\\Views\\admin\\layout\\sidebar.php', 6)
 2 SYSTEMPATH\View\View.php(224): include('E:\\Xampp\\htdocs\\kim-bimakota\\app\\Views\\admin\\layout\\sidebar.php')
 3 SYSTEMPATH\View\View.php(227): CodeIgniter\View\View->CodeIgniter\View\{closure}()
 4 SYSTEMPATH\View\View.php(475): CodeIgniter\View\View->render('admin/layout/sidebar.php', null, true)
 5 APPPATH\Views\admin\layout\template.php(68): CodeIgniter\View\View->include('admin/layout/sidebar.php')
 6 SYSTEMPATH\View\View.php(224): include('E:\\Xampp\\htdocs\\kim-bimakota\\app\\Views\\admin\\layout\\template.php')
 7 SYSTEMPATH\View\View.php(227): CodeIgniter\View\View->CodeIgniter\View\{closure}()
 8 SYSTEMPATH\View\View.php(240): CodeIgniter\View\View->render('admin/layout/template', [], true)
 9 SYSTEMPATH\Common.php(1173): CodeIgniter\View\View->render('admin/home', [], true)
10 APPPATH\Controllers\Home.php(9): view('admin/home')
11 SYSTEMPATH\CodeIgniter.php(933): App\Controllers\Home->index()
12 SYSTEMPATH\CodeIgniter.php(507): CodeIgniter\CodeIgniter->runController(Object(App\Controllers\Home))
13 SYSTEMPATH\CodeIgniter.php(354): CodeIgniter\CodeIgniter->handleRequest(null, Object(Config\Cache), false)
14 SYSTEMPATH\Boot.php(334): CodeIgniter\CodeIgniter->run()
15 SYSTEMPATH\Boot.php(67): CodeIgniter\Boot::runCodeIgniter(Object(CodeIgniter\CodeIgniter))
16 FCPATH\index.php(59): CodeIgniter\Boot::bootWeb(Object(Config\Paths))
17 SYSTEMPATH\rewrite.php(44): require_once('E:\\Xampp\\htdocs\\kim-bimakota\\public\\index.php')
CRITICAL - 2025-07-03 03:20:01 --> ErrorException: Undefined variable $base_url
[Method: GET, Route: /]
in APPPATH\Views\admin\layout\sidebar.php on line 6.
 1 APPPATH\Views\admin\layout\sidebar.php(6): CodeIgniter\Debug\Exceptions->errorHandler(2, 'Undefined variable $base_url', 'E:\\Xampp\\htdocs\\kim-bimakota\\app\\Views\\admin\\layout\\sidebar.php', 6)
 2 SYSTEMPATH\View\View.php(224): include('E:\\Xampp\\htdocs\\kim-bimakota\\app\\Views\\admin\\layout\\sidebar.php')
 3 SYSTEMPATH\View\View.php(227): CodeIgniter\View\View->CodeIgniter\View\{closure}()
 4 SYSTEMPATH\View\View.php(475): CodeIgniter\View\View->render('admin/layout/sidebar.php', null, true)
 5 APPPATH\Views\admin\layout\template.php(68): CodeIgniter\View\View->include('admin/layout/sidebar.php')
 6 SYSTEMPATH\View\View.php(224): include('E:\\Xampp\\htdocs\\kim-bimakota\\app\\Views\\admin\\layout\\template.php')
 7 SYSTEMPATH\View\View.php(227): CodeIgniter\View\View->CodeIgniter\View\{closure}()
 8 SYSTEMPATH\View\View.php(240): CodeIgniter\View\View->render('admin/layout/template', [], true)
 9 SYSTEMPATH\Common.php(1173): CodeIgniter\View\View->render('admin/home', [], true)
10 APPPATH\Controllers\Home.php(9): view('admin/home')
11 SYSTEMPATH\CodeIgniter.php(933): App\Controllers\Home->index()
12 SYSTEMPATH\CodeIgniter.php(507): CodeIgniter\CodeIgniter->runController(Object(App\Controllers\Home))
13 SYSTEMPATH\CodeIgniter.php(354): CodeIgniter\CodeIgniter->handleRequest(null, Object(Config\Cache), false)
14 SYSTEMPATH\Boot.php(334): CodeIgniter\CodeIgniter->run()
15 SYSTEMPATH\Boot.php(67): CodeIgniter\Boot::runCodeIgniter(Object(CodeIgniter\CodeIgniter))
16 FCPATH\index.php(59): CodeIgniter\Boot::bootWeb(Object(Config\Paths))
17 SYSTEMPATH\rewrite.php(44): require_once('E:\\Xampp\\htdocs\\kim-bimakota\\public\\index.php')
CRITICAL - 2025-07-03 03:20:02 --> ErrorException: Undefined variable $base_url
[Method: GET, Route: /]
in APPPATH\Views\admin\layout\sidebar.php on line 6.
 1 APPPATH\Views\admin\layout\sidebar.php(6): CodeIgniter\Debug\Exceptions->errorHandler(2, 'Undefined variable $base_url', 'E:\\Xampp\\htdocs\\kim-bimakota\\app\\Views\\admin\\layout\\sidebar.php', 6)
 2 SYSTEMPATH\View\View.php(224): include('E:\\Xampp\\htdocs\\kim-bimakota\\app\\Views\\admin\\layout\\sidebar.php')
 3 SYSTEMPATH\View\View.php(227): CodeIgniter\View\View->CodeIgniter\View\{closure}()
 4 SYSTEMPATH\View\View.php(475): CodeIgniter\View\View->render('admin/layout/sidebar.php', null, true)
 5 APPPATH\Views\admin\layout\template.php(68): CodeIgniter\View\View->include('admin/layout/sidebar.php')
 6 SYSTEMPATH\View\View.php(224): include('E:\\Xampp\\htdocs\\kim-bimakota\\app\\Views\\admin\\layout\\template.php')
 7 SYSTEMPATH\View\View.php(227): CodeIgniter\View\View->CodeIgniter\View\{closure}()
 8 SYSTEMPATH\View\View.php(240): CodeIgniter\View\View->render('admin/layout/template', [], true)
 9 SYSTEMPATH\Common.php(1173): CodeIgniter\View\View->render('admin/home', [], true)
10 APPPATH\Controllers\Home.php(9): view('admin/home')
11 SYSTEMPATH\CodeIgniter.php(933): App\Controllers\Home->index()
12 SYSTEMPATH\CodeIgniter.php(507): CodeIgniter\CodeIgniter->runController(Object(App\Controllers\Home))
13 SYSTEMPATH\CodeIgniter.php(354): CodeIgniter\CodeIgniter->handleRequest(null, Object(Config\Cache), false)
14 SYSTEMPATH\Boot.php(334): CodeIgniter\CodeIgniter->run()
15 SYSTEMPATH\Boot.php(67): CodeIgniter\Boot::runCodeIgniter(Object(CodeIgniter\CodeIgniter))
16 FCPATH\index.php(59): CodeIgniter\Boot::bootWeb(Object(Config\Paths))
17 SYSTEMPATH\rewrite.php(44): require_once('E:\\Xampp\\htdocs\\kim-bimakota\\public\\index.php')
CRITICAL - 2025-07-03 03:20:31 --> ErrorException: Undefined variable $base_url
[Method: GET, Route: /]
in APPPATH\Views\admin\layout\sidebar.php on line 6.
 1 APPPATH\Views\admin\layout\sidebar.php(6): CodeIgniter\Debug\Exceptions->errorHandler(2, 'Undefined variable $base_url', 'E:\\Xampp\\htdocs\\kim-bimakota\\app\\Views\\admin\\layout\\sidebar.php', 6)
 2 SYSTEMPATH\View\View.php(224): include('E:\\Xampp\\htdocs\\kim-bimakota\\app\\Views\\admin\\layout\\sidebar.php')
 3 SYSTEMPATH\View\View.php(227): CodeIgniter\View\View->CodeIgniter\View\{closure}()
 4 SYSTEMPATH\View\View.php(475): CodeIgniter\View\View->render('admin/layout/sidebar.php', null, true)
 5 APPPATH\Views\admin\layout\template.php(68): CodeIgniter\View\View->include('admin/layout/sidebar.php')
 6 SYSTEMPATH\View\View.php(224): include('E:\\Xampp\\htdocs\\kim-bimakota\\app\\Views\\admin\\layout\\template.php')
 7 SYSTEMPATH\View\View.php(227): CodeIgniter\View\View->CodeIgniter\View\{closure}()
 8 SYSTEMPATH\View\View.php(240): CodeIgniter\View\View->render('admin/layout/template', [], true)
 9 SYSTEMPATH\Common.php(1173): CodeIgniter\View\View->render('admin/home', [], true)
10 APPPATH\Controllers\Home.php(9): view('admin/home')
11 SYSTEMPATH\CodeIgniter.php(933): App\Controllers\Home->index()
12 SYSTEMPATH\CodeIgniter.php(507): CodeIgniter\CodeIgniter->runController(Object(App\Controllers\Home))
13 SYSTEMPATH\CodeIgniter.php(354): CodeIgniter\CodeIgniter->handleRequest(null, Object(Config\Cache), false)
14 SYSTEMPATH\Boot.php(334): CodeIgniter\CodeIgniter->run()
15 SYSTEMPATH\Boot.php(67): CodeIgniter\Boot::runCodeIgniter(Object(CodeIgniter\CodeIgniter))
16 FCPATH\index.php(59): CodeIgniter\Boot::bootWeb(Object(Config\Paths))
17 SYSTEMPATH\rewrite.php(44): require_once('E:\\Xampp\\htdocs\\kim-bimakota\\public\\index.php')
CRITICAL - 2025-07-03 03:22:51 --> ErrorException: Undefined variable $base_url
[Method: GET, Route: /]
in APPPATH\Views\admin\layout\sidebar.php on line 6.
 1 APPPATH\Views\admin\layout\sidebar.php(6): CodeIgniter\Debug\Exceptions->errorHandler(2, 'Undefined variable $base_url', 'E:\\Xampp\\htdocs\\kim-bimakota\\app\\Views\\admin\\layout\\sidebar.php', 6)
 2 SYSTEMPATH\View\View.php(224): include('E:\\Xampp\\htdocs\\kim-bimakota\\app\\Views\\admin\\layout\\sidebar.php')
 3 SYSTEMPATH\View\View.php(227): CodeIgniter\View\View->CodeIgniter\View\{closure}()
 4 SYSTEMPATH\View\View.php(475): CodeIgniter\View\View->render('admin/layout/sidebar.php', null, true)
 5 APPPATH\Views\admin\layout\template.php(68): CodeIgniter\View\View->include('admin/layout/sidebar.php')
 6 SYSTEMPATH\View\View.php(224): include('E:\\Xampp\\htdocs\\kim-bimakota\\app\\Views\\admin\\layout\\template.php')
 7 SYSTEMPATH\View\View.php(227): CodeIgniter\View\View->CodeIgniter\View\{closure}()
 8 SYSTEMPATH\View\View.php(240): CodeIgniter\View\View->render('admin/layout/template', [], true)
 9 SYSTEMPATH\Common.php(1173): CodeIgniter\View\View->render('admin/home', [], true)
10 APPPATH\Controllers\Home.php(9): view('admin/home')
11 SYSTEMPATH\CodeIgniter.php(933): App\Controllers\Home->index()
12 SYSTEMPATH\CodeIgniter.php(507): CodeIgniter\CodeIgniter->runController(Object(App\Controllers\Home))
13 SYSTEMPATH\CodeIgniter.php(354): CodeIgniter\CodeIgniter->handleRequest(null, Object(Config\Cache), false)
14 SYSTEMPATH\Boot.php(334): CodeIgniter\CodeIgniter->run()
15 SYSTEMPATH\Boot.php(67): CodeIgniter\Boot::runCodeIgniter(Object(CodeIgniter\CodeIgniter))
16 FCPATH\index.php(59): CodeIgniter\Boot::bootWeb(Object(Config\Paths))
17 SYSTEMPATH\rewrite.php(44): require_once('E:\\Xampp\\htdocs\\kim-bimakota\\public\\index.php')
CRITICAL - 2025-07-03 03:26:17 --> ErrorException: Undefined variable $base_url
[Method: GET, Route: /]
in APPPATH\Views\admin\layout\sidebar.php on line 6.
 1 APPPATH\Views\admin\layout\sidebar.php(6): CodeIgniter\Debug\Exceptions->errorHandler(2, 'Undefined variable $base_url', 'E:\\Xampp\\htdocs\\kim-bimakota\\app\\Views\\admin\\layout\\sidebar.php', 6)
 2 SYSTEMPATH\View\View.php(224): include('E:\\Xampp\\htdocs\\kim-bimakota\\app\\Views\\admin\\layout\\sidebar.php')
 3 SYSTEMPATH\View\View.php(227): CodeIgniter\View\View->CodeIgniter\View\{closure}()
 4 SYSTEMPATH\View\View.php(475): CodeIgniter\View\View->render('admin/layout/sidebar.php', null, true)
 5 APPPATH\Views\admin\layout\template.php(68): CodeIgniter\View\View->include('admin/layout/sidebar.php')
 6 SYSTEMPATH\View\View.php(224): include('E:\\Xampp\\htdocs\\kim-bimakota\\app\\Views\\admin\\layout\\template.php')
 7 SYSTEMPATH\View\View.php(227): CodeIgniter\View\View->CodeIgniter\View\{closure}()
 8 SYSTEMPATH\View\View.php(240): CodeIgniter\View\View->render('admin/layout/template', [], true)
 9 SYSTEMPATH\Common.php(1173): CodeIgniter\View\View->render('admin/home', [], true)
10 APPPATH\Controllers\Home.php(9): view('admin/home')
11 SYSTEMPATH\CodeIgniter.php(933): App\Controllers\Home->index()
12 SYSTEMPATH\CodeIgniter.php(507): CodeIgniter\CodeIgniter->runController(Object(App\Controllers\Home))
13 SYSTEMPATH\CodeIgniter.php(354): CodeIgniter\CodeIgniter->handleRequest(null, Object(Config\Cache), false)
14 SYSTEMPATH\Boot.php(334): CodeIgniter\CodeIgniter->run()
15 SYSTEMPATH\Boot.php(67): CodeIgniter\Boot::runCodeIgniter(Object(CodeIgniter\CodeIgniter))
16 FCPATH\index.php(59): CodeIgniter\Boot::bootWeb(Object(Config\Paths))
17 SYSTEMPATH\rewrite.php(44): require_once('E:\\Xampp\\htdocs\\kim-bimakota\\public\\index.php')
CRITICAL - 2025-07-03 03:26:45 --> ErrorException: Undefined variable $base_url
[Method: GET, Route: /]
in APPPATH\Views\admin\layout\sidebar.php on line 6.
 1 APPPATH\Views\admin\layout\sidebar.php(6): CodeIgniter\Debug\Exceptions->errorHandler(2, 'Undefined variable $base_url', 'E:\\Xampp\\htdocs\\kim-bimakota\\app\\Views\\admin\\layout\\sidebar.php', 6)
 2 SYSTEMPATH\View\View.php(224): include('E:\\Xampp\\htdocs\\kim-bimakota\\app\\Views\\admin\\layout\\sidebar.php')
 3 SYSTEMPATH\View\View.php(227): CodeIgniter\View\View->CodeIgniter\View\{closure}()
 4 SYSTEMPATH\View\View.php(475): CodeIgniter\View\View->render('admin/layout/sidebar.php', null, true)
 5 APPPATH\Views\admin\layout\template.php(68): CodeIgniter\View\View->include('admin/layout/sidebar.php')
 6 SYSTEMPATH\View\View.php(224): include('E:\\Xampp\\htdocs\\kim-bimakota\\app\\Views\\admin\\layout\\template.php')
 7 SYSTEMPATH\View\View.php(227): CodeIgniter\View\View->CodeIgniter\View\{closure}()
 8 SYSTEMPATH\View\View.php(240): CodeIgniter\View\View->render('admin/layout/template', [], true)
 9 SYSTEMPATH\Common.php(1173): CodeIgniter\View\View->render('admin/home', [], true)
10 APPPATH\Controllers\Home.php(9): view('admin/home')
11 SYSTEMPATH\CodeIgniter.php(933): App\Controllers\Home->index()
12 SYSTEMPATH\CodeIgniter.php(507): CodeIgniter\CodeIgniter->runController(Object(App\Controllers\Home))
13 SYSTEMPATH\CodeIgniter.php(354): CodeIgniter\CodeIgniter->handleRequest(null, Object(Config\Cache), false)
14 SYSTEMPATH\Boot.php(334): CodeIgniter\CodeIgniter->run()
15 SYSTEMPATH\Boot.php(67): CodeIgniter\Boot::runCodeIgniter(Object(CodeIgniter\CodeIgniter))
16 FCPATH\index.php(59): CodeIgniter\Boot::bootWeb(Object(Config\Paths))
17 SYSTEMPATH\rewrite.php(44): require_once('E:\\Xampp\\htdocs\\kim-bimakota\\public\\index.php')
CRITICAL - 2025-07-03 03:26:58 --> ErrorException: Undefined variable $base_url
[Method: GET, Route: berita]
in APPPATH\Views\admin\layout\sidebar.php on line 6.
 1 APPPATH\Views\admin\layout\sidebar.php(6): CodeIgniter\Debug\Exceptions->errorHandler(2, 'Undefined variable $base_url', 'E:\\Xampp\\htdocs\\kim-bimakota\\app\\Views\\admin\\layout\\sidebar.php', 6)
 2 SYSTEMPATH\View\View.php(224): include('E:\\Xampp\\htdocs\\kim-bimakota\\app\\Views\\admin\\layout\\sidebar.php')
 3 SYSTEMPATH\View\View.php(227): CodeIgniter\View\View->CodeIgniter\View\{closure}()
 4 SYSTEMPATH\View\View.php(475): CodeIgniter\View\View->render('admin/layout/sidebar.php', null, true)
 5 APPPATH\Views\admin\layout\template.php(68): CodeIgniter\View\View->include('admin/layout/sidebar.php')
 6 SYSTEMPATH\View\View.php(224): include('E:\\Xampp\\htdocs\\kim-bimakota\\app\\Views\\admin\\layout\\template.php')
 7 SYSTEMPATH\View\View.php(227): CodeIgniter\View\View->CodeIgniter\View\{closure}()
 8 SYSTEMPATH\View\View.php(240): CodeIgniter\View\View->render('admin/layout/template', [], true)
 9 SYSTEMPATH\Common.php(1173): CodeIgniter\View\View->render('admin/berita/lihat_berita', [], true)
10 APPPATH\Controllers\Berita.php(9): view('admin/berita/lihat_berita')
11 SYSTEMPATH\CodeIgniter.php(933): App\Controllers\Berita->index()
12 SYSTEMPATH\CodeIgniter.php(507): CodeIgniter\CodeIgniter->runController(Object(App\Controllers\Berita))
13 SYSTEMPATH\CodeIgniter.php(354): CodeIgniter\CodeIgniter->handleRequest(null, Object(Config\Cache), false)
14 SYSTEMPATH\Boot.php(334): CodeIgniter\CodeIgniter->run()
15 SYSTEMPATH\Boot.php(67): CodeIgniter\Boot::runCodeIgniter(Object(CodeIgniter\CodeIgniter))
16 FCPATH\index.php(59): CodeIgniter\Boot::bootWeb(Object(Config\Paths))
17 SYSTEMPATH\rewrite.php(44): require_once('E:\\Xampp\\htdocs\\kim-bimakota\\public\\index.php')
CRITICAL - 2025-07-03 03:27:48 --> ErrorException: Undefined variable $base_url
[Method: GET, Route: berita]
in APPPATH\Views\admin\layout\sidebar.php on line 6.
 1 APPPATH\Views\admin\layout\sidebar.php(6): CodeIgniter\Debug\Exceptions->errorHandler(2, 'Undefined variable $base_url', 'E:\\Xampp\\htdocs\\kim-bimakota\\app\\Views\\admin\\layout\\sidebar.php', 6)
 2 SYSTEMPATH\View\View.php(224): include('E:\\Xampp\\htdocs\\kim-bimakota\\app\\Views\\admin\\layout\\sidebar.php')
 3 SYSTEMPATH\View\View.php(227): CodeIgniter\View\View->CodeIgniter\View\{closure}()
 4 SYSTEMPATH\View\View.php(475): CodeIgniter\View\View->render('admin/layout/sidebar.php', null, true)
 5 APPPATH\Views\admin\layout\template.php(68): CodeIgniter\View\View->include('admin/layout/sidebar.php')
 6 SYSTEMPATH\View\View.php(224): include('E:\\Xampp\\htdocs\\kim-bimakota\\app\\Views\\admin\\layout\\template.php')
 7 SYSTEMPATH\View\View.php(227): CodeIgniter\View\View->CodeIgniter\View\{closure}()
 8 SYSTEMPATH\View\View.php(240): CodeIgniter\View\View->render('admin/layout/template', [], true)
 9 SYSTEMPATH\Common.php(1173): CodeIgniter\View\View->render('admin/berita/lihat_berita', [], true)
10 APPPATH\Controllers\Berita.php(9): view('admin/berita/lihat_berita')
11 SYSTEMPATH\CodeIgniter.php(933): App\Controllers\Berita->index()
12 SYSTEMPATH\CodeIgniter.php(507): CodeIgniter\CodeIgniter->runController(Object(App\Controllers\Berita))
13 SYSTEMPATH\CodeIgniter.php(354): CodeIgniter\CodeIgniter->handleRequest(null, Object(Config\Cache), false)
14 SYSTEMPATH\Boot.php(334): CodeIgniter\CodeIgniter->run()
15 SYSTEMPATH\Boot.php(67): CodeIgniter\Boot::runCodeIgniter(Object(CodeIgniter\CodeIgniter))
16 FCPATH\index.php(59): CodeIgniter\Boot::bootWeb(Object(Config\Paths))
17 SYSTEMPATH\rewrite.php(44): require_once('E:\\Xampp\\htdocs\\kim-bimakota\\public\\index.php')
CRITICAL - 2025-07-03 03:27:52 --> ErrorException: Undefined variable $base_url
[Method: GET, Route: /]
in APPPATH\Views\admin\layout\sidebar.php on line 6.
 1 APPPATH\Views\admin\layout\sidebar.php(6): CodeIgniter\Debug\Exceptions->errorHandler(2, 'Undefined variable $base_url', 'E:\\Xampp\\htdocs\\kim-bimakota\\app\\Views\\admin\\layout\\sidebar.php', 6)
 2 SYSTEMPATH\View\View.php(224): include('E:\\Xampp\\htdocs\\kim-bimakota\\app\\Views\\admin\\layout\\sidebar.php')
 3 SYSTEMPATH\View\View.php(227): CodeIgniter\View\View->CodeIgniter\View\{closure}()
 4 SYSTEMPATH\View\View.php(475): CodeIgniter\View\View->render('admin/layout/sidebar.php', null, true)
 5 APPPATH\Views\admin\layout\template.php(68): CodeIgniter\View\View->include('admin/layout/sidebar.php')
 6 SYSTEMPATH\View\View.php(224): include('E:\\Xampp\\htdocs\\kim-bimakota\\app\\Views\\admin\\layout\\template.php')
 7 SYSTEMPATH\View\View.php(227): CodeIgniter\View\View->CodeIgniter\View\{closure}()
 8 SYSTEMPATH\View\View.php(240): CodeIgniter\View\View->render('admin/layout/template', [], true)
 9 SYSTEMPATH\Common.php(1173): CodeIgniter\View\View->render('admin/home', [], true)
10 APPPATH\Controllers\Home.php(9): view('admin/home')
11 SYSTEMPATH\CodeIgniter.php(933): App\Controllers\Home->index()
12 SYSTEMPATH\CodeIgniter.php(507): CodeIgniter\CodeIgniter->runController(Object(App\Controllers\Home))
13 SYSTEMPATH\CodeIgniter.php(354): CodeIgniter\CodeIgniter->handleRequest(null, Object(Config\Cache), false)
14 SYSTEMPATH\Boot.php(334): CodeIgniter\CodeIgniter->run()
15 SYSTEMPATH\Boot.php(67): CodeIgniter\Boot::runCodeIgniter(Object(CodeIgniter\CodeIgniter))
16 FCPATH\index.php(59): CodeIgniter\Boot::bootWeb(Object(Config\Paths))
17 SYSTEMPATH\rewrite.php(44): require_once('E:\\Xampp\\htdocs\\kim-bimakota\\public\\index.php')
CRITICAL - 2025-07-03 03:29:37 --> ErrorException: Undefined variable $base_url
[Method: GET, Route: /]
in APPPATH\Views\admin\layout\sidebar.php on line 6.
 1 APPPATH\Views\admin\layout\sidebar.php(6): CodeIgniter\Debug\Exceptions->errorHandler(2, 'Undefined variable $base_url', 'E:\\Xampp\\htdocs\\kim-bimakota\\app\\Views\\admin\\layout\\sidebar.php', 6)
 2 SYSTEMPATH\View\View.php(224): include('E:\\Xampp\\htdocs\\kim-bimakota\\app\\Views\\admin\\layout\\sidebar.php')
 3 SYSTEMPATH\View\View.php(227): CodeIgniter\View\View->CodeIgniter\View\{closure}()
 4 SYSTEMPATH\View\View.php(475): CodeIgniter\View\View->render('admin/layout/sidebar.php', null, true)
 5 APPPATH\Views\admin\layout\template.php(68): CodeIgniter\View\View->include('admin/layout/sidebar.php')
 6 SYSTEMPATH\View\View.php(224): include('E:\\Xampp\\htdocs\\kim-bimakota\\app\\Views\\admin\\layout\\template.php')
 7 SYSTEMPATH\View\View.php(227): CodeIgniter\View\View->CodeIgniter\View\{closure}()
 8 SYSTEMPATH\View\View.php(240): CodeIgniter\View\View->render('admin/layout/template', [], true)
 9 SYSTEMPATH\Common.php(1173): CodeIgniter\View\View->render('admin/home', [], true)
10 APPPATH\Controllers\Home.php(9): view('admin/home')
11 SYSTEMPATH\CodeIgniter.php(933): App\Controllers\Home->index()
12 SYSTEMPATH\CodeIgniter.php(507): CodeIgniter\CodeIgniter->runController(Object(App\Controllers\Home))
13 SYSTEMPATH\CodeIgniter.php(354): CodeIgniter\CodeIgniter->handleRequest(null, Object(Config\Cache), false)
14 SYSTEMPATH\Boot.php(334): CodeIgniter\CodeIgniter->run()
15 SYSTEMPATH\Boot.php(67): CodeIgniter\Boot::runCodeIgniter(Object(CodeIgniter\CodeIgniter))
16 FCPATH\index.php(59): CodeIgniter\Boot::bootWeb(Object(Config\Paths))
17 SYSTEMPATH\rewrite.php(44): require_once('E:\\Xampp\\htdocs\\kim-bimakota\\public\\index.php')
CRITICAL - 2025-07-03 03:30:55 --> ErrorException: Undefined variable $base_url
[Method: GET, Route: /]
in APPPATH\Views\admin\layout\sidebar.php on line 6.
 1 APPPATH\Views\admin\layout\sidebar.php(6): CodeIgniter\Debug\Exceptions->errorHandler(2, 'Undefined variable $base_url', 'E:\\Xampp\\htdocs\\kim-bimakota\\app\\Views\\admin\\layout\\sidebar.php', 6)
 2 SYSTEMPATH\View\View.php(224): include('E:\\Xampp\\htdocs\\kim-bimakota\\app\\Views\\admin\\layout\\sidebar.php')
 3 SYSTEMPATH\View\View.php(227): CodeIgniter\View\View->CodeIgniter\View\{closure}()
 4 SYSTEMPATH\View\View.php(475): CodeIgniter\View\View->render('admin/layout/sidebar.php', null, true)
 5 APPPATH\Views\admin\layout\template.php(68): CodeIgniter\View\View->include('admin/layout/sidebar.php')
 6 SYSTEMPATH\View\View.php(224): include('E:\\Xampp\\htdocs\\kim-bimakota\\app\\Views\\admin\\layout\\template.php')
 7 SYSTEMPATH\View\View.php(227): CodeIgniter\View\View->CodeIgniter\View\{closure}()
 8 SYSTEMPATH\View\View.php(240): CodeIgniter\View\View->render('admin/layout/template', [], true)
 9 SYSTEMPATH\Common.php(1173): CodeIgniter\View\View->render('admin/home', [], true)
10 APPPATH\Controllers\Home.php(9): view('admin/home')
11 SYSTEMPATH\CodeIgniter.php(933): App\Controllers\Home->index()
12 SYSTEMPATH\CodeIgniter.php(507): CodeIgniter\CodeIgniter->runController(Object(App\Controllers\Home))
13 SYSTEMPATH\CodeIgniter.php(354): CodeIgniter\CodeIgniter->handleRequest(null, Object(Config\Cache), false)
14 SYSTEMPATH\Boot.php(334): CodeIgniter\CodeIgniter->run()
15 SYSTEMPATH\Boot.php(67): CodeIgniter\Boot::runCodeIgniter(Object(CodeIgniter\CodeIgniter))
16 FCPATH\index.php(59): CodeIgniter\Boot::bootWeb(Object(Config\Paths))
17 SYSTEMPATH\rewrite.php(44): require_once('E:\\Xampp\\htdocs\\kim-bimakota\\public\\index.php')
CRITICAL - 2025-07-03 03:31:01 --> ErrorException: Undefined variable $base_url
[Method: GET, Route: /]
in APPPATH\Views\admin\layout\sidebar.php on line 6.
 1 APPPATH\Views\admin\layout\sidebar.php(6): CodeIgniter\Debug\Exceptions->errorHandler(2, 'Undefined variable $base_url', 'E:\\Xampp\\htdocs\\kim-bimakota\\app\\Views\\admin\\layout\\sidebar.php', 6)
 2 SYSTEMPATH\View\View.php(224): include('E:\\Xampp\\htdocs\\kim-bimakota\\app\\Views\\admin\\layout\\sidebar.php')
 3 SYSTEMPATH\View\View.php(227): CodeIgniter\View\View->CodeIgniter\View\{closure}()
 4 SYSTEMPATH\View\View.php(475): CodeIgniter\View\View->render('admin/layout/sidebar.php', null, true)
 5 APPPATH\Views\admin\layout\template.php(68): CodeIgniter\View\View->include('admin/layout/sidebar.php')
 6 SYSTEMPATH\View\View.php(224): include('E:\\Xampp\\htdocs\\kim-bimakota\\app\\Views\\admin\\layout\\template.php')
 7 SYSTEMPATH\View\View.php(227): CodeIgniter\View\View->CodeIgniter\View\{closure}()
 8 SYSTEMPATH\View\View.php(240): CodeIgniter\View\View->render('admin/layout/template', [], true)
 9 SYSTEMPATH\Common.php(1173): CodeIgniter\View\View->render('admin/home', [], true)
10 APPPATH\Controllers\Home.php(9): view('admin/home')
11 SYSTEMPATH\CodeIgniter.php(933): App\Controllers\Home->index()
12 SYSTEMPATH\CodeIgniter.php(507): CodeIgniter\CodeIgniter->runController(Object(App\Controllers\Home))
13 SYSTEMPATH\CodeIgniter.php(354): CodeIgniter\CodeIgniter->handleRequest(null, Object(Config\Cache), false)
14 SYSTEMPATH\Boot.php(334): CodeIgniter\CodeIgniter->run()
15 SYSTEMPATH\Boot.php(67): CodeIgniter\Boot::runCodeIgniter(Object(CodeIgniter\CodeIgniter))
16 FCPATH\index.php(59): CodeIgniter\Boot::bootWeb(Object(Config\Paths))
17 SYSTEMPATH\rewrite.php(44): require_once('E:\\Xampp\\htdocs\\kim-bimakota\\public\\index.php')
CRITICAL - 2025-07-03 03:31:02 --> ErrorException: Undefined variable $base_url
[Method: GET, Route: /]
in APPPATH\Views\admin\layout\sidebar.php on line 6.
 1 APPPATH\Views\admin\layout\sidebar.php(6): CodeIgniter\Debug\Exceptions->errorHandler(2, 'Undefined variable $base_url', 'E:\\Xampp\\htdocs\\kim-bimakota\\app\\Views\\admin\\layout\\sidebar.php', 6)
 2 SYSTEMPATH\View\View.php(224): include('E:\\Xampp\\htdocs\\kim-bimakota\\app\\Views\\admin\\layout\\sidebar.php')
 3 SYSTEMPATH\View\View.php(227): CodeIgniter\View\View->CodeIgniter\View\{closure}()
 4 SYSTEMPATH\View\View.php(475): CodeIgniter\View\View->render('admin/layout/sidebar.php', null, true)
 5 APPPATH\Views\admin\layout\template.php(68): CodeIgniter\View\View->include('admin/layout/sidebar.php')
 6 SYSTEMPATH\View\View.php(224): include('E:\\Xampp\\htdocs\\kim-bimakota\\app\\Views\\admin\\layout\\template.php')
 7 SYSTEMPATH\View\View.php(227): CodeIgniter\View\View->CodeIgniter\View\{closure}()
 8 SYSTEMPATH\View\View.php(240): CodeIgniter\View\View->render('admin/layout/template', [], true)
 9 SYSTEMPATH\Common.php(1173): CodeIgniter\View\View->render('admin/home', [], true)
10 APPPATH\Controllers\Home.php(9): view('admin/home')
11 SYSTEMPATH\CodeIgniter.php(933): App\Controllers\Home->index()
12 SYSTEMPATH\CodeIgniter.php(507): CodeIgniter\CodeIgniter->runController(Object(App\Controllers\Home))
13 SYSTEMPATH\CodeIgniter.php(354): CodeIgniter\CodeIgniter->handleRequest(null, Object(Config\Cache), false)
14 SYSTEMPATH\Boot.php(334): CodeIgniter\CodeIgniter->run()
15 SYSTEMPATH\Boot.php(67): CodeIgniter\Boot::runCodeIgniter(Object(CodeIgniter\CodeIgniter))
16 FCPATH\index.php(59): CodeIgniter\Boot::bootWeb(Object(Config\Paths))
17 SYSTEMPATH\rewrite.php(44): require_once('E:\\Xampp\\htdocs\\kim-bimakota\\public\\index.php')
CRITICAL - 2025-07-03 03:31:02 --> ErrorException: Undefined variable $base_url
[Method: GET, Route: /]
in APPPATH\Views\admin\layout\sidebar.php on line 6.
 1 APPPATH\Views\admin\layout\sidebar.php(6): CodeIgniter\Debug\Exceptions->errorHandler(2, 'Undefined variable $base_url', 'E:\\Xampp\\htdocs\\kim-bimakota\\app\\Views\\admin\\layout\\sidebar.php', 6)
 2 SYSTEMPATH\View\View.php(224): include('E:\\Xampp\\htdocs\\kim-bimakota\\app\\Views\\admin\\layout\\sidebar.php')
 3 SYSTEMPATH\View\View.php(227): CodeIgniter\View\View->CodeIgniter\View\{closure}()
 4 SYSTEMPATH\View\View.php(475): CodeIgniter\View\View->render('admin/layout/sidebar.php', null, true)
 5 APPPATH\Views\admin\layout\template.php(68): CodeIgniter\View\View->include('admin/layout/sidebar.php')
 6 SYSTEMPATH\View\View.php(224): include('E:\\Xampp\\htdocs\\kim-bimakota\\app\\Views\\admin\\layout\\template.php')
 7 SYSTEMPATH\View\View.php(227): CodeIgniter\View\View->CodeIgniter\View\{closure}()
 8 SYSTEMPATH\View\View.php(240): CodeIgniter\View\View->render('admin/layout/template', [], true)
 9 SYSTEMPATH\Common.php(1173): CodeIgniter\View\View->render('admin/home', [], true)
10 APPPATH\Controllers\Home.php(9): view('admin/home')
11 SYSTEMPATH\CodeIgniter.php(933): App\Controllers\Home->index()
12 SYSTEMPATH\CodeIgniter.php(507): CodeIgniter\CodeIgniter->runController(Object(App\Controllers\Home))
13 SYSTEMPATH\CodeIgniter.php(354): CodeIgniter\CodeIgniter->handleRequest(null, Object(Config\Cache), false)
14 SYSTEMPATH\Boot.php(334): CodeIgniter\CodeIgniter->run()
15 SYSTEMPATH\Boot.php(67): CodeIgniter\Boot::runCodeIgniter(Object(CodeIgniter\CodeIgniter))
16 FCPATH\index.php(59): CodeIgniter\Boot::bootWeb(Object(Config\Paths))
17 SYSTEMPATH\rewrite.php(44): require_once('E:\\Xampp\\htdocs\\kim-bimakota\\public\\index.php')
CRITICAL - 2025-07-03 03:31:03 --> ErrorException: Undefined variable $base_url
[Method: GET, Route: /]
in APPPATH\Views\admin\layout\sidebar.php on line 6.
 1 APPPATH\Views\admin\layout\sidebar.php(6): CodeIgniter\Debug\Exceptions->errorHandler(2, 'Undefined variable $base_url', 'E:\\Xampp\\htdocs\\kim-bimakota\\app\\Views\\admin\\layout\\sidebar.php', 6)
 2 SYSTEMPATH\View\View.php(224): include('E:\\Xampp\\htdocs\\kim-bimakota\\app\\Views\\admin\\layout\\sidebar.php')
 3 SYSTEMPATH\View\View.php(227): CodeIgniter\View\View->CodeIgniter\View\{closure}()
 4 SYSTEMPATH\View\View.php(475): CodeIgniter\View\View->render('admin/layout/sidebar.php', null, true)
 5 APPPATH\Views\admin\layout\template.php(68): CodeIgniter\View\View->include('admin/layout/sidebar.php')
 6 SYSTEMPATH\View\View.php(224): include('E:\\Xampp\\htdocs\\kim-bimakota\\app\\Views\\admin\\layout\\template.php')
 7 SYSTEMPATH\View\View.php(227): CodeIgniter\View\View->CodeIgniter\View\{closure}()
 8 SYSTEMPATH\View\View.php(240): CodeIgniter\View\View->render('admin/layout/template', [], true)
 9 SYSTEMPATH\Common.php(1173): CodeIgniter\View\View->render('admin/home', [], true)
10 APPPATH\Controllers\Home.php(9): view('admin/home')
11 SYSTEMPATH\CodeIgniter.php(933): App\Controllers\Home->index()
12 SYSTEMPATH\CodeIgniter.php(507): CodeIgniter\CodeIgniter->runController(Object(App\Controllers\Home))
13 SYSTEMPATH\CodeIgniter.php(354): CodeIgniter\CodeIgniter->handleRequest(null, Object(Config\Cache), false)
14 SYSTEMPATH\Boot.php(334): CodeIgniter\CodeIgniter->run()
15 SYSTEMPATH\Boot.php(67): CodeIgniter\Boot::runCodeIgniter(Object(CodeIgniter\CodeIgniter))
16 FCPATH\index.php(59): CodeIgniter\Boot::bootWeb(Object(Config\Paths))
17 SYSTEMPATH\rewrite.php(44): require_once('E:\\Xampp\\htdocs\\kim-bimakota\\public\\index.php')
CRITICAL - 2025-07-03 03:31:03 --> ErrorException: Undefined variable $base_url
[Method: GET, Route: /]
in APPPATH\Views\admin\layout\sidebar.php on line 6.
 1 APPPATH\Views\admin\layout\sidebar.php(6): CodeIgniter\Debug\Exceptions->errorHandler(2, 'Undefined variable $base_url', 'E:\\Xampp\\htdocs\\kim-bimakota\\app\\Views\\admin\\layout\\sidebar.php', 6)
 2 SYSTEMPATH\View\View.php(224): include('E:\\Xampp\\htdocs\\kim-bimakota\\app\\Views\\admin\\layout\\sidebar.php')
 3 SYSTEMPATH\View\View.php(227): CodeIgniter\View\View->CodeIgniter\View\{closure}()
 4 SYSTEMPATH\View\View.php(475): CodeIgniter\View\View->render('admin/layout/sidebar.php', null, true)
 5 APPPATH\Views\admin\layout\template.php(68): CodeIgniter\View\View->include('admin/layout/sidebar.php')
 6 SYSTEMPATH\View\View.php(224): include('E:\\Xampp\\htdocs\\kim-bimakota\\app\\Views\\admin\\layout\\template.php')
 7 SYSTEMPATH\View\View.php(227): CodeIgniter\View\View->CodeIgniter\View\{closure}()
 8 SYSTEMPATH\View\View.php(240): CodeIgniter\View\View->render('admin/layout/template', [], true)
 9 SYSTEMPATH\Common.php(1173): CodeIgniter\View\View->render('admin/home', [], true)
10 APPPATH\Controllers\Home.php(9): view('admin/home')
11 SYSTEMPATH\CodeIgniter.php(933): App\Controllers\Home->index()
12 SYSTEMPATH\CodeIgniter.php(507): CodeIgniter\CodeIgniter->runController(Object(App\Controllers\Home))
13 SYSTEMPATH\CodeIgniter.php(354): CodeIgniter\CodeIgniter->handleRequest(null, Object(Config\Cache), false)
14 SYSTEMPATH\Boot.php(334): CodeIgniter\CodeIgniter->run()
15 SYSTEMPATH\Boot.php(67): CodeIgniter\Boot::runCodeIgniter(Object(CodeIgniter\CodeIgniter))
16 FCPATH\index.php(59): CodeIgniter\Boot::bootWeb(Object(Config\Paths))
17 SYSTEMPATH\rewrite.php(44): require_once('E:\\Xampp\\htdocs\\kim-bimakota\\public\\index.php')
CRITICAL - 2025-07-03 03:31:03 --> ErrorException: Undefined variable $base_url
[Method: GET, Route: /]
in APPPATH\Views\admin\layout\sidebar.php on line 6.
 1 APPPATH\Views\admin\layout\sidebar.php(6): CodeIgniter\Debug\Exceptions->errorHandler(2, 'Undefined variable $base_url', 'E:\\Xampp\\htdocs\\kim-bimakota\\app\\Views\\admin\\layout\\sidebar.php', 6)
 2 SYSTEMPATH\View\View.php(224): include('E:\\Xampp\\htdocs\\kim-bimakota\\app\\Views\\admin\\layout\\sidebar.php')
 3 SYSTEMPATH\View\View.php(227): CodeIgniter\View\View->CodeIgniter\View\{closure}()
 4 SYSTEMPATH\View\View.php(475): CodeIgniter\View\View->render('admin/layout/sidebar.php', null, true)
 5 APPPATH\Views\admin\layout\template.php(68): CodeIgniter\View\View->include('admin/layout/sidebar.php')
 6 SYSTEMPATH\View\View.php(224): include('E:\\Xampp\\htdocs\\kim-bimakota\\app\\Views\\admin\\layout\\template.php')
 7 SYSTEMPATH\View\View.php(227): CodeIgniter\View\View->CodeIgniter\View\{closure}()
 8 SYSTEMPATH\View\View.php(240): CodeIgniter\View\View->render('admin/layout/template', [], true)
 9 SYSTEMPATH\Common.php(1173): CodeIgniter\View\View->render('admin/home', [], true)
10 APPPATH\Controllers\Home.php(9): view('admin/home')
11 SYSTEMPATH\CodeIgniter.php(933): App\Controllers\Home->index()
12 SYSTEMPATH\CodeIgniter.php(507): CodeIgniter\CodeIgniter->runController(Object(App\Controllers\Home))
13 SYSTEMPATH\CodeIgniter.php(354): CodeIgniter\CodeIgniter->handleRequest(null, Object(Config\Cache), false)
14 SYSTEMPATH\Boot.php(334): CodeIgniter\CodeIgniter->run()
15 SYSTEMPATH\Boot.php(67): CodeIgniter\Boot::runCodeIgniter(Object(CodeIgniter\CodeIgniter))
16 FCPATH\index.php(59): CodeIgniter\Boot::bootWeb(Object(Config\Paths))
17 SYSTEMPATH\rewrite.php(44): require_once('E:\\Xampp\\htdocs\\kim-bimakota\\public\\index.php')
CRITICAL - 2025-07-03 03:31:03 --> ErrorException: Undefined variable $base_url
[Method: GET, Route: /]
in APPPATH\Views\admin\layout\sidebar.php on line 6.
 1 APPPATH\Views\admin\layout\sidebar.php(6): CodeIgniter\Debug\Exceptions->errorHandler(2, 'Undefined variable $base_url', 'E:\\Xampp\\htdocs\\kim-bimakota\\app\\Views\\admin\\layout\\sidebar.php', 6)
 2 SYSTEMPATH\View\View.php(224): include('E:\\Xampp\\htdocs\\kim-bimakota\\app\\Views\\admin\\layout\\sidebar.php')
 3 SYSTEMPATH\View\View.php(227): CodeIgniter\View\View->CodeIgniter\View\{closure}()
 4 SYSTEMPATH\View\View.php(475): CodeIgniter\View\View->render('admin/layout/sidebar.php', null, true)
 5 APPPATH\Views\admin\layout\template.php(68): CodeIgniter\View\View->include('admin/layout/sidebar.php')
 6 SYSTEMPATH\View\View.php(224): include('E:\\Xampp\\htdocs\\kim-bimakota\\app\\Views\\admin\\layout\\template.php')
 7 SYSTEMPATH\View\View.php(227): CodeIgniter\View\View->CodeIgniter\View\{closure}()
 8 SYSTEMPATH\View\View.php(240): CodeIgniter\View\View->render('admin/layout/template', [], true)
 9 SYSTEMPATH\Common.php(1173): CodeIgniter\View\View->render('admin/home', [], true)
10 APPPATH\Controllers\Home.php(9): view('admin/home')
11 SYSTEMPATH\CodeIgniter.php(933): App\Controllers\Home->index()
12 SYSTEMPATH\CodeIgniter.php(507): CodeIgniter\CodeIgniter->runController(Object(App\Controllers\Home))
13 SYSTEMPATH\CodeIgniter.php(354): CodeIgniter\CodeIgniter->handleRequest(null, Object(Config\Cache), false)
14 SYSTEMPATH\Boot.php(334): CodeIgniter\CodeIgniter->run()
15 SYSTEMPATH\Boot.php(67): CodeIgniter\Boot::runCodeIgniter(Object(CodeIgniter\CodeIgniter))
16 FCPATH\index.php(59): CodeIgniter\Boot::bootWeb(Object(Config\Paths))
17 SYSTEMPATH\rewrite.php(44): require_once('E:\\Xampp\\htdocs\\kim-bimakota\\public\\index.php')
CRITICAL - 2025-07-03 03:31:03 --> ErrorException: Undefined variable $base_url
[Method: GET, Route: /]
in APPPATH\Views\admin\layout\sidebar.php on line 6.
 1 APPPATH\Views\admin\layout\sidebar.php(6): CodeIgniter\Debug\Exceptions->errorHandler(2, 'Undefined variable $base_url', 'E:\\Xampp\\htdocs\\kim-bimakota\\app\\Views\\admin\\layout\\sidebar.php', 6)
 2 SYSTEMPATH\View\View.php(224): include('E:\\Xampp\\htdocs\\kim-bimakota\\app\\Views\\admin\\layout\\sidebar.php')
 3 SYSTEMPATH\View\View.php(227): CodeIgniter\View\View->CodeIgniter\View\{closure}()
 4 SYSTEMPATH\View\View.php(475): CodeIgniter\View\View->render('admin/layout/sidebar.php', null, true)
 5 APPPATH\Views\admin\layout\template.php(68): CodeIgniter\View\View->include('admin/layout/sidebar.php')
 6 SYSTEMPATH\View\View.php(224): include('E:\\Xampp\\htdocs\\kim-bimakota\\app\\Views\\admin\\layout\\template.php')
 7 SYSTEMPATH\View\View.php(227): CodeIgniter\View\View->CodeIgniter\View\{closure}()
 8 SYSTEMPATH\View\View.php(240): CodeIgniter\View\View->render('admin/layout/template', [], true)
 9 SYSTEMPATH\Common.php(1173): CodeIgniter\View\View->render('admin/home', [], true)
10 APPPATH\Controllers\Home.php(9): view('admin/home')
11 SYSTEMPATH\CodeIgniter.php(933): App\Controllers\Home->index()
12 SYSTEMPATH\CodeIgniter.php(507): CodeIgniter\CodeIgniter->runController(Object(App\Controllers\Home))
13 SYSTEMPATH\CodeIgniter.php(354): CodeIgniter\CodeIgniter->handleRequest(null, Object(Config\Cache), false)
14 SYSTEMPATH\Boot.php(334): CodeIgniter\CodeIgniter->run()
15 SYSTEMPATH\Boot.php(67): CodeIgniter\Boot::runCodeIgniter(Object(CodeIgniter\CodeIgniter))
16 FCPATH\index.php(59): CodeIgniter\Boot::bootWeb(Object(Config\Paths))
17 SYSTEMPATH\rewrite.php(44): require_once('E:\\Xampp\\htdocs\\kim-bimakota\\public\\index.php')
CRITICAL - 2025-07-03 03:31:04 --> ErrorException: Undefined variable $base_url
[Method: GET, Route: /]
in APPPATH\Views\admin\layout\sidebar.php on line 6.
 1 APPPATH\Views\admin\layout\sidebar.php(6): CodeIgniter\Debug\Exceptions->errorHandler(2, 'Undefined variable $base_url', 'E:\\Xampp\\htdocs\\kim-bimakota\\app\\Views\\admin\\layout\\sidebar.php', 6)
 2 SYSTEMPATH\View\View.php(224): include('E:\\Xampp\\htdocs\\kim-bimakota\\app\\Views\\admin\\layout\\sidebar.php')
 3 SYSTEMPATH\View\View.php(227): CodeIgniter\View\View->CodeIgniter\View\{closure}()
 4 SYSTEMPATH\View\View.php(475): CodeIgniter\View\View->render('admin/layout/sidebar.php', null, true)
 5 APPPATH\Views\admin\layout\template.php(68): CodeIgniter\View\View->include('admin/layout/sidebar.php')
 6 SYSTEMPATH\View\View.php(224): include('E:\\Xampp\\htdocs\\kim-bimakota\\app\\Views\\admin\\layout\\template.php')
 7 SYSTEMPATH\View\View.php(227): CodeIgniter\View\View->CodeIgniter\View\{closure}()
 8 SYSTEMPATH\View\View.php(240): CodeIgniter\View\View->render('admin/layout/template', [], true)
 9 SYSTEMPATH\Common.php(1173): CodeIgniter\View\View->render('admin/home', [], true)
10 APPPATH\Controllers\Home.php(9): view('admin/home')
11 SYSTEMPATH\CodeIgniter.php(933): App\Controllers\Home->index()
12 SYSTEMPATH\CodeIgniter.php(507): CodeIgniter\CodeIgniter->runController(Object(App\Controllers\Home))
13 SYSTEMPATH\CodeIgniter.php(354): CodeIgniter\CodeIgniter->handleRequest(null, Object(Config\Cache), false)
14 SYSTEMPATH\Boot.php(334): CodeIgniter\CodeIgniter->run()
15 SYSTEMPATH\Boot.php(67): CodeIgniter\Boot::runCodeIgniter(Object(CodeIgniter\CodeIgniter))
16 FCPATH\index.php(59): CodeIgniter\Boot::bootWeb(Object(Config\Paths))
17 SYSTEMPATH\rewrite.php(44): require_once('E:\\Xampp\\htdocs\\kim-bimakota\\public\\index.php')
CRITICAL - 2025-07-03 03:31:04 --> ErrorException: Undefined variable $base_url
[Method: GET, Route: /]
in APPPATH\Views\admin\layout\sidebar.php on line 6.
 1 APPPATH\Views\admin\layout\sidebar.php(6): CodeIgniter\Debug\Exceptions->errorHandler(2, 'Undefined variable $base_url', 'E:\\Xampp\\htdocs\\kim-bimakota\\app\\Views\\admin\\layout\\sidebar.php', 6)
 2 SYSTEMPATH\View\View.php(224): include('E:\\Xampp\\htdocs\\kim-bimakota\\app\\Views\\admin\\layout\\sidebar.php')
 3 SYSTEMPATH\View\View.php(227): CodeIgniter\View\View->CodeIgniter\View\{closure}()
 4 SYSTEMPATH\View\View.php(475): CodeIgniter\View\View->render('admin/layout/sidebar.php', null, true)
 5 APPPATH\Views\admin\layout\template.php(68): CodeIgniter\View\View->include('admin/layout/sidebar.php')
 6 SYSTEMPATH\View\View.php(224): include('E:\\Xampp\\htdocs\\kim-bimakota\\app\\Views\\admin\\layout\\template.php')
 7 SYSTEMPATH\View\View.php(227): CodeIgniter\View\View->CodeIgniter\View\{closure}()
 8 SYSTEMPATH\View\View.php(240): CodeIgniter\View\View->render('admin/layout/template', [], true)
 9 SYSTEMPATH\Common.php(1173): CodeIgniter\View\View->render('admin/home', [], true)
10 APPPATH\Controllers\Home.php(9): view('admin/home')
11 SYSTEMPATH\CodeIgniter.php(933): App\Controllers\Home->index()
12 SYSTEMPATH\CodeIgniter.php(507): CodeIgniter\CodeIgniter->runController(Object(App\Controllers\Home))
13 SYSTEMPATH\CodeIgniter.php(354): CodeIgniter\CodeIgniter->handleRequest(null, Object(Config\Cache), false)
14 SYSTEMPATH\Boot.php(334): CodeIgniter\CodeIgniter->run()
15 SYSTEMPATH\Boot.php(67): CodeIgniter\Boot::runCodeIgniter(Object(CodeIgniter\CodeIgniter))
16 FCPATH\index.php(59): CodeIgniter\Boot::bootWeb(Object(Config\Paths))
17 SYSTEMPATH\rewrite.php(44): require_once('E:\\Xampp\\htdocs\\kim-bimakota\\public\\index.php')
CRITICAL - 2025-07-03 03:31:04 --> ErrorException: Undefined variable $base_url
[Method: GET, Route: /]
in APPPATH\Views\admin\layout\sidebar.php on line 6.
 1 APPPATH\Views\admin\layout\sidebar.php(6): CodeIgniter\Debug\Exceptions->errorHandler(2, 'Undefined variable $base_url', 'E:\\Xampp\\htdocs\\kim-bimakota\\app\\Views\\admin\\layout\\sidebar.php', 6)
 2 SYSTEMPATH\View\View.php(224): include('E:\\Xampp\\htdocs\\kim-bimakota\\app\\Views\\admin\\layout\\sidebar.php')
 3 SYSTEMPATH\View\View.php(227): CodeIgniter\View\View->CodeIgniter\View\{closure}()
 4 SYSTEMPATH\View\View.php(475): CodeIgniter\View\View->render('admin/layout/sidebar.php', null, true)
 5 APPPATH\Views\admin\layout\template.php(68): CodeIgniter\View\View->include('admin/layout/sidebar.php')
 6 SYSTEMPATH\View\View.php(224): include('E:\\Xampp\\htdocs\\kim-bimakota\\app\\Views\\admin\\layout\\template.php')
 7 SYSTEMPATH\View\View.php(227): CodeIgniter\View\View->CodeIgniter\View\{closure}()
 8 SYSTEMPATH\View\View.php(240): CodeIgniter\View\View->render('admin/layout/template', [], true)
 9 SYSTEMPATH\Common.php(1173): CodeIgniter\View\View->render('admin/home', [], true)
10 APPPATH\Controllers\Home.php(9): view('admin/home')
11 SYSTEMPATH\CodeIgniter.php(933): App\Controllers\Home->index()
12 SYSTEMPATH\CodeIgniter.php(507): CodeIgniter\CodeIgniter->runController(Object(App\Controllers\Home))
13 SYSTEMPATH\CodeIgniter.php(354): CodeIgniter\CodeIgniter->handleRequest(null, Object(Config\Cache), false)
14 SYSTEMPATH\Boot.php(334): CodeIgniter\CodeIgniter->run()
15 SYSTEMPATH\Boot.php(67): CodeIgniter\Boot::runCodeIgniter(Object(CodeIgniter\CodeIgniter))
16 FCPATH\index.php(59): CodeIgniter\Boot::bootWeb(Object(Config\Paths))
17 SYSTEMPATH\rewrite.php(44): require_once('E:\\Xampp\\htdocs\\kim-bimakota\\public\\index.php')
CRITICAL - 2025-07-03 03:37:49 --> ErrorException: Undefined variable $base_url
[Method: GET, Route: /]
in APPPATH\Views\admin\layout\sidebar.php on line 6.
 1 APPPATH\Views\admin\layout\sidebar.php(6): CodeIgniter\Debug\Exceptions->errorHandler(2, 'Undefined variable $base_url', 'E:\\Xampp\\htdocs\\kim-bimakota\\app\\Views\\admin\\layout\\sidebar.php', 6)
 2 SYSTEMPATH\View\View.php(224): include('E:\\Xampp\\htdocs\\kim-bimakota\\app\\Views\\admin\\layout\\sidebar.php')
 3 SYSTEMPATH\View\View.php(227): CodeIgniter\View\View->CodeIgniter\View\{closure}()
 4 SYSTEMPATH\View\View.php(475): CodeIgniter\View\View->render('admin/layout/sidebar.php', null, true)
 5 APPPATH\Views\admin\layout\template.php(68): CodeIgniter\View\View->include('admin/layout/sidebar.php')
 6 SYSTEMPATH\View\View.php(224): include('E:\\Xampp\\htdocs\\kim-bimakota\\app\\Views\\admin\\layout\\template.php')
 7 SYSTEMPATH\View\View.php(227): CodeIgniter\View\View->CodeIgniter\View\{closure}()
 8 SYSTEMPATH\View\View.php(240): CodeIgniter\View\View->render('admin/layout/template', [], true)
 9 SYSTEMPATH\Common.php(1173): CodeIgniter\View\View->render('admin/home', [], true)
10 APPPATH\Controllers\Home.php(9): view('admin/home')
11 SYSTEMPATH\CodeIgniter.php(933): App\Controllers\Home->index()
12 SYSTEMPATH\CodeIgniter.php(507): CodeIgniter\CodeIgniter->runController(Object(App\Controllers\Home))
13 SYSTEMPATH\CodeIgniter.php(354): CodeIgniter\CodeIgniter->handleRequest(null, Object(Config\Cache), false)
14 SYSTEMPATH\Boot.php(334): CodeIgniter\CodeIgniter->run()
15 SYSTEMPATH\Boot.php(67): CodeIgniter\Boot::runCodeIgniter(Object(CodeIgniter\CodeIgniter))
16 FCPATH\index.php(59): CodeIgniter\Boot::bootWeb(Object(Config\Paths))
17 SYSTEMPATH\rewrite.php(44): require_once('E:\\Xampp\\htdocs\\kim-bimakota\\public\\index.php')
CRITICAL - 2025-07-03 03:37:51 --> ErrorException: Undefined variable $base_url
[Method: GET, Route: /]
in APPPATH\Views\admin\layout\sidebar.php on line 6.
 1 APPPATH\Views\admin\layout\sidebar.php(6): CodeIgniter\Debug\Exceptions->errorHandler(2, 'Undefined variable $base_url', 'E:\\Xampp\\htdocs\\kim-bimakota\\app\\Views\\admin\\layout\\sidebar.php', 6)
 2 SYSTEMPATH\View\View.php(224): include('E:\\Xampp\\htdocs\\kim-bimakota\\app\\Views\\admin\\layout\\sidebar.php')
 3 SYSTEMPATH\View\View.php(227): CodeIgniter\View\View->CodeIgniter\View\{closure}()
 4 SYSTEMPATH\View\View.php(475): CodeIgniter\View\View->render('admin/layout/sidebar.php', null, true)
 5 APPPATH\Views\admin\layout\template.php(68): CodeIgniter\View\View->include('admin/layout/sidebar.php')
 6 SYSTEMPATH\View\View.php(224): include('E:\\Xampp\\htdocs\\kim-bimakota\\app\\Views\\admin\\layout\\template.php')
 7 SYSTEMPATH\View\View.php(227): CodeIgniter\View\View->CodeIgniter\View\{closure}()
 8 SYSTEMPATH\View\View.php(240): CodeIgniter\View\View->render('admin/layout/template', [], true)
 9 SYSTEMPATH\Common.php(1173): CodeIgniter\View\View->render('admin/home', [], true)
10 APPPATH\Controllers\Home.php(9): view('admin/home')
11 SYSTEMPATH\CodeIgniter.php(933): App\Controllers\Home->index()
12 SYSTEMPATH\CodeIgniter.php(507): CodeIgniter\CodeIgniter->runController(Object(App\Controllers\Home))
13 SYSTEMPATH\CodeIgniter.php(354): CodeIgniter\CodeIgniter->handleRequest(null, Object(Config\Cache), false)
14 SYSTEMPATH\Boot.php(334): CodeIgniter\CodeIgniter->run()
15 SYSTEMPATH\Boot.php(67): CodeIgniter\Boot::runCodeIgniter(Object(CodeIgniter\CodeIgniter))
16 FCPATH\index.php(59): CodeIgniter\Boot::bootWeb(Object(Config\Paths))
17 SYSTEMPATH\rewrite.php(44): require_once('E:\\Xampp\\htdocs\\kim-bimakota\\public\\index.php')
CRITICAL - 2025-07-03 03:43:59 --> ErrorException: Undefined variable $base_url
[Method: GET, Route: /]
in APPPATH\Views\admin\layout\sidebar.php on line 6.
 1 APPPATH\Views\admin\layout\sidebar.php(6): CodeIgniter\Debug\Exceptions->errorHandler(2, 'Undefined variable $base_url', 'E:\\Xampp\\htdocs\\kim-bimakota\\app\\Views\\admin\\layout\\sidebar.php', 6)
 2 SYSTEMPATH\View\View.php(224): include('E:\\Xampp\\htdocs\\kim-bimakota\\app\\Views\\admin\\layout\\sidebar.php')
 3 SYSTEMPATH\View\View.php(227): CodeIgniter\View\View->CodeIgniter\View\{closure}()
 4 SYSTEMPATH\View\View.php(475): CodeIgniter\View\View->render('admin/layout/sidebar.php', null, true)
 5 APPPATH\Views\admin\layout\template.php(68): CodeIgniter\View\View->include('admin/layout/sidebar.php')
 6 SYSTEMPATH\View\View.php(224): include('E:\\Xampp\\htdocs\\kim-bimakota\\app\\Views\\admin\\layout\\template.php')
 7 SYSTEMPATH\View\View.php(227): CodeIgniter\View\View->CodeIgniter\View\{closure}()
 8 SYSTEMPATH\View\View.php(240): CodeIgniter\View\View->render('admin/layout/template', [], true)
 9 SYSTEMPATH\Common.php(1173): CodeIgniter\View\View->render('admin/home', [], true)
10 APPPATH\Controllers\Home.php(9): view('admin/home')
11 SYSTEMPATH\CodeIgniter.php(933): App\Controllers\Home->index()
12 SYSTEMPATH\CodeIgniter.php(507): CodeIgniter\CodeIgniter->runController(Object(App\Controllers\Home))
13 SYSTEMPATH\CodeIgniter.php(354): CodeIgniter\CodeIgniter->handleRequest(null, Object(Config\Cache), false)
14 SYSTEMPATH\Boot.php(334): CodeIgniter\CodeIgniter->run()
15 SYSTEMPATH\Boot.php(67): CodeIgniter\Boot::runCodeIgniter(Object(CodeIgniter\CodeIgniter))
16 FCPATH\index.php(59): CodeIgniter\Boot::bootWeb(Object(Config\Paths))
17 SYSTEMPATH\rewrite.php(44): require_once('E:\\Xampp\\htdocs\\kim-bimakota\\public\\index.php')
CRITICAL - 2025-07-03 03:44:00 --> ErrorException: Undefined variable $base_url
[Method: GET, Route: /]
in APPPATH\Views\admin\layout\sidebar.php on line 6.
 1 APPPATH\Views\admin\layout\sidebar.php(6): CodeIgniter\Debug\Exceptions->errorHandler(2, 'Undefined variable $base_url', 'E:\\Xampp\\htdocs\\kim-bimakota\\app\\Views\\admin\\layout\\sidebar.php', 6)
 2 SYSTEMPATH\View\View.php(224): include('E:\\Xampp\\htdocs\\kim-bimakota\\app\\Views\\admin\\layout\\sidebar.php')
 3 SYSTEMPATH\View\View.php(227): CodeIgniter\View\View->CodeIgniter\View\{closure}()
 4 SYSTEMPATH\View\View.php(475): CodeIgniter\View\View->render('admin/layout/sidebar.php', null, true)
 5 APPPATH\Views\admin\layout\template.php(68): CodeIgniter\View\View->include('admin/layout/sidebar.php')
 6 SYSTEMPATH\View\View.php(224): include('E:\\Xampp\\htdocs\\kim-bimakota\\app\\Views\\admin\\layout\\template.php')
 7 SYSTEMPATH\View\View.php(227): CodeIgniter\View\View->CodeIgniter\View\{closure}()
 8 SYSTEMPATH\View\View.php(240): CodeIgniter\View\View->render('admin/layout/template', [], true)
 9 SYSTEMPATH\Common.php(1173): CodeIgniter\View\View->render('admin/home', [], true)
10 APPPATH\Controllers\Home.php(9): view('admin/home')
11 SYSTEMPATH\CodeIgniter.php(933): App\Controllers\Home->index()
12 SYSTEMPATH\CodeIgniter.php(507): CodeIgniter\CodeIgniter->runController(Object(App\Controllers\Home))
13 SYSTEMPATH\CodeIgniter.php(354): CodeIgniter\CodeIgniter->handleRequest(null, Object(Config\Cache), false)
14 SYSTEMPATH\Boot.php(334): CodeIgniter\CodeIgniter->run()
15 SYSTEMPATH\Boot.php(67): CodeIgniter\Boot::runCodeIgniter(Object(CodeIgniter\CodeIgniter))
16 FCPATH\index.php(59): CodeIgniter\Boot::bootWeb(Object(Config\Paths))
17 SYSTEMPATH\rewrite.php(44): require_once('E:\\Xampp\\htdocs\\kim-bimakota\\public\\index.php')
CRITICAL - 2025-07-03 03:44:00 --> ErrorException: Undefined variable $base_url
[Method: GET, Route: /]
in APPPATH\Views\admin\layout\sidebar.php on line 6.
 1 APPPATH\Views\admin\layout\sidebar.php(6): CodeIgniter\Debug\Exceptions->errorHandler(2, 'Undefined variable $base_url', 'E:\\Xampp\\htdocs\\kim-bimakota\\app\\Views\\admin\\layout\\sidebar.php', 6)
 2 SYSTEMPATH\View\View.php(224): include('E:\\Xampp\\htdocs\\kim-bimakota\\app\\Views\\admin\\layout\\sidebar.php')
 3 SYSTEMPATH\View\View.php(227): CodeIgniter\View\View->CodeIgniter\View\{closure}()
 4 SYSTEMPATH\View\View.php(475): CodeIgniter\View\View->render('admin/layout/sidebar.php', null, true)
 5 APPPATH\Views\admin\layout\template.php(68): CodeIgniter\View\View->include('admin/layout/sidebar.php')
 6 SYSTEMPATH\View\View.php(224): include('E:\\Xampp\\htdocs\\kim-bimakota\\app\\Views\\admin\\layout\\template.php')
 7 SYSTEMPATH\View\View.php(227): CodeIgniter\View\View->CodeIgniter\View\{closure}()
 8 SYSTEMPATH\View\View.php(240): CodeIgniter\View\View->render('admin/layout/template', [], true)
 9 SYSTEMPATH\Common.php(1173): CodeIgniter\View\View->render('admin/home', [], true)
10 APPPATH\Controllers\Home.php(9): view('admin/home')
11 SYSTEMPATH\CodeIgniter.php(933): App\Controllers\Home->index()
12 SYSTEMPATH\CodeIgniter.php(507): CodeIgniter\CodeIgniter->runController(Object(App\Controllers\Home))
13 SYSTEMPATH\CodeIgniter.php(354): CodeIgniter\CodeIgniter->handleRequest(null, Object(Config\Cache), false)
14 SYSTEMPATH\Boot.php(334): CodeIgniter\CodeIgniter->run()
15 SYSTEMPATH\Boot.php(67): CodeIgniter\Boot::runCodeIgniter(Object(CodeIgniter\CodeIgniter))
16 FCPATH\index.php(59): CodeIgniter\Boot::bootWeb(Object(Config\Paths))
17 SYSTEMPATH\rewrite.php(44): require_once('E:\\Xampp\\htdocs\\kim-bimakota\\public\\index.php')
CRITICAL - 2025-07-03 03:49:34 --> ErrorException: Undefined variable $base_url
[Method: GET, Route: /]
in APPPATH\Views\admin\layout\sidebar.php on line 6.
 1 APPPATH\Views\admin\layout\sidebar.php(6): CodeIgniter\Debug\Exceptions->errorHandler(2, 'Undefined variable $base_url', 'E:\\Xampp\\htdocs\\kim-bimakota\\app\\Views\\admin\\layout\\sidebar.php', 6)
 2 SYSTEMPATH\View\View.php(224): include('E:\\Xampp\\htdocs\\kim-bimakota\\app\\Views\\admin\\layout\\sidebar.php')
 3 SYSTEMPATH\View\View.php(227): CodeIgniter\View\View->CodeIgniter\View\{closure}()
 4 SYSTEMPATH\View\View.php(475): CodeIgniter\View\View->render('admin/layout/sidebar.php', null, true)
 5 APPPATH\Views\admin\layout\template.php(68): CodeIgniter\View\View->include('admin/layout/sidebar.php')
 6 SYSTEMPATH\View\View.php(224): include('E:\\Xampp\\htdocs\\kim-bimakota\\app\\Views\\admin\\layout\\template.php')
 7 SYSTEMPATH\View\View.php(227): CodeIgniter\View\View->CodeIgniter\View\{closure}()
 8 SYSTEMPATH\View\View.php(240): CodeIgniter\View\View->render('admin/layout/template', [], true)
 9 SYSTEMPATH\Common.php(1173): CodeIgniter\View\View->render('admin/home', [], true)
10 APPPATH\Controllers\Home.php(9): view('admin/home')
11 SYSTEMPATH\CodeIgniter.php(933): App\Controllers\Home->index()
12 SYSTEMPATH\CodeIgniter.php(507): CodeIgniter\CodeIgniter->runController(Object(App\Controllers\Home))
13 SYSTEMPATH\CodeIgniter.php(354): CodeIgniter\CodeIgniter->handleRequest(null, Object(Config\Cache), false)
14 SYSTEMPATH\Boot.php(334): CodeIgniter\CodeIgniter->run()
15 SYSTEMPATH\Boot.php(67): CodeIgniter\Boot::runCodeIgniter(Object(CodeIgniter\CodeIgniter))
16 FCPATH\index.php(59): CodeIgniter\Boot::bootWeb(Object(Config\Paths))
17 SYSTEMPATH\rewrite.php(44): require_once('E:\\Xampp\\htdocs\\kim-bimakota\\public\\index.php')
CRITICAL - 2025-07-03 03:52:07 --> ErrorException: Undefined variable $base_url
[Method: GET, Route: /]
in APPPATH\Views\admin\layout\sidebar.php on line 6.
 1 APPPATH\Views\admin\layout\sidebar.php(6): CodeIgniter\Debug\Exceptions->errorHandler(2, 'Undefined variable $base_url', 'E:\\Xampp\\htdocs\\kim-bimakota\\app\\Views\\admin\\layout\\sidebar.php', 6)
 2 SYSTEMPATH\View\View.php(224): include('E:\\Xampp\\htdocs\\kim-bimakota\\app\\Views\\admin\\layout\\sidebar.php')
 3 SYSTEMPATH\View\View.php(227): CodeIgniter\View\View->CodeIgniter\View\{closure}()
 4 SYSTEMPATH\View\View.php(475): CodeIgniter\View\View->render('admin/layout/sidebar.php', null, true)
 5 APPPATH\Views\admin\layout\template.php(68): CodeIgniter\View\View->include('admin/layout/sidebar.php')
 6 SYSTEMPATH\View\View.php(224): include('E:\\Xampp\\htdocs\\kim-bimakota\\app\\Views\\admin\\layout\\template.php')
 7 SYSTEMPATH\View\View.php(227): CodeIgniter\View\View->CodeIgniter\View\{closure}()
 8 SYSTEMPATH\View\View.php(240): CodeIgniter\View\View->render('admin/layout/template', [], true)
 9 SYSTEMPATH\Common.php(1173): CodeIgniter\View\View->render('admin/home', [], true)
10 APPPATH\Controllers\Home.php(9): view('admin/home')
11 SYSTEMPATH\CodeIgniter.php(933): App\Controllers\Home->index()
12 SYSTEMPATH\CodeIgniter.php(507): CodeIgniter\CodeIgniter->runController(Object(App\Controllers\Home))
13 SYSTEMPATH\CodeIgniter.php(354): CodeIgniter\CodeIgniter->handleRequest(null, Object(Config\Cache), false)
14 SYSTEMPATH\Boot.php(334): CodeIgniter\CodeIgniter->run()
15 SYSTEMPATH\Boot.php(67): CodeIgniter\Boot::runCodeIgniter(Object(CodeIgniter\CodeIgniter))
16 FCPATH\index.php(59): CodeIgniter\Boot::bootWeb(Object(Config\Paths))
17 SYSTEMPATH\rewrite.php(44): require_once('E:\\Xampp\\htdocs\\kim-bimakota\\public\\index.php')
