ERROR - 2025-07-08 07:01:04 --> Error connecting to the database: mysqli_sql_exception: Access denied for user ''@'localhost' (using password: NO) in E:\laragon\www\kim-bimakota\system\Database\MySQLi\Connection.php:202
Stack trace:
#0 E:\laragon\www\kim-bimakota\system\Database\MySQLi\Connection.php(202): mysqli->real_connect('localhost', '', '', '', 3306, '', 0)
#1 E:\laragon\www\kim-bimakota\system\Database\BaseConnection.php(421): CodeIgniter\Database\MySQLi\Connection->connect(false)
#2 E:\laragon\www\kim-bimakota\system\Database\BaseConnection.php(620): CodeIgniter\Database\BaseConnection->initialize()
#3 E:\laragon\www\kim-bimakota\system\Database\BaseBuilder.php(1649): CodeIgniter\Database\BaseConnection->query('SELECT *\nFROM `...', Array, false)
#4 E:\laragon\www\kim-bimakota\system\Model.php(286): CodeIgniter\Database\BaseBuilder->get()
#5 E:\laragon\www\kim-bimakota\system\BaseModel.php(679): CodeIgniter\Model->doFindAll(0, 0)
#6 E:\laragon\www\kim-bimakota\app\Controllers\Berita.php(18): CodeIgniter\BaseModel->findAll()
#7 E:\laragon\www\kim-bimakota\system\CodeIgniter.php(933): App\Controllers\Berita->index()
#8 E:\laragon\www\kim-bimakota\system\CodeIgniter.php(507): CodeIgniter\CodeIgniter->runController(Object(App\Controllers\Berita))
#9 E:\laragon\www\kim-bimakota\system\CodeIgniter.php(354): CodeIgniter\CodeIgniter->handleRequest(NULL, Object(Config\Cache), false)
#10 E:\laragon\www\kim-bimakota\system\Boot.php(334): CodeIgniter\CodeIgniter->run()
#11 E:\laragon\www\kim-bimakota\system\Boot.php(67): CodeIgniter\Boot::runCodeIgniter(Object(CodeIgniter\CodeIgniter))
#12 E:\laragon\www\kim-bimakota\public\index.php(59): CodeIgniter\Boot::bootWeb(Object(Config\Paths))
#13 E:\laragon\www\kim-bimakota\system\rewrite.php(44): require_once('E:\\laragon\\www\\...')
#14 {main}

Next CodeIgniter\Database\Exceptions\DatabaseException: Access denied for user ''@'localhost' (using password: NO) in E:\laragon\www\kim-bimakota\system\Database\MySQLi\Connection.php:246
Stack trace:
#0 E:\laragon\www\kim-bimakota\system\Database\BaseConnection.php(421): CodeIgniter\Database\MySQLi\Connection->connect(false)
#1 E:\laragon\www\kim-bimakota\system\Database\BaseConnection.php(620): CodeIgniter\Database\BaseConnection->initialize()
#2 E:\laragon\www\kim-bimakota\system\Database\BaseBuilder.php(1649): CodeIgniter\Database\BaseConnection->query('SELECT *\nFROM `...', Array, false)
#3 E:\laragon\www\kim-bimakota\system\Model.php(286): CodeIgniter\Database\BaseBuilder->get()
#4 E:\laragon\www\kim-bimakota\system\BaseModel.php(679): CodeIgniter\Model->doFindAll(0, 0)
#5 E:\laragon\www\kim-bimakota\app\Controllers\Berita.php(18): CodeIgniter\BaseModel->findAll()
#6 E:\laragon\www\kim-bimakota\system\CodeIgniter.php(933): App\Controllers\Berita->index()
#7 E:\laragon\www\kim-bimakota\system\CodeIgniter.php(507): CodeIgniter\CodeIgniter->runController(Object(App\Controllers\Berita))
#8 E:\laragon\www\kim-bimakota\system\CodeIgniter.php(354): CodeIgniter\CodeIgniter->handleRequest(NULL, Object(Config\Cache), false)
#9 E:\laragon\www\kim-bimakota\system\Boot.php(334): CodeIgniter\CodeIgniter->run()
#10 E:\laragon\www\kim-bimakota\system\Boot.php(67): CodeIgniter\Boot::runCodeIgniter(Object(CodeIgniter\CodeIgniter))
#11 E:\laragon\www\kim-bimakota\public\index.php(59): CodeIgniter\Boot::bootWeb(Object(Config\Paths))
#12 E:\laragon\www\kim-bimakota\system\rewrite.php(44): require_once('E:\\laragon\\www\\...')
#13 {main}
CRITICAL - 2025-07-08 07:01:04 --> CodeIgniter\Database\Exceptions\DatabaseException: Unable to connect to the database.
Main connection [MySQLi]: Access denied for user ''@'localhost' (using password: NO)
[Method: GET, Route: admin/berita]
in SYSTEMPATH\Database\BaseConnection.php on line 467.
 1 SYSTEMPATH\Database\BaseConnection.php(620): CodeIgniter\Database\BaseConnection->initialize()
 2 SYSTEMPATH\Database\BaseBuilder.php(1649): CodeIgniter\Database\BaseConnection->query('SELECT *
FROM `tbl_news`', [], false)
 3 SYSTEMPATH\Model.php(286): CodeIgniter\Database\BaseBuilder->get()
 4 SYSTEMPATH\BaseModel.php(679): CodeIgniter\Model->doFindAll(0, 0)
 5 APPPATH\Controllers\Berita.php(18): CodeIgniter\BaseModel->findAll()
 6 SYSTEMPATH\CodeIgniter.php(933): App\Controllers\Berita->index()
 7 SYSTEMPATH\CodeIgniter.php(507): CodeIgniter\CodeIgniter->runController(Object(App\Controllers\Berita))
 8 SYSTEMPATH\CodeIgniter.php(354): CodeIgniter\CodeIgniter->handleRequest(null, Object(Config\Cache), false)
 9 SYSTEMPATH\Boot.php(334): CodeIgniter\CodeIgniter->run()
10 SYSTEMPATH\Boot.php(67): CodeIgniter\Boot::runCodeIgniter(Object(CodeIgniter\CodeIgniter))
11 FCPATH\index.php(59): CodeIgniter\Boot::bootWeb(Object(Config\Paths))
12 SYSTEMPATH\rewrite.php(44): require_once('E:\\laragon\\www\\kim-bimakota\\public\\index.php')
CRITICAL - 2025-07-08 07:02:05 --> ErrorException: Undefined variable $dd
[Method: GET, Route: admin/berita]
in APPPATH\Views\admin\berita\lihat_berita.php on line 46.
 1 APPPATH\Views\admin\berita\lihat_berita.php(46): CodeIgniter\Debug\Exceptions->errorHandler(2, 'Undefined variable $dd', 'E:\\laragon\\www\\kim-bimakota\\app\\Views\\admin\\berita\\lihat_berita.php', 46)
 2 SYSTEMPATH\View\View.php(224): include('E:\\laragon\\www\\kim-bimakota\\app\\Views\\admin\\berita\\lihat_berita.php')
 3 SYSTEMPATH\View\View.php(227): CodeIgniter\View\View->CodeIgniter\View\{closure}()
 4 SYSTEMPATH\Common.php(1173): CodeIgniter\View\View->render('admin/berita/lihat_berita', [], true)
 5 APPPATH\Controllers\Berita.php(25): view('admin/berita/lihat_berita', [...])
 6 SYSTEMPATH\CodeIgniter.php(933): App\Controllers\Berita->index()
 7 SYSTEMPATH\CodeIgniter.php(507): CodeIgniter\CodeIgniter->runController(Object(App\Controllers\Berita))
 8 SYSTEMPATH\CodeIgniter.php(354): CodeIgniter\CodeIgniter->handleRequest(null, Object(Config\Cache), false)
 9 SYSTEMPATH\Boot.php(334): CodeIgniter\CodeIgniter->run()
10 SYSTEMPATH\Boot.php(67): CodeIgniter\Boot::runCodeIgniter(Object(CodeIgniter\CodeIgniter))
11 FCPATH\index.php(59): CodeIgniter\Boot::bootWeb(Object(Config\Paths))
12 SYSTEMPATH\rewrite.php(44): require_once('E:\\laragon\\www\\kim-bimakota\\public\\index.php')
