DEBUG - 2025-08-26 01:45:52 --> Session: Class initialized using 'CodeIgniter\Session\Handlers\FileHandler' driver.
DEBUG - 2025-08-26 01:46:00 --> Session: Class initialized using 'CodeIgniter\Session\Handlers\FileHandler' driver.
DEBUG - 2025-08-26 01:47:23 --> Session: Class initialized using 'CodeIgniter\Session\Handlers\FileHandler' driver.
DEBUG - 2025-08-26 01:47:23 --> Session: Class initialized using 'CodeIgniter\Session\Handlers\FileHandler' driver.
DEBUG - 2025-08-26 01:47:29 --> Session: Class initialized using 'CodeIgniter\Session\Handlers\FileHandler' driver.
DEBUG - 2025-08-26 01:47:29 --> Session: Class initialized using 'CodeIgniter\Session\Handlers\FileHandler' driver.
DEBUG - 2025-08-26 01:47:34 --> Session: Class initialized using 'CodeIgniter\Session\Handlers\FileHandler' driver.
DEBUG - 2025-08-26 01:47:34 --> Session: Class initialized using 'CodeIgniter\Session\Handlers\FileHandler' driver.
DEBUG - 2025-08-26 01:48:40 --> Session: Class initialized using 'CodeIgniter\Session\Handlers\FileHandler' driver.
DEBUG - 2025-08-26 01:48:59 --> Session: Class initialized using 'CodeIgniter\Session\Handlers\FileHandler' driver.
DEBUG - 2025-08-26 01:52:01 --> Session: Class initialized using 'CodeIgniter\Session\Handlers\FileHandler' driver.
DEBUG - 2025-08-26 01:52:49 --> Session: Class initialized using 'CodeIgniter\Session\Handlers\FileHandler' driver.
DEBUG - 2025-08-26 01:52:51 --> Session: Class initialized using 'CodeIgniter\Session\Handlers\FileHandler' driver.
DEBUG - 2025-08-26 01:53:36 --> Session: Class initialized using 'CodeIgniter\Session\Handlers\FileHandler' driver.
DEBUG - 2025-08-26 01:53:52 --> Session: Class initialized using 'CodeIgniter\Session\Handlers\FileHandler' driver.
DEBUG - 2025-08-26 02:14:52 --> Session: Class initialized using 'CodeIgniter\Session\Handlers\FileHandler' driver.
DEBUG - 2025-08-26 02:14:58 --> Session: Class initialized using 'CodeIgniter\Session\Handlers\FileHandler' driver.
DEBUG - 2025-08-26 02:22:16 --> Session: Class initialized using 'CodeIgniter\Session\Handlers\FileHandler' driver.
DEBUG - 2025-08-26 02:22:19 --> Session: Class initialized using 'CodeIgniter\Session\Handlers\FileHandler' driver.
CRITICAL - 2025-08-26 02:22:19 --> ErrorException: Undefined array key "folder_photo_image"
[Method: GET, Route: admin/galeri/folder_foto/edit/1]
in APPPATH\Views\admin\galeri\folder_foto\edit.php on line 44.
 1 APPPATH\Views\admin\galeri\folder_foto\edit.php(44): CodeIgniter\Debug\Exceptions->errorHandler(2, 'Undefined array key "folder_photo_image"', 'E:\\laragon\\www\\kim-bimakota\\app\\Views\\admin\\galeri\\folder_foto\\edit.php', 44)
 2 SYSTEMPATH\View\View.php(224): include('E:\\laragon\\www\\kim-bimakota\\app\\Views\\admin\\galeri\\folder_foto\\edit.php')
 3 SYSTEMPATH\View\View.php(227): CodeIgniter\View\View->CodeIgniter\View\{closure}()
 4 SYSTEMPATH\Common.php(1173): CodeIgniter\View\View->render('admin/galeri/folder_foto/edit', [], true)
 5 APPPATH\Controllers\Folder_foto.php(99): view('admin/galeri/folder_foto/edit', [...])
 6 SYSTEMPATH\CodeIgniter.php(933): App\Controllers\Folder_foto->edit('1')
 7 SYSTEMPATH\CodeIgniter.php(507): CodeIgniter\CodeIgniter->runController(Object(App\Controllers\Folder_foto))
 8 SYSTEMPATH\CodeIgniter.php(354): CodeIgniter\CodeIgniter->handleRequest(null, Object(Config\Cache), false)
 9 SYSTEMPATH\Boot.php(334): CodeIgniter\CodeIgniter->run()
10 SYSTEMPATH\Boot.php(67): CodeIgniter\Boot::runCodeIgniter(Object(CodeIgniter\CodeIgniter))
11 FCPATH\index.php(59): CodeIgniter\Boot::bootWeb(Object(Config\Paths))
12 SYSTEMPATH\rewrite.php(44): require_once('E:\\laragon\\www\\kim-bimakota\\public\\index.php')
DEBUG - 2025-08-26 02:23:18 --> Session: Class initialized using 'CodeIgniter\Session\Handlers\FileHandler' driver.
CRITICAL - 2025-08-26 02:23:18 --> ErrorException: Undefined array key "folder_photo_image"
[Method: GET, Route: admin/galeri/folder_foto/edit/1]
in APPPATH\Views\admin\galeri\folder_foto\edit.php on line 44.
 1 APPPATH\Views\admin\galeri\folder_foto\edit.php(44): CodeIgniter\Debug\Exceptions->errorHandler(2, 'Undefined array key "folder_photo_image"', 'E:\\laragon\\www\\kim-bimakota\\app\\Views\\admin\\galeri\\folder_foto\\edit.php', 44)
 2 SYSTEMPATH\View\View.php(224): include('E:\\laragon\\www\\kim-bimakota\\app\\Views\\admin\\galeri\\folder_foto\\edit.php')
 3 SYSTEMPATH\View\View.php(227): CodeIgniter\View\View->CodeIgniter\View\{closure}()
 4 SYSTEMPATH\Common.php(1173): CodeIgniter\View\View->render('admin/galeri/folder_foto/edit', [], true)
 5 APPPATH\Controllers\Folder_foto.php(99): view('admin/galeri/folder_foto/edit', [...])
 6 SYSTEMPATH\CodeIgniter.php(933): App\Controllers\Folder_foto->edit('1')
 7 SYSTEMPATH\CodeIgniter.php(507): CodeIgniter\CodeIgniter->runController(Object(App\Controllers\Folder_foto))
 8 SYSTEMPATH\CodeIgniter.php(354): CodeIgniter\CodeIgniter->handleRequest(null, Object(Config\Cache), false)
 9 SYSTEMPATH\Boot.php(334): CodeIgniter\CodeIgniter->run()
10 SYSTEMPATH\Boot.php(67): CodeIgniter\Boot::runCodeIgniter(Object(CodeIgniter\CodeIgniter))
11 FCPATH\index.php(59): CodeIgniter\Boot::bootWeb(Object(Config\Paths))
12 SYSTEMPATH\rewrite.php(44): require_once('E:\\laragon\\www\\kim-bimakota\\public\\index.php')
DEBUG - 2025-08-26 02:23:23 --> Session: Class initialized using 'CodeIgniter\Session\Handlers\FileHandler' driver.
CRITICAL - 2025-08-26 02:23:23 --> ErrorException: Undefined array key "folder_photo_image"
[Method: GET, Route: admin/galeri/folder_foto/edit/1]
in APPPATH\Views\admin\galeri\folder_foto\edit.php on line 44.
 1 APPPATH\Views\admin\galeri\folder_foto\edit.php(44): CodeIgniter\Debug\Exceptions->errorHandler(2, 'Undefined array key "folder_photo_image"', 'E:\\laragon\\www\\kim-bimakota\\app\\Views\\admin\\galeri\\folder_foto\\edit.php', 44)
 2 SYSTEMPATH\View\View.php(224): include('E:\\laragon\\www\\kim-bimakota\\app\\Views\\admin\\galeri\\folder_foto\\edit.php')
 3 SYSTEMPATH\View\View.php(227): CodeIgniter\View\View->CodeIgniter\View\{closure}()
 4 SYSTEMPATH\Common.php(1173): CodeIgniter\View\View->render('admin/galeri/folder_foto/edit', [], true)
 5 APPPATH\Controllers\Folder_foto.php(99): view('admin/galeri/folder_foto/edit', [...])
 6 SYSTEMPATH\CodeIgniter.php(933): App\Controllers\Folder_foto->edit('1')
 7 SYSTEMPATH\CodeIgniter.php(507): CodeIgniter\CodeIgniter->runController(Object(App\Controllers\Folder_foto))
 8 SYSTEMPATH\CodeIgniter.php(354): CodeIgniter\CodeIgniter->handleRequest(null, Object(Config\Cache), false)
 9 SYSTEMPATH\Boot.php(334): CodeIgniter\CodeIgniter->run()
10 SYSTEMPATH\Boot.php(67): CodeIgniter\Boot::runCodeIgniter(Object(CodeIgniter\CodeIgniter))
11 FCPATH\index.php(59): CodeIgniter\Boot::bootWeb(Object(Config\Paths))
12 SYSTEMPATH\rewrite.php(44): require_once('E:\\laragon\\www\\kim-bimakota\\public\\index.php')
DEBUG - 2025-08-26 02:23:42 --> Session: Class initialized using 'CodeIgniter\Session\Handlers\FileHandler' driver.
INFO - 2025-08-26 02:25:02 --> CSRF token verified.
DEBUG - 2025-08-26 02:25:02 --> Session: Class initialized using 'CodeIgniter\Session\Handlers\FileHandler' driver.
DEBUG - 2025-08-26 02:25:02 --> Session: Class initialized using 'CodeIgniter\Session\Handlers\FileHandler' driver.
INFO - 2025-08-26 02:25:11 --> CSRF token verified.
DEBUG - 2025-08-26 02:25:11 --> Session: Class initialized using 'CodeIgniter\Session\Handlers\FileHandler' driver.
DEBUG - 2025-08-26 02:25:12 --> Session: Class initialized using 'CodeIgniter\Session\Handlers\FileHandler' driver.
DEBUG - 2025-08-26 02:26:00 --> Session: Class initialized using 'CodeIgniter\Session\Handlers\FileHandler' driver.
INFO - 2025-08-26 02:26:23 --> CSRF token verified.
DEBUG - 2025-08-26 02:26:23 --> Session: Class initialized using 'CodeIgniter\Session\Handlers\FileHandler' driver.
DEBUG - 2025-08-26 02:26:24 --> Session: Class initialized using 'CodeIgniter\Session\Handlers\FileHandler' driver.
DEBUG - 2025-08-26 02:27:04 --> Session: Class initialized using 'CodeIgniter\Session\Handlers\FileHandler' driver.
INFO - 2025-08-26 02:27:11 --> CSRF token verified.
DEBUG - 2025-08-26 02:27:11 --> Session: Class initialized using 'CodeIgniter\Session\Handlers\FileHandler' driver.
DEBUG - 2025-08-26 02:27:11 --> Session: Class initialized using 'CodeIgniter\Session\Handlers\FileHandler' driver.
DEBUG - 2025-08-26 02:27:44 --> Session: Class initialized using 'CodeIgniter\Session\Handlers\FileHandler' driver.
INFO - 2025-08-26 02:27:51 --> CSRF token verified.
DEBUG - 2025-08-26 02:27:51 --> Session: Class initialized using 'CodeIgniter\Session\Handlers\FileHandler' driver.
DEBUG - 2025-08-26 02:27:51 --> Session: Class initialized using 'CodeIgniter\Session\Handlers\FileHandler' driver.
DEBUG - 2025-08-26 02:28:42 --> Session: Class initialized using 'CodeIgniter\Session\Handlers\FileHandler' driver.
INFO - 2025-08-26 02:28:50 --> CSRF token verified.
DEBUG - 2025-08-26 02:28:50 --> Session: Class initialized using 'CodeIgniter\Session\Handlers\FileHandler' driver.
DEBUG - 2025-08-26 02:28:50 --> Session: Class initialized using 'CodeIgniter\Session\Handlers\FileHandler' driver.
DEBUG - 2025-08-26 02:30:18 --> Session: Class initialized using 'CodeIgniter\Session\Handlers\FileHandler' driver.
DEBUG - 2025-08-26 02:31:31 --> Session: Class initialized using 'CodeIgniter\Session\Handlers\FileHandler' driver.
DEBUG - 2025-08-26 02:37:04 --> Session: Class initialized using 'CodeIgniter\Session\Handlers\FileHandler' driver.
DEBUG - 2025-08-26 02:37:07 --> Session: Class initialized using 'CodeIgniter\Session\Handlers\FileHandler' driver.
INFO - 2025-08-26 02:37:09 --> CSRF token verified.
DEBUG - 2025-08-26 02:37:09 --> Session: Class initialized using 'CodeIgniter\Session\Handlers\FileHandler' driver.
DEBUG - 2025-08-26 02:37:10 --> Session: Class initialized using 'CodeIgniter\Session\Handlers\FileHandler' driver.
DEBUG - 2025-08-26 02:38:10 --> Session: Class initialized using 'CodeIgniter\Session\Handlers\FileHandler' driver.
DEBUG - 2025-08-26 02:40:34 --> Session: Class initialized using 'CodeIgniter\Session\Handlers\FileHandler' driver.
DEBUG - 2025-08-26 02:40:36 --> Session: Class initialized using 'CodeIgniter\Session\Handlers\FileHandler' driver.
DEBUG - 2025-08-26 02:40:49 --> Session: Class initialized using 'CodeIgniter\Session\Handlers\FileHandler' driver.
DEBUG - 2025-08-26 02:40:52 --> Session: Class initialized using 'CodeIgniter\Session\Handlers\FileHandler' driver.
DEBUG - 2025-08-26 02:42:20 --> Session: Class initialized using 'CodeIgniter\Session\Handlers\FileHandler' driver.
DEBUG - 2025-08-26 02:42:30 --> Session: Class initialized using 'CodeIgniter\Session\Handlers\FileHandler' driver.
DEBUG - 2025-08-26 02:42:32 --> Session: Class initialized using 'CodeIgniter\Session\Handlers\FileHandler' driver.
DEBUG - 2025-08-26 02:42:44 --> Session: Class initialized using 'CodeIgniter\Session\Handlers\FileHandler' driver.
DEBUG - 2025-08-26 02:43:00 --> Session: Class initialized using 'CodeIgniter\Session\Handlers\FileHandler' driver.
DEBUG - 2025-08-26 02:44:30 --> Session: Class initialized using 'CodeIgniter\Session\Handlers\FileHandler' driver.
DEBUG - 2025-08-26 02:44:33 --> Session: Class initialized using 'CodeIgniter\Session\Handlers\FileHandler' driver.
INFO - 2025-08-26 02:44:53 --> CSRF token verified.
DEBUG - 2025-08-26 02:44:53 --> Session: Class initialized using 'CodeIgniter\Session\Handlers\FileHandler' driver.
DEBUG - 2025-08-26 02:44:53 --> Session: Class initialized using 'CodeIgniter\Session\Handlers\FileHandler' driver.
DEBUG - 2025-08-26 02:48:43 --> Session: Class initialized using 'CodeIgniter\Session\Handlers\FileHandler' driver.
INFO - 2025-08-26 02:48:58 --> CSRF token verified.
DEBUG - 2025-08-26 02:48:59 --> Session: Class initialized using 'CodeIgniter\Session\Handlers\FileHandler' driver.
DEBUG - 2025-08-26 02:48:59 --> Session: Class initialized using 'CodeIgniter\Session\Handlers\FileHandler' driver.
DEBUG - 2025-08-26 02:49:35 --> Session: Class initialized using 'CodeIgniter\Session\Handlers\FileHandler' driver.
DEBUG - 2025-08-26 02:59:20 --> Session: Class initialized using 'CodeIgniter\Session\Handlers\FileHandler' driver.
DEBUG - 2025-08-26 02:59:47 --> Session: Class initialized using 'CodeIgniter\Session\Handlers\FileHandler' driver.
DEBUG - 2025-08-26 03:01:39 --> Session: Class initialized using 'CodeIgniter\Session\Handlers\FileHandler' driver.
DEBUG - 2025-08-26 03:05:26 --> Session: Class initialized using 'CodeIgniter\Session\Handlers\FileHandler' driver.
DEBUG - 2025-08-26 03:06:20 --> Session: Class initialized using 'CodeIgniter\Session\Handlers\FileHandler' driver.
DEBUG - 2025-08-26 03:06:23 --> Session: Class initialized using 'CodeIgniter\Session\Handlers\FileHandler' driver.
DEBUG - 2025-08-26 03:06:27 --> Session: Class initialized using 'CodeIgniter\Session\Handlers\FileHandler' driver.
DEBUG - 2025-08-26 03:11:09 --> Session: Class initialized using 'CodeIgniter\Session\Handlers\FileHandler' driver.
DEBUG - 2025-08-26 03:15:00 --> Session: Class initialized using 'CodeIgniter\Session\Handlers\FileHandler' driver.
DEBUG - 2025-08-26 03:15:19 --> Session: Class initialized using 'CodeIgniter\Session\Handlers\FileHandler' driver.
DEBUG - 2025-08-26 03:15:21 --> Session: Class initialized using 'CodeIgniter\Session\Handlers\FileHandler' driver.
CRITICAL - 2025-08-26 03:15:25 --> ArgumentCountError: Too few arguments to function App\Models\FotoModel::getAll(), 0 passed in E:\laragon\www\kim-bimakota\app\Controllers\Foto.php on line 21 and exactly 1 expected
[Method: GET, Route: admin/galeri/foto/1]
in APPPATH\Models\FotoModel.php on line 14.
 1 APPPATH\Controllers\Foto.php(21): App\Models\FotoModel->getAll()
 2 SYSTEMPATH\CodeIgniter.php(933): App\Controllers\Foto->index('1')
 3 SYSTEMPATH\CodeIgniter.php(507): CodeIgniter\CodeIgniter->runController(Object(App\Controllers\Foto))
 4 SYSTEMPATH\CodeIgniter.php(354): CodeIgniter\CodeIgniter->handleRequest(null, Object(Config\Cache), false)
 5 SYSTEMPATH\Boot.php(334): CodeIgniter\CodeIgniter->run()
 6 SYSTEMPATH\Boot.php(67): CodeIgniter\Boot::runCodeIgniter(Object(CodeIgniter\CodeIgniter))
 7 FCPATH\index.php(59): CodeIgniter\Boot::bootWeb(Object(Config\Paths))
 8 SYSTEMPATH\rewrite.php(44): require_once('E:\\laragon\\www\\kim-bimakota\\public\\index.php')
CRITICAL - 2025-08-26 03:16:10 --> ArgumentCountError: Too few arguments to function App\Models\FotoModel::getAll(), 0 passed in E:\laragon\www\kim-bimakota\app\Controllers\Foto.php on line 21 and exactly 1 expected
[Method: GET, Route: admin/galeri/foto/1]
in APPPATH\Models\FotoModel.php on line 14.
 1 APPPATH\Controllers\Foto.php(21): App\Models\FotoModel->getAll()
 2 SYSTEMPATH\CodeIgniter.php(933): App\Controllers\Foto->index('1')
 3 SYSTEMPATH\CodeIgniter.php(507): CodeIgniter\CodeIgniter->runController(Object(App\Controllers\Foto))
 4 SYSTEMPATH\CodeIgniter.php(354): CodeIgniter\CodeIgniter->handleRequest(null, Object(Config\Cache), false)
 5 SYSTEMPATH\Boot.php(334): CodeIgniter\CodeIgniter->run()
 6 SYSTEMPATH\Boot.php(67): CodeIgniter\Boot::runCodeIgniter(Object(CodeIgniter\CodeIgniter))
 7 FCPATH\index.php(59): CodeIgniter\Boot::bootWeb(Object(Config\Paths))
 8 SYSTEMPATH\rewrite.php(44): require_once('E:\\laragon\\www\\kim-bimakota\\public\\index.php')
CRITICAL - 2025-08-26 03:18:37 --> ArgumentCountError: Too few arguments to function App\Models\FotoModel::getAll(), 0 passed in E:\laragon\www\kim-bimakota\app\Controllers\Foto.php on line 21 and exactly 1 expected
[Method: GET, Route: admin/galeri/foto/1]
in APPPATH\Models\FotoModel.php on line 14.
 1 APPPATH\Controllers\Foto.php(21): App\Models\FotoModel->getAll()
 2 SYSTEMPATH\CodeIgniter.php(933): App\Controllers\Foto->index('1')
 3 SYSTEMPATH\CodeIgniter.php(507): CodeIgniter\CodeIgniter->runController(Object(App\Controllers\Foto))
 4 SYSTEMPATH\CodeIgniter.php(354): CodeIgniter\CodeIgniter->handleRequest(null, Object(Config\Cache), false)
 5 SYSTEMPATH\Boot.php(334): CodeIgniter\CodeIgniter->run()
 6 SYSTEMPATH\Boot.php(67): CodeIgniter\Boot::runCodeIgniter(Object(CodeIgniter\CodeIgniter))
 7 FCPATH\index.php(59): CodeIgniter\Boot::bootWeb(Object(Config\Paths))
 8 SYSTEMPATH\rewrite.php(44): require_once('E:\\laragon\\www\\kim-bimakota\\public\\index.php')
CRITICAL - 2025-08-26 03:18:41 --> ArgumentCountError: Too few arguments to function App\Models\FotoModel::getAll(), 0 passed in E:\laragon\www\kim-bimakota\app\Controllers\Foto.php on line 21 and exactly 1 expected
[Method: GET, Route: admin/galeri/foto/1]
in APPPATH\Models\FotoModel.php on line 14.
 1 APPPATH\Controllers\Foto.php(21): App\Models\FotoModel->getAll()
 2 SYSTEMPATH\CodeIgniter.php(933): App\Controllers\Foto->index('1')
 3 SYSTEMPATH\CodeIgniter.php(507): CodeIgniter\CodeIgniter->runController(Object(App\Controllers\Foto))
 4 SYSTEMPATH\CodeIgniter.php(354): CodeIgniter\CodeIgniter->handleRequest(null, Object(Config\Cache), false)
 5 SYSTEMPATH\Boot.php(334): CodeIgniter\CodeIgniter->run()
 6 SYSTEMPATH\Boot.php(67): CodeIgniter\Boot::runCodeIgniter(Object(CodeIgniter\CodeIgniter))
 7 FCPATH\index.php(59): CodeIgniter\Boot::bootWeb(Object(Config\Paths))
 8 SYSTEMPATH\rewrite.php(44): require_once('E:\\laragon\\www\\kim-bimakota\\public\\index.php')
CRITICAL - 2025-08-26 03:18:41 --> ArgumentCountError: Too few arguments to function App\Models\FotoModel::getAll(), 0 passed in E:\laragon\www\kim-bimakota\app\Controllers\Foto.php on line 21 and exactly 1 expected
[Method: GET, Route: admin/galeri/foto/1]
in APPPATH\Models\FotoModel.php on line 14.
 1 APPPATH\Controllers\Foto.php(21): App\Models\FotoModel->getAll()
 2 SYSTEMPATH\CodeIgniter.php(933): App\Controllers\Foto->index('1')
 3 SYSTEMPATH\CodeIgniter.php(507): CodeIgniter\CodeIgniter->runController(Object(App\Controllers\Foto))
 4 SYSTEMPATH\CodeIgniter.php(354): CodeIgniter\CodeIgniter->handleRequest(null, Object(Config\Cache), false)
 5 SYSTEMPATH\Boot.php(334): CodeIgniter\CodeIgniter->run()
 6 SYSTEMPATH\Boot.php(67): CodeIgniter\Boot::runCodeIgniter(Object(CodeIgniter\CodeIgniter))
 7 FCPATH\index.php(59): CodeIgniter\Boot::bootWeb(Object(Config\Paths))
 8 SYSTEMPATH\rewrite.php(44): require_once('E:\\laragon\\www\\kim-bimakota\\public\\index.php')
CRITICAL - 2025-08-26 03:18:42 --> ArgumentCountError: Too few arguments to function App\Models\FotoModel::getAll(), 0 passed in E:\laragon\www\kim-bimakota\app\Controllers\Foto.php on line 21 and exactly 1 expected
[Method: GET, Route: admin/galeri/foto/1]
in APPPATH\Models\FotoModel.php on line 14.
 1 APPPATH\Controllers\Foto.php(21): App\Models\FotoModel->getAll()
 2 SYSTEMPATH\CodeIgniter.php(933): App\Controllers\Foto->index('1')
 3 SYSTEMPATH\CodeIgniter.php(507): CodeIgniter\CodeIgniter->runController(Object(App\Controllers\Foto))
 4 SYSTEMPATH\CodeIgniter.php(354): CodeIgniter\CodeIgniter->handleRequest(null, Object(Config\Cache), false)
 5 SYSTEMPATH\Boot.php(334): CodeIgniter\CodeIgniter->run()
 6 SYSTEMPATH\Boot.php(67): CodeIgniter\Boot::runCodeIgniter(Object(CodeIgniter\CodeIgniter))
 7 FCPATH\index.php(59): CodeIgniter\Boot::bootWeb(Object(Config\Paths))
 8 SYSTEMPATH\rewrite.php(44): require_once('E:\\laragon\\www\\kim-bimakota\\public\\index.php')
CRITICAL - 2025-08-26 03:18:42 --> ArgumentCountError: Too few arguments to function App\Models\FotoModel::getAll(), 0 passed in E:\laragon\www\kim-bimakota\app\Controllers\Foto.php on line 21 and exactly 1 expected
[Method: GET, Route: admin/galeri/foto/1]
in APPPATH\Models\FotoModel.php on line 14.
 1 APPPATH\Controllers\Foto.php(21): App\Models\FotoModel->getAll()
 2 SYSTEMPATH\CodeIgniter.php(933): App\Controllers\Foto->index('1')
 3 SYSTEMPATH\CodeIgniter.php(507): CodeIgniter\CodeIgniter->runController(Object(App\Controllers\Foto))
 4 SYSTEMPATH\CodeIgniter.php(354): CodeIgniter\CodeIgniter->handleRequest(null, Object(Config\Cache), false)
 5 SYSTEMPATH\Boot.php(334): CodeIgniter\CodeIgniter->run()
 6 SYSTEMPATH\Boot.php(67): CodeIgniter\Boot::runCodeIgniter(Object(CodeIgniter\CodeIgniter))
 7 FCPATH\index.php(59): CodeIgniter\Boot::bootWeb(Object(Config\Paths))
 8 SYSTEMPATH\rewrite.php(44): require_once('E:\\laragon\\www\\kim-bimakota\\public\\index.php')
CRITICAL - 2025-08-26 03:18:42 --> ArgumentCountError: Too few arguments to function App\Models\FotoModel::getAll(), 0 passed in E:\laragon\www\kim-bimakota\app\Controllers\Foto.php on line 21 and exactly 1 expected
[Method: GET, Route: admin/galeri/foto/1]
in APPPATH\Models\FotoModel.php on line 14.
 1 APPPATH\Controllers\Foto.php(21): App\Models\FotoModel->getAll()
 2 SYSTEMPATH\CodeIgniter.php(933): App\Controllers\Foto->index('1')
 3 SYSTEMPATH\CodeIgniter.php(507): CodeIgniter\CodeIgniter->runController(Object(App\Controllers\Foto))
 4 SYSTEMPATH\CodeIgniter.php(354): CodeIgniter\CodeIgniter->handleRequest(null, Object(Config\Cache), false)
 5 SYSTEMPATH\Boot.php(334): CodeIgniter\CodeIgniter->run()
 6 SYSTEMPATH\Boot.php(67): CodeIgniter\Boot::runCodeIgniter(Object(CodeIgniter\CodeIgniter))
 7 FCPATH\index.php(59): CodeIgniter\Boot::bootWeb(Object(Config\Paths))
 8 SYSTEMPATH\rewrite.php(44): require_once('E:\\laragon\\www\\kim-bimakota\\public\\index.php')
DEBUG - 2025-08-26 03:22:03 --> Session: Class initialized using 'CodeIgniter\Session\Handlers\FileHandler' driver.
DEBUG - 2025-08-26 03:32:40 --> Session: Class initialized using 'CodeIgniter\Session\Handlers\FileHandler' driver.
DEBUG - 2025-08-26 03:32:46 --> Session: Class initialized using 'CodeIgniter\Session\Handlers\FileHandler' driver.
CRITICAL - 2025-08-26 07:10:47 --> ErrorException: Trying to access array offset on value of type null
[Method: GET, Route: admin/galeri/foto/add]
in APPPATH\Views\admin\galeri\foto\index.php on line 22.
 1 APPPATH\Views\admin\galeri\foto\index.php(22): CodeIgniter\Debug\Exceptions->errorHandler(2, 'Trying to access array offset on value of type null', 'E:\\laragon\\www\\kim-bimakota\\app\\Views\\admin\\galeri\\foto\\index.php', 22)
 2 SYSTEMPATH\View\View.php(224): include('E:\\laragon\\www\\kim-bimakota\\app\\Views\\admin\\galeri\\foto\\index.php')
 3 SYSTEMPATH\View\View.php(227): CodeIgniter\View\View->CodeIgniter\View\{closure}()
 4 SYSTEMPATH\Common.php(1173): CodeIgniter\View\View->render('admin/galeri/foto/index', [], true)
 5 APPPATH\Controllers\Foto.php(32): view('admin/galeri/foto/index', [...])
 6 SYSTEMPATH\CodeIgniter.php(933): App\Controllers\Foto->index('add')
 7 SYSTEMPATH\CodeIgniter.php(507): CodeIgniter\CodeIgniter->runController(Object(App\Controllers\Foto))
 8 SYSTEMPATH\CodeIgniter.php(354): CodeIgniter\CodeIgniter->handleRequest(null, Object(Config\Cache), false)
 9 SYSTEMPATH\Boot.php(334): CodeIgniter\CodeIgniter->run()
10 SYSTEMPATH\Boot.php(67): CodeIgniter\Boot::runCodeIgniter(Object(CodeIgniter\CodeIgniter))
11 FCPATH\index.php(59): CodeIgniter\Boot::bootWeb(Object(Config\Paths))
12 SYSTEMPATH\rewrite.php(44): require_once('E:\\laragon\\www\\kim-bimakota\\public\\index.php')
DEBUG - 2025-08-26 07:11:00 --> Session: Class initialized using 'CodeIgniter\Session\Handlers\FileHandler' driver.
DEBUG - 2025-08-26 07:11:04 --> Session: Class initialized using 'CodeIgniter\Session\Handlers\FileHandler' driver.
DEBUG - 2025-08-26 07:11:08 --> Session: Class initialized using 'CodeIgniter\Session\Handlers\FileHandler' driver.
DEBUG - 2025-08-26 07:11:11 --> Session: Class initialized using 'CodeIgniter\Session\Handlers\FileHandler' driver.
CRITICAL - 2025-08-26 07:11:17 --> ErrorException: Trying to access array offset on value of type null
[Method: GET, Route: admin/galeri/foto/add/169]
in APPPATH\Views\admin\galeri\foto\index.php on line 22.
 1 APPPATH\Views\admin\galeri\foto\index.php(22): CodeIgniter\Debug\Exceptions->errorHandler(2, 'Trying to access array offset on value of type null', 'E:\\laragon\\www\\kim-bimakota\\app\\Views\\admin\\galeri\\foto\\index.php', 22)
 2 SYSTEMPATH\View\View.php(224): include('E:\\laragon\\www\\kim-bimakota\\app\\Views\\admin\\galeri\\foto\\index.php')
 3 SYSTEMPATH\View\View.php(227): CodeIgniter\View\View->CodeIgniter\View\{closure}()
 4 SYSTEMPATH\Common.php(1173): CodeIgniter\View\View->render('admin/galeri/foto/index', [], true)
 5 APPPATH\Controllers\Foto.php(32): view('admin/galeri/foto/index', [...])
 6 SYSTEMPATH\CodeIgniter.php(933): App\Controllers\Foto->index('add', '169')
 7 SYSTEMPATH\CodeIgniter.php(507): CodeIgniter\CodeIgniter->runController(Object(App\Controllers\Foto))
 8 SYSTEMPATH\CodeIgniter.php(354): CodeIgniter\CodeIgniter->handleRequest(null, Object(Config\Cache), false)
 9 SYSTEMPATH\Boot.php(334): CodeIgniter\CodeIgniter->run()
10 SYSTEMPATH\Boot.php(67): CodeIgniter\Boot::runCodeIgniter(Object(CodeIgniter\CodeIgniter))
11 FCPATH\index.php(59): CodeIgniter\Boot::bootWeb(Object(Config\Paths))
12 SYSTEMPATH\rewrite.php(44): require_once('E:\\laragon\\www\\kim-bimakota\\public\\index.php')
CRITICAL - 2025-08-26 07:13:41 --> ErrorException: Undefined array key "folder_photoid"
[Method: GET, Route: admin/galeri/foto/add/169]
in APPPATH\Views\admin\galeri\foto\index.php on line 22.
 1 APPPATH\Views\admin\galeri\foto\index.php(22): CodeIgniter\Debug\Exceptions->errorHandler(2, 'Undefined array key "folder_photoid"', 'E:\\laragon\\www\\kim-bimakota\\app\\Views\\admin\\galeri\\foto\\index.php', 22)
 2 SYSTEMPATH\View\View.php(224): include('E:\\laragon\\www\\kim-bimakota\\app\\Views\\admin\\galeri\\foto\\index.php')
 3 SYSTEMPATH\View\View.php(227): CodeIgniter\View\View->CodeIgniter\View\{closure}()
 4 SYSTEMPATH\Common.php(1173): CodeIgniter\View\View->render('admin/galeri/foto/index', [], true)
 5 APPPATH\Controllers\Foto.php(32): view('admin/galeri/foto/index', [...])
 6 SYSTEMPATH\CodeIgniter.php(933): App\Controllers\Foto->index('add', '169')
 7 SYSTEMPATH\CodeIgniter.php(507): CodeIgniter\CodeIgniter->runController(Object(App\Controllers\Foto))
 8 SYSTEMPATH\CodeIgniter.php(354): CodeIgniter\CodeIgniter->handleRequest(null, Object(Config\Cache), false)
 9 SYSTEMPATH\Boot.php(334): CodeIgniter\CodeIgniter->run()
10 SYSTEMPATH\Boot.php(67): CodeIgniter\Boot::runCodeIgniter(Object(CodeIgniter\CodeIgniter))
11 FCPATH\index.php(59): CodeIgniter\Boot::bootWeb(Object(Config\Paths))
12 SYSTEMPATH\rewrite.php(44): require_once('E:\\laragon\\www\\kim-bimakota\\public\\index.php')
CRITICAL - 2025-08-26 07:14:13 --> ErrorException: Undefined array key "folder_photoid"
[Method: GET, Route: admin/galeri/foto/add/169]
in APPPATH\Views\admin\galeri\foto\index.php on line 22.
 1 APPPATH\Views\admin\galeri\foto\index.php(22): CodeIgniter\Debug\Exceptions->errorHandler(2, 'Undefined array key "folder_photoid"', 'E:\\laragon\\www\\kim-bimakota\\app\\Views\\admin\\galeri\\foto\\index.php', 22)
 2 SYSTEMPATH\View\View.php(224): include('E:\\laragon\\www\\kim-bimakota\\app\\Views\\admin\\galeri\\foto\\index.php')
 3 SYSTEMPATH\View\View.php(227): CodeIgniter\View\View->CodeIgniter\View\{closure}()
 4 SYSTEMPATH\Common.php(1173): CodeIgniter\View\View->render('admin/galeri/foto/index', [], true)
 5 APPPATH\Controllers\Foto.php(32): view('admin/galeri/foto/index', [...])
 6 SYSTEMPATH\CodeIgniter.php(933): App\Controllers\Foto->index('add', '169')
 7 SYSTEMPATH\CodeIgniter.php(507): CodeIgniter\CodeIgniter->runController(Object(App\Controllers\Foto))
 8 SYSTEMPATH\CodeIgniter.php(354): CodeIgniter\CodeIgniter->handleRequest(null, Object(Config\Cache), false)
 9 SYSTEMPATH\Boot.php(334): CodeIgniter\CodeIgniter->run()
10 SYSTEMPATH\Boot.php(67): CodeIgniter\Boot::runCodeIgniter(Object(CodeIgniter\CodeIgniter))
11 FCPATH\index.php(59): CodeIgniter\Boot::bootWeb(Object(Config\Paths))
12 SYSTEMPATH\rewrite.php(44): require_once('E:\\laragon\\www\\kim-bimakota\\public\\index.php')
CRITICAL - 2025-08-26 07:15:48 --> ErrorException: Undefined array key "folder_photoid"
[Method: GET, Route: admin/galeri/foto/add/169]
in APPPATH\Views\admin\galeri\foto\index.php on line 22.
 1 APPPATH\Views\admin\galeri\foto\index.php(22): CodeIgniter\Debug\Exceptions->errorHandler(2, 'Undefined array key "folder_photoid"', 'E:\\laragon\\www\\kim-bimakota\\app\\Views\\admin\\galeri\\foto\\index.php', 22)
 2 SYSTEMPATH\View\View.php(224): include('E:\\laragon\\www\\kim-bimakota\\app\\Views\\admin\\galeri\\foto\\index.php')
 3 SYSTEMPATH\View\View.php(227): CodeIgniter\View\View->CodeIgniter\View\{closure}()
 4 SYSTEMPATH\Common.php(1173): CodeIgniter\View\View->render('admin/galeri/foto/index', [], true)
 5 APPPATH\Controllers\Foto.php(32): view('admin/galeri/foto/index', [...])
 6 SYSTEMPATH\CodeIgniter.php(933): App\Controllers\Foto->index('add', '169')
 7 SYSTEMPATH\CodeIgniter.php(507): CodeIgniter\CodeIgniter->runController(Object(App\Controllers\Foto))
 8 SYSTEMPATH\CodeIgniter.php(354): CodeIgniter\CodeIgniter->handleRequest(null, Object(Config\Cache), false)
 9 SYSTEMPATH\Boot.php(334): CodeIgniter\CodeIgniter->run()
10 SYSTEMPATH\Boot.php(67): CodeIgniter\Boot::runCodeIgniter(Object(CodeIgniter\CodeIgniter))
11 FCPATH\index.php(59): CodeIgniter\Boot::bootWeb(Object(Config\Paths))
12 SYSTEMPATH\rewrite.php(44): require_once('E:\\laragon\\www\\kim-bimakota\\public\\index.php')
CRITICAL - 2025-08-26 07:15:49 --> ErrorException: Undefined array key "folder_photoid"
[Method: GET, Route: admin/galeri/foto/add/169]
in APPPATH\Views\admin\galeri\foto\index.php on line 22.
 1 APPPATH\Views\admin\galeri\foto\index.php(22): CodeIgniter\Debug\Exceptions->errorHandler(2, 'Undefined array key "folder_photoid"', 'E:\\laragon\\www\\kim-bimakota\\app\\Views\\admin\\galeri\\foto\\index.php', 22)
 2 SYSTEMPATH\View\View.php(224): include('E:\\laragon\\www\\kim-bimakota\\app\\Views\\admin\\galeri\\foto\\index.php')
 3 SYSTEMPATH\View\View.php(227): CodeIgniter\View\View->CodeIgniter\View\{closure}()
 4 SYSTEMPATH\Common.php(1173): CodeIgniter\View\View->render('admin/galeri/foto/index', [], true)
 5 APPPATH\Controllers\Foto.php(32): view('admin/galeri/foto/index', [...])
 6 SYSTEMPATH\CodeIgniter.php(933): App\Controllers\Foto->index('add', '169')
 7 SYSTEMPATH\CodeIgniter.php(507): CodeIgniter\CodeIgniter->runController(Object(App\Controllers\Foto))
 8 SYSTEMPATH\CodeIgniter.php(354): CodeIgniter\CodeIgniter->handleRequest(null, Object(Config\Cache), false)
 9 SYSTEMPATH\Boot.php(334): CodeIgniter\CodeIgniter->run()
10 SYSTEMPATH\Boot.php(67): CodeIgniter\Boot::runCodeIgniter(Object(CodeIgniter\CodeIgniter))
11 FCPATH\index.php(59): CodeIgniter\Boot::bootWeb(Object(Config\Paths))
12 SYSTEMPATH\rewrite.php(44): require_once('E:\\laragon\\www\\kim-bimakota\\public\\index.php')
CRITICAL - 2025-08-26 07:15:50 --> ErrorException: Undefined array key "folder_photoid"
[Method: GET, Route: admin/galeri/foto/169]
in APPPATH\Views\admin\galeri\foto\index.php on line 22.
 1 APPPATH\Views\admin\galeri\foto\index.php(22): CodeIgniter\Debug\Exceptions->errorHandler(2, 'Undefined array key "folder_photoid"', 'E:\\laragon\\www\\kim-bimakota\\app\\Views\\admin\\galeri\\foto\\index.php', 22)
 2 SYSTEMPATH\View\View.php(224): include('E:\\laragon\\www\\kim-bimakota\\app\\Views\\admin\\galeri\\foto\\index.php')
 3 SYSTEMPATH\View\View.php(227): CodeIgniter\View\View->CodeIgniter\View\{closure}()
 4 SYSTEMPATH\Common.php(1173): CodeIgniter\View\View->render('admin/galeri/foto/index', [], true)
 5 APPPATH\Controllers\Foto.php(32): view('admin/galeri/foto/index', [...])
 6 SYSTEMPATH\CodeIgniter.php(933): App\Controllers\Foto->index('169')
 7 SYSTEMPATH\CodeIgniter.php(507): CodeIgniter\CodeIgniter->runController(Object(App\Controllers\Foto))
 8 SYSTEMPATH\CodeIgniter.php(354): CodeIgniter\CodeIgniter->handleRequest(null, Object(Config\Cache), false)
 9 SYSTEMPATH\Boot.php(334): CodeIgniter\CodeIgniter->run()
10 SYSTEMPATH\Boot.php(67): CodeIgniter\Boot::runCodeIgniter(Object(CodeIgniter\CodeIgniter))
11 FCPATH\index.php(59): CodeIgniter\Boot::bootWeb(Object(Config\Paths))
12 SYSTEMPATH\rewrite.php(44): require_once('E:\\laragon\\www\\kim-bimakota\\public\\index.php')
DEBUG - 2025-08-26 07:15:52 --> Session: Class initialized using 'CodeIgniter\Session\Handlers\FileHandler' driver.
CRITICAL - 2025-08-26 07:16:07 --> ErrorException: Undefined array key "folder_photoid"
[Method: GET, Route: admin/galeri/foto/1]
in APPPATH\Views\admin\galeri\foto\index.php on line 22.
 1 APPPATH\Views\admin\galeri\foto\index.php(22): CodeIgniter\Debug\Exceptions->errorHandler(2, 'Undefined array key "folder_photoid"', 'E:\\laragon\\www\\kim-bimakota\\app\\Views\\admin\\galeri\\foto\\index.php', 22)
 2 SYSTEMPATH\View\View.php(224): include('E:\\laragon\\www\\kim-bimakota\\app\\Views\\admin\\galeri\\foto\\index.php')
 3 SYSTEMPATH\View\View.php(227): CodeIgniter\View\View->CodeIgniter\View\{closure}()
 4 SYSTEMPATH\Common.php(1173): CodeIgniter\View\View->render('admin/galeri/foto/index', [], true)
 5 APPPATH\Controllers\Foto.php(32): view('admin/galeri/foto/index', [...])
 6 SYSTEMPATH\CodeIgniter.php(933): App\Controllers\Foto->index('1')
 7 SYSTEMPATH\CodeIgniter.php(507): CodeIgniter\CodeIgniter->runController(Object(App\Controllers\Foto))
 8 SYSTEMPATH\CodeIgniter.php(354): CodeIgniter\CodeIgniter->handleRequest(null, Object(Config\Cache), false)
 9 SYSTEMPATH\Boot.php(334): CodeIgniter\CodeIgniter->run()
10 SYSTEMPATH\Boot.php(67): CodeIgniter\Boot::runCodeIgniter(Object(CodeIgniter\CodeIgniter))
11 FCPATH\index.php(59): CodeIgniter\Boot::bootWeb(Object(Config\Paths))
12 SYSTEMPATH\rewrite.php(44): require_once('E:\\laragon\\www\\kim-bimakota\\public\\index.php')
CRITICAL - 2025-08-26 07:24:44 --> ErrorException: Attempt to read property "folder_photoid" on array
[Method: GET, Route: admin/galeri/foto/1]
in APPPATH\Views\admin\galeri\foto\index.php on line 22.
 1 APPPATH\Views\admin\galeri\foto\index.php(22): CodeIgniter\Debug\Exceptions->errorHandler(2, 'Attempt to read property "folder_photoid" on array', 'E:\\laragon\\www\\kim-bimakota\\app\\Views\\admin\\galeri\\foto\\index.php', 22)
 2 SYSTEMPATH\View\View.php(224): include('E:\\laragon\\www\\kim-bimakota\\app\\Views\\admin\\galeri\\foto\\index.php')
 3 SYSTEMPATH\View\View.php(227): CodeIgniter\View\View->CodeIgniter\View\{closure}()
 4 SYSTEMPATH\Common.php(1173): CodeIgniter\View\View->render('admin/galeri/foto/index', [], true)
 5 APPPATH\Controllers\Foto.php(33): view('admin/galeri/foto/index', [...])
 6 SYSTEMPATH\CodeIgniter.php(933): App\Controllers\Foto->index('1')
 7 SYSTEMPATH\CodeIgniter.php(507): CodeIgniter\CodeIgniter->runController(Object(App\Controllers\Foto))
 8 SYSTEMPATH\CodeIgniter.php(354): CodeIgniter\CodeIgniter->handleRequest(null, Object(Config\Cache), false)
 9 SYSTEMPATH\Boot.php(334): CodeIgniter\CodeIgniter->run()
10 SYSTEMPATH\Boot.php(67): CodeIgniter\Boot::runCodeIgniter(Object(CodeIgniter\CodeIgniter))
11 FCPATH\index.php(59): CodeIgniter\Boot::bootWeb(Object(Config\Paths))
12 SYSTEMPATH\rewrite.php(44): require_once('E:\\laragon\\www\\kim-bimakota\\public\\index.php')
DEBUG - 2025-08-26 07:25:38 --> Session: Class initialized using 'CodeIgniter\Session\Handlers\FileHandler' driver.
CRITICAL - 2025-08-26 07:25:44 --> ErrorException: Trying to access array offset on value of type null
[Method: GET, Route: admin/galeri/foto/add/1]
in APPPATH\Views\admin\galeri\foto\index.php on line 22.
 1 APPPATH\Views\admin\galeri\foto\index.php(22): CodeIgniter\Debug\Exceptions->errorHandler(2, 'Trying to access array offset on value of type null', 'E:\\laragon\\www\\kim-bimakota\\app\\Views\\admin\\galeri\\foto\\index.php', 22)
 2 SYSTEMPATH\View\View.php(224): include('E:\\laragon\\www\\kim-bimakota\\app\\Views\\admin\\galeri\\foto\\index.php')
 3 SYSTEMPATH\View\View.php(227): CodeIgniter\View\View->CodeIgniter\View\{closure}()
 4 SYSTEMPATH\Common.php(1173): CodeIgniter\View\View->render('admin/galeri/foto/index', [], true)
 5 APPPATH\Controllers\Foto.php(33): view('admin/galeri/foto/index', [...])
 6 SYSTEMPATH\CodeIgniter.php(933): App\Controllers\Foto->index('add', '1')
 7 SYSTEMPATH\CodeIgniter.php(507): CodeIgniter\CodeIgniter->runController(Object(App\Controllers\Foto))
 8 SYSTEMPATH\CodeIgniter.php(354): CodeIgniter\CodeIgniter->handleRequest(null, Object(Config\Cache), false)
 9 SYSTEMPATH\Boot.php(334): CodeIgniter\CodeIgniter->run()
10 SYSTEMPATH\Boot.php(67): CodeIgniter\Boot::runCodeIgniter(Object(CodeIgniter\CodeIgniter))
11 FCPATH\index.php(59): CodeIgniter\Boot::bootWeb(Object(Config\Paths))
12 SYSTEMPATH\rewrite.php(44): require_once('E:\\laragon\\www\\kim-bimakota\\public\\index.php')
DEBUG - 2025-08-26 07:26:30 --> Session: Class initialized using 'CodeIgniter\Session\Handlers\FileHandler' driver.
DEBUG - 2025-08-26 07:26:32 --> Session: Class initialized using 'CodeIgniter\Session\Handlers\FileHandler' driver.
DEBUG - 2025-08-26 07:26:36 --> Session: Class initialized using 'CodeIgniter\Session\Handlers\FileHandler' driver.
DEBUG - 2025-08-26 07:26:43 --> Session: Class initialized using 'CodeIgniter\Session\Handlers\FileHandler' driver.
DEBUG - 2025-08-26 07:27:02 --> Session: Class initialized using 'CodeIgniter\Session\Handlers\FileHandler' driver.
DEBUG - 2025-08-26 07:27:03 --> Session: Class initialized using 'CodeIgniter\Session\Handlers\FileHandler' driver.
DEBUG - 2025-08-26 07:27:29 --> Session: Class initialized using 'CodeIgniter\Session\Handlers\FileHandler' driver.
DEBUG - 2025-08-26 07:27:32 --> Session: Class initialized using 'CodeIgniter\Session\Handlers\FileHandler' driver.
DEBUG - 2025-08-26 07:28:38 --> Session: Class initialized using 'CodeIgniter\Session\Handlers\FileHandler' driver.
DEBUG - 2025-08-26 07:28:40 --> Session: Class initialized using 'CodeIgniter\Session\Handlers\FileHandler' driver.
DEBUG - 2025-08-26 07:28:43 --> Session: Class initialized using 'CodeIgniter\Session\Handlers\FileHandler' driver.
DEBUG - 2025-08-26 07:29:12 --> Session: Class initialized using 'CodeIgniter\Session\Handlers\FileHandler' driver.
DEBUG - 2025-08-26 07:29:18 --> Session: Class initialized using 'CodeIgniter\Session\Handlers\FileHandler' driver.
DEBUG - 2025-08-26 07:29:20 --> Session: Class initialized using 'CodeIgniter\Session\Handlers\FileHandler' driver.
