CRITICAL - 2025-07-09 02:18:56 --> Error: Cannot use object of type stdClass as array
[Method: GET, Route: admin/berita]
in APPPATH\Views\admin\berita\lihat_berita.php on line 43.
 1 SYSTEMPATH\View\View.php(224): include()
 2 SYSTEMPATH\View\View.php(227): CodeIgniter\View\View->CodeIgniter\View\{closure}()
 3 SYSTEMPATH\Common.php(1173): CodeIgniter\View\View->render('admin/berita/lihat_berita', [], true)
 4 APPPATH\Controllers\Berita.php(25): view('admin/berita/lihat_berita', [...])
 5 SYSTEMPATH\CodeIgniter.php(933): App\Controllers\Berita->index()
 6 SYSTEMPATH\CodeIgniter.php(507): CodeIgniter\CodeIgniter->runController(Object(App\Controllers\Berita))
 7 SYSTEMPATH\CodeIgniter.php(354): CodeIgniter\CodeIgniter->handleRequest(null, Object(Config\Cache), false)
 8 SYSTEMPATH\Boot.php(334): CodeIgniter\CodeIgniter->run()
 9 SYSTEMPATH\Boot.php(67): CodeIgniter\Boot::runCodeIgniter(Object(CodeIgniter\CodeIgniter))
10 FCPATH\index.php(59): CodeIgniter\Boot::bootWeb(Object(Config\Paths))
11 SYSTEMPATH\rewrite.php(44): require_once('E:\\laragon\\www\\kim-bimakota\\public\\index.php')
CRITICAL - 2025-07-09 02:19:30 --> Error: Cannot use object of type stdClass as array
[Method: GET, Route: admin/berita]
in APPPATH\Views\admin\berita\lihat_berita.php on line 43.
 1 SYSTEMPATH\View\View.php(224): include()
 2 SYSTEMPATH\View\View.php(227): CodeIgniter\View\View->CodeIgniter\View\{closure}()
 3 SYSTEMPATH\Common.php(1173): CodeIgniter\View\View->render('admin/berita/lihat_berita', [], true)
 4 APPPATH\Controllers\Berita.php(25): view('admin/berita/lihat_berita', [...])
 5 SYSTEMPATH\CodeIgniter.php(933): App\Controllers\Berita->index()
 6 SYSTEMPATH\CodeIgniter.php(507): CodeIgniter\CodeIgniter->runController(Object(App\Controllers\Berita))
 7 SYSTEMPATH\CodeIgniter.php(354): CodeIgniter\CodeIgniter->handleRequest(null, Object(Config\Cache), false)
 8 SYSTEMPATH\Boot.php(334): CodeIgniter\CodeIgniter->run()
 9 SYSTEMPATH\Boot.php(67): CodeIgniter\Boot::runCodeIgniter(Object(CodeIgniter\CodeIgniter))
10 FCPATH\index.php(59): CodeIgniter\Boot::bootWeb(Object(Config\Paths))
11 SYSTEMPATH\rewrite.php(44): require_once('E:\\laragon\\www\\kim-bimakota\\public\\index.php')
CRITICAL - 2025-07-09 02:19:32 --> Error: Cannot use object of type stdClass as array
[Method: GET, Route: admin/berita]
in APPPATH\Views\admin\berita\lihat_berita.php on line 43.
 1 SYSTEMPATH\View\View.php(224): include()
 2 SYSTEMPATH\View\View.php(227): CodeIgniter\View\View->CodeIgniter\View\{closure}()
 3 SYSTEMPATH\Common.php(1173): CodeIgniter\View\View->render('admin/berita/lihat_berita', [], true)
 4 APPPATH\Controllers\Berita.php(25): view('admin/berita/lihat_berita', [...])
 5 SYSTEMPATH\CodeIgniter.php(933): App\Controllers\Berita->index()
 6 SYSTEMPATH\CodeIgniter.php(507): CodeIgniter\CodeIgniter->runController(Object(App\Controllers\Berita))
 7 SYSTEMPATH\CodeIgniter.php(354): CodeIgniter\CodeIgniter->handleRequest(null, Object(Config\Cache), false)
 8 SYSTEMPATH\Boot.php(334): CodeIgniter\CodeIgniter->run()
 9 SYSTEMPATH\Boot.php(67): CodeIgniter\Boot::runCodeIgniter(Object(CodeIgniter\CodeIgniter))
10 FCPATH\index.php(59): CodeIgniter\Boot::bootWeb(Object(Config\Paths))
11 SYSTEMPATH\rewrite.php(44): require_once('E:\\laragon\\www\\kim-bimakota\\public\\index.php')
CRITICAL - 2025-07-09 02:19:33 --> Error: Cannot use object of type stdClass as array
[Method: GET, Route: admin/berita]
in APPPATH\Views\admin\berita\lihat_berita.php on line 43.
 1 SYSTEMPATH\View\View.php(224): include()
 2 SYSTEMPATH\View\View.php(227): CodeIgniter\View\View->CodeIgniter\View\{closure}()
 3 SYSTEMPATH\Common.php(1173): CodeIgniter\View\View->render('admin/berita/lihat_berita', [], true)
 4 APPPATH\Controllers\Berita.php(25): view('admin/berita/lihat_berita', [...])
 5 SYSTEMPATH\CodeIgniter.php(933): App\Controllers\Berita->index()
 6 SYSTEMPATH\CodeIgniter.php(507): CodeIgniter\CodeIgniter->runController(Object(App\Controllers\Berita))
 7 SYSTEMPATH\CodeIgniter.php(354): CodeIgniter\CodeIgniter->handleRequest(null, Object(Config\Cache), false)
 8 SYSTEMPATH\Boot.php(334): CodeIgniter\CodeIgniter->run()
 9 SYSTEMPATH\Boot.php(67): CodeIgniter\Boot::runCodeIgniter(Object(CodeIgniter\CodeIgniter))
10 FCPATH\index.php(59): CodeIgniter\Boot::bootWeb(Object(Config\Paths))
11 SYSTEMPATH\rewrite.php(44): require_once('E:\\laragon\\www\\kim-bimakota\\public\\index.php')
CRITICAL - 2025-07-09 02:19:34 --> Error: Cannot use object of type stdClass as array
[Method: GET, Route: admin/berita]
in APPPATH\Views\admin\berita\lihat_berita.php on line 43.
 1 SYSTEMPATH\View\View.php(224): include()
 2 SYSTEMPATH\View\View.php(227): CodeIgniter\View\View->CodeIgniter\View\{closure}()
 3 SYSTEMPATH\Common.php(1173): CodeIgniter\View\View->render('admin/berita/lihat_berita', [], true)
 4 APPPATH\Controllers\Berita.php(25): view('admin/berita/lihat_berita', [...])
 5 SYSTEMPATH\CodeIgniter.php(933): App\Controllers\Berita->index()
 6 SYSTEMPATH\CodeIgniter.php(507): CodeIgniter\CodeIgniter->runController(Object(App\Controllers\Berita))
 7 SYSTEMPATH\CodeIgniter.php(354): CodeIgniter\CodeIgniter->handleRequest(null, Object(Config\Cache), false)
 8 SYSTEMPATH\Boot.php(334): CodeIgniter\CodeIgniter->run()
 9 SYSTEMPATH\Boot.php(67): CodeIgniter\Boot::runCodeIgniter(Object(CodeIgniter\CodeIgniter))
10 FCPATH\index.php(59): CodeIgniter\Boot::bootWeb(Object(Config\Paths))
11 SYSTEMPATH\rewrite.php(44): require_once('E:\\laragon\\www\\kim-bimakota\\public\\index.php')
CRITICAL - 2025-07-09 02:19:34 --> Error: Cannot use object of type stdClass as array
[Method: GET, Route: admin/berita]
in APPPATH\Views\admin\berita\lihat_berita.php on line 43.
 1 SYSTEMPATH\View\View.php(224): include()
 2 SYSTEMPATH\View\View.php(227): CodeIgniter\View\View->CodeIgniter\View\{closure}()
 3 SYSTEMPATH\Common.php(1173): CodeIgniter\View\View->render('admin/berita/lihat_berita', [], true)
 4 APPPATH\Controllers\Berita.php(25): view('admin/berita/lihat_berita', [...])
 5 SYSTEMPATH\CodeIgniter.php(933): App\Controllers\Berita->index()
 6 SYSTEMPATH\CodeIgniter.php(507): CodeIgniter\CodeIgniter->runController(Object(App\Controllers\Berita))
 7 SYSTEMPATH\CodeIgniter.php(354): CodeIgniter\CodeIgniter->handleRequest(null, Object(Config\Cache), false)
 8 SYSTEMPATH\Boot.php(334): CodeIgniter\CodeIgniter->run()
 9 SYSTEMPATH\Boot.php(67): CodeIgniter\Boot::runCodeIgniter(Object(CodeIgniter\CodeIgniter))
10 FCPATH\index.php(59): CodeIgniter\Boot::bootWeb(Object(Config\Paths))
11 SYSTEMPATH\rewrite.php(44): require_once('E:\\laragon\\www\\kim-bimakota\\public\\index.php')
CRITICAL - 2025-07-09 02:19:34 --> Error: Cannot use object of type stdClass as array
[Method: GET, Route: admin/berita]
in APPPATH\Views\admin\berita\lihat_berita.php on line 43.
 1 SYSTEMPATH\View\View.php(224): include()
 2 SYSTEMPATH\View\View.php(227): CodeIgniter\View\View->CodeIgniter\View\{closure}()
 3 SYSTEMPATH\Common.php(1173): CodeIgniter\View\View->render('admin/berita/lihat_berita', [], true)
 4 APPPATH\Controllers\Berita.php(25): view('admin/berita/lihat_berita', [...])
 5 SYSTEMPATH\CodeIgniter.php(933): App\Controllers\Berita->index()
 6 SYSTEMPATH\CodeIgniter.php(507): CodeIgniter\CodeIgniter->runController(Object(App\Controllers\Berita))
 7 SYSTEMPATH\CodeIgniter.php(354): CodeIgniter\CodeIgniter->handleRequest(null, Object(Config\Cache), false)
 8 SYSTEMPATH\Boot.php(334): CodeIgniter\CodeIgniter->run()
 9 SYSTEMPATH\Boot.php(67): CodeIgniter\Boot::runCodeIgniter(Object(CodeIgniter\CodeIgniter))
10 FCPATH\index.php(59): CodeIgniter\Boot::bootWeb(Object(Config\Paths))
11 SYSTEMPATH\rewrite.php(44): require_once('E:\\laragon\\www\\kim-bimakota\\public\\index.php')
CRITICAL - 2025-07-09 02:19:35 --> Error: Cannot use object of type stdClass as array
[Method: GET, Route: admin/berita]
in APPPATH\Views\admin\berita\lihat_berita.php on line 43.
 1 SYSTEMPATH\View\View.php(224): include()
 2 SYSTEMPATH\View\View.php(227): CodeIgniter\View\View->CodeIgniter\View\{closure}()
 3 SYSTEMPATH\Common.php(1173): CodeIgniter\View\View->render('admin/berita/lihat_berita', [], true)
 4 APPPATH\Controllers\Berita.php(25): view('admin/berita/lihat_berita', [...])
 5 SYSTEMPATH\CodeIgniter.php(933): App\Controllers\Berita->index()
 6 SYSTEMPATH\CodeIgniter.php(507): CodeIgniter\CodeIgniter->runController(Object(App\Controllers\Berita))
 7 SYSTEMPATH\CodeIgniter.php(354): CodeIgniter\CodeIgniter->handleRequest(null, Object(Config\Cache), false)
 8 SYSTEMPATH\Boot.php(334): CodeIgniter\CodeIgniter->run()
 9 SYSTEMPATH\Boot.php(67): CodeIgniter\Boot::runCodeIgniter(Object(CodeIgniter\CodeIgniter))
10 FCPATH\index.php(59): CodeIgniter\Boot::bootWeb(Object(Config\Paths))
11 SYSTEMPATH\rewrite.php(44): require_once('E:\\laragon\\www\\kim-bimakota\\public\\index.php')
CRITICAL - 2025-07-09 02:19:35 --> Error: Cannot use object of type stdClass as array
[Method: GET, Route: admin/berita]
in APPPATH\Views\admin\berita\lihat_berita.php on line 43.
 1 SYSTEMPATH\View\View.php(224): include()
 2 SYSTEMPATH\View\View.php(227): CodeIgniter\View\View->CodeIgniter\View\{closure}()
 3 SYSTEMPATH\Common.php(1173): CodeIgniter\View\View->render('admin/berita/lihat_berita', [], true)
 4 APPPATH\Controllers\Berita.php(25): view('admin/berita/lihat_berita', [...])
 5 SYSTEMPATH\CodeIgniter.php(933): App\Controllers\Berita->index()
 6 SYSTEMPATH\CodeIgniter.php(507): CodeIgniter\CodeIgniter->runController(Object(App\Controllers\Berita))
 7 SYSTEMPATH\CodeIgniter.php(354): CodeIgniter\CodeIgniter->handleRequest(null, Object(Config\Cache), false)
 8 SYSTEMPATH\Boot.php(334): CodeIgniter\CodeIgniter->run()
 9 SYSTEMPATH\Boot.php(67): CodeIgniter\Boot::runCodeIgniter(Object(CodeIgniter\CodeIgniter))
10 FCPATH\index.php(59): CodeIgniter\Boot::bootWeb(Object(Config\Paths))
11 SYSTEMPATH\rewrite.php(44): require_once('E:\\laragon\\www\\kim-bimakota\\public\\index.php')
CRITICAL - 2025-07-09 02:19:36 --> Error: Cannot use object of type stdClass as array
[Method: GET, Route: admin/berita]
in APPPATH\Views\admin\berita\lihat_berita.php on line 43.
 1 SYSTEMPATH\View\View.php(224): include()
 2 SYSTEMPATH\View\View.php(227): CodeIgniter\View\View->CodeIgniter\View\{closure}()
 3 SYSTEMPATH\Common.php(1173): CodeIgniter\View\View->render('admin/berita/lihat_berita', [], true)
 4 APPPATH\Controllers\Berita.php(25): view('admin/berita/lihat_berita', [...])
 5 SYSTEMPATH\CodeIgniter.php(933): App\Controllers\Berita->index()
 6 SYSTEMPATH\CodeIgniter.php(507): CodeIgniter\CodeIgniter->runController(Object(App\Controllers\Berita))
 7 SYSTEMPATH\CodeIgniter.php(354): CodeIgniter\CodeIgniter->handleRequest(null, Object(Config\Cache), false)
 8 SYSTEMPATH\Boot.php(334): CodeIgniter\CodeIgniter->run()
 9 SYSTEMPATH\Boot.php(67): CodeIgniter\Boot::runCodeIgniter(Object(CodeIgniter\CodeIgniter))
10 FCPATH\index.php(59): CodeIgniter\Boot::bootWeb(Object(Config\Paths))
11 SYSTEMPATH\rewrite.php(44): require_once('E:\\laragon\\www\\kim-bimakota\\public\\index.php')
CRITICAL - 2025-07-09 02:22:35 --> ErrorException: Attempt to read property "news_title" on int
[Method: GET, Route: admin/berita]
in APPPATH\Views\admin\berita\lihat_berita.php on line 43.
 1 APPPATH\Views\admin\berita\lihat_berita.php(43): CodeIgniter\Debug\Exceptions->errorHandler(2, 'Attempt to read property "news_title" on int', 'E:\\laragon\\www\\kim-bimakota\\app\\Views\\admin\\berita\\lihat_berita.php', 43)
 2 SYSTEMPATH\View\View.php(224): include('E:\\laragon\\www\\kim-bimakota\\app\\Views\\admin\\berita\\lihat_berita.php')
 3 SYSTEMPATH\View\View.php(227): CodeIgniter\View\View->CodeIgniter\View\{closure}()
 4 SYSTEMPATH\Common.php(1173): CodeIgniter\View\View->render('admin/berita/lihat_berita', [], true)
 5 APPPATH\Controllers\Berita.php(25): view('admin/berita/lihat_berita', [...])
 6 SYSTEMPATH\CodeIgniter.php(933): App\Controllers\Berita->index()
 7 SYSTEMPATH\CodeIgniter.php(507): CodeIgniter\CodeIgniter->runController(Object(App\Controllers\Berita))
 8 SYSTEMPATH\CodeIgniter.php(354): CodeIgniter\CodeIgniter->handleRequest(null, Object(Config\Cache), false)
 9 SYSTEMPATH\Boot.php(334): CodeIgniter\CodeIgniter->run()
10 SYSTEMPATH\Boot.php(67): CodeIgniter\Boot::runCodeIgniter(Object(CodeIgniter\CodeIgniter))
11 FCPATH\index.php(59): CodeIgniter\Boot::bootWeb(Object(Config\Paths))
12 SYSTEMPATH\rewrite.php(44): require_once('E:\\laragon\\www\\kim-bimakota\\public\\index.php')
CRITICAL - 2025-07-09 02:22:37 --> ErrorException: Attempt to read property "news_title" on int
[Method: GET, Route: admin/berita]
in APPPATH\Views\admin\berita\lihat_berita.php on line 43.
 1 APPPATH\Views\admin\berita\lihat_berita.php(43): CodeIgniter\Debug\Exceptions->errorHandler(2, 'Attempt to read property "news_title" on int', 'E:\\laragon\\www\\kim-bimakota\\app\\Views\\admin\\berita\\lihat_berita.php', 43)
 2 SYSTEMPATH\View\View.php(224): include('E:\\laragon\\www\\kim-bimakota\\app\\Views\\admin\\berita\\lihat_berita.php')
 3 SYSTEMPATH\View\View.php(227): CodeIgniter\View\View->CodeIgniter\View\{closure}()
 4 SYSTEMPATH\Common.php(1173): CodeIgniter\View\View->render('admin/berita/lihat_berita', [], true)
 5 APPPATH\Controllers\Berita.php(25): view('admin/berita/lihat_berita', [...])
 6 SYSTEMPATH\CodeIgniter.php(933): App\Controllers\Berita->index()
 7 SYSTEMPATH\CodeIgniter.php(507): CodeIgniter\CodeIgniter->runController(Object(App\Controllers\Berita))
 8 SYSTEMPATH\CodeIgniter.php(354): CodeIgniter\CodeIgniter->handleRequest(null, Object(Config\Cache), false)
 9 SYSTEMPATH\Boot.php(334): CodeIgniter\CodeIgniter->run()
10 SYSTEMPATH\Boot.php(67): CodeIgniter\Boot::runCodeIgniter(Object(CodeIgniter\CodeIgniter))
11 FCPATH\index.php(59): CodeIgniter\Boot::bootWeb(Object(Config\Paths))
12 SYSTEMPATH\rewrite.php(44): require_once('E:\\laragon\\www\\kim-bimakota\\public\\index.php')
CRITICAL - 2025-07-09 02:23:07 --> ErrorException: Attempt to read property "news_title" on int
[Method: GET, Route: admin/berita]
in APPPATH\Views\admin\berita\lihat_berita.php on line 43.
 1 APPPATH\Views\admin\berita\lihat_berita.php(43): CodeIgniter\Debug\Exceptions->errorHandler(2, 'Attempt to read property "news_title" on int', 'E:\\laragon\\www\\kim-bimakota\\app\\Views\\admin\\berita\\lihat_berita.php', 43)
 2 SYSTEMPATH\View\View.php(224): include('E:\\laragon\\www\\kim-bimakota\\app\\Views\\admin\\berita\\lihat_berita.php')
 3 SYSTEMPATH\View\View.php(227): CodeIgniter\View\View->CodeIgniter\View\{closure}()
 4 SYSTEMPATH\Common.php(1173): CodeIgniter\View\View->render('admin/berita/lihat_berita', [], true)
 5 APPPATH\Controllers\Berita.php(25): view('admin/berita/lihat_berita', [...])
 6 SYSTEMPATH\CodeIgniter.php(933): App\Controllers\Berita->index()
 7 SYSTEMPATH\CodeIgniter.php(507): CodeIgniter\CodeIgniter->runController(Object(App\Controllers\Berita))
 8 SYSTEMPATH\CodeIgniter.php(354): CodeIgniter\CodeIgniter->handleRequest(null, Object(Config\Cache), false)
 9 SYSTEMPATH\Boot.php(334): CodeIgniter\CodeIgniter->run()
10 SYSTEMPATH\Boot.php(67): CodeIgniter\Boot::runCodeIgniter(Object(CodeIgniter\CodeIgniter))
11 FCPATH\index.php(59): CodeIgniter\Boot::bootWeb(Object(Config\Paths))
12 SYSTEMPATH\rewrite.php(44): require_once('E:\\laragon\\www\\kim-bimakota\\public\\index.php')
CRITICAL - 2025-07-09 02:26:58 --> ErrorException: Attempt to read property "news_title" on int
[Method: GET, Route: admin/berita]
in APPPATH\Views\admin\berita\lihat_berita.php on line 43.
 1 APPPATH\Views\admin\berita\lihat_berita.php(43): CodeIgniter\Debug\Exceptions->errorHandler(2, 'Attempt to read property "news_title" on int', 'E:\\laragon\\www\\kim-bimakota\\app\\Views\\admin\\berita\\lihat_berita.php', 43)
 2 SYSTEMPATH\View\View.php(224): include('E:\\laragon\\www\\kim-bimakota\\app\\Views\\admin\\berita\\lihat_berita.php')
 3 SYSTEMPATH\View\View.php(227): CodeIgniter\View\View->CodeIgniter\View\{closure}()
 4 SYSTEMPATH\Common.php(1173): CodeIgniter\View\View->render('admin/berita/lihat_berita', [], true)
 5 APPPATH\Controllers\Berita.php(25): view('admin/berita/lihat_berita', [...])
 6 SYSTEMPATH\CodeIgniter.php(933): App\Controllers\Berita->index()
 7 SYSTEMPATH\CodeIgniter.php(507): CodeIgniter\CodeIgniter->runController(Object(App\Controllers\Berita))
 8 SYSTEMPATH\CodeIgniter.php(354): CodeIgniter\CodeIgniter->handleRequest(null, Object(Config\Cache), false)
 9 SYSTEMPATH\Boot.php(334): CodeIgniter\CodeIgniter->run()
10 SYSTEMPATH\Boot.php(67): CodeIgniter\Boot::runCodeIgniter(Object(CodeIgniter\CodeIgniter))
11 FCPATH\index.php(59): CodeIgniter\Boot::bootWeb(Object(Config\Paths))
12 SYSTEMPATH\rewrite.php(44): require_once('E:\\laragon\\www\\kim-bimakota\\public\\index.php')
CRITICAL - 2025-07-09 02:26:58 --> ErrorException: Attempt to read property "news_title" on int
[Method: GET, Route: admin/berita]
in APPPATH\Views\admin\berita\lihat_berita.php on line 43.
 1 APPPATH\Views\admin\berita\lihat_berita.php(43): CodeIgniter\Debug\Exceptions->errorHandler(2, 'Attempt to read property "news_title" on int', 'E:\\laragon\\www\\kim-bimakota\\app\\Views\\admin\\berita\\lihat_berita.php', 43)
 2 SYSTEMPATH\View\View.php(224): include('E:\\laragon\\www\\kim-bimakota\\app\\Views\\admin\\berita\\lihat_berita.php')
 3 SYSTEMPATH\View\View.php(227): CodeIgniter\View\View->CodeIgniter\View\{closure}()
 4 SYSTEMPATH\Common.php(1173): CodeIgniter\View\View->render('admin/berita/lihat_berita', [], true)
 5 APPPATH\Controllers\Berita.php(25): view('admin/berita/lihat_berita', [...])
 6 SYSTEMPATH\CodeIgniter.php(933): App\Controllers\Berita->index()
 7 SYSTEMPATH\CodeIgniter.php(507): CodeIgniter\CodeIgniter->runController(Object(App\Controllers\Berita))
 8 SYSTEMPATH\CodeIgniter.php(354): CodeIgniter\CodeIgniter->handleRequest(null, Object(Config\Cache), false)
 9 SYSTEMPATH\Boot.php(334): CodeIgniter\CodeIgniter->run()
10 SYSTEMPATH\Boot.php(67): CodeIgniter\Boot::runCodeIgniter(Object(CodeIgniter\CodeIgniter))
11 FCPATH\index.php(59): CodeIgniter\Boot::bootWeb(Object(Config\Paths))
12 SYSTEMPATH\rewrite.php(44): require_once('E:\\laragon\\www\\kim-bimakota\\public\\index.php')
CRITICAL - 2025-07-09 02:26:59 --> ErrorException: Attempt to read property "news_title" on int
[Method: GET, Route: admin/berita]
in APPPATH\Views\admin\berita\lihat_berita.php on line 43.
 1 APPPATH\Views\admin\berita\lihat_berita.php(43): CodeIgniter\Debug\Exceptions->errorHandler(2, 'Attempt to read property "news_title" on int', 'E:\\laragon\\www\\kim-bimakota\\app\\Views\\admin\\berita\\lihat_berita.php', 43)
 2 SYSTEMPATH\View\View.php(224): include('E:\\laragon\\www\\kim-bimakota\\app\\Views\\admin\\berita\\lihat_berita.php')
 3 SYSTEMPATH\View\View.php(227): CodeIgniter\View\View->CodeIgniter\View\{closure}()
 4 SYSTEMPATH\Common.php(1173): CodeIgniter\View\View->render('admin/berita/lihat_berita', [], true)
 5 APPPATH\Controllers\Berita.php(25): view('admin/berita/lihat_berita', [...])
 6 SYSTEMPATH\CodeIgniter.php(933): App\Controllers\Berita->index()
 7 SYSTEMPATH\CodeIgniter.php(507): CodeIgniter\CodeIgniter->runController(Object(App\Controllers\Berita))
 8 SYSTEMPATH\CodeIgniter.php(354): CodeIgniter\CodeIgniter->handleRequest(null, Object(Config\Cache), false)
 9 SYSTEMPATH\Boot.php(334): CodeIgniter\CodeIgniter->run()
10 SYSTEMPATH\Boot.php(67): CodeIgniter\Boot::runCodeIgniter(Object(CodeIgniter\CodeIgniter))
11 FCPATH\index.php(59): CodeIgniter\Boot::bootWeb(Object(Config\Paths))
12 SYSTEMPATH\rewrite.php(44): require_once('E:\\laragon\\www\\kim-bimakota\\public\\index.php')
CRITICAL - 2025-07-09 02:27:00 --> ErrorException: Attempt to read property "news_title" on int
[Method: GET, Route: admin/berita]
in APPPATH\Views\admin\berita\lihat_berita.php on line 43.
 1 APPPATH\Views\admin\berita\lihat_berita.php(43): CodeIgniter\Debug\Exceptions->errorHandler(2, 'Attempt to read property "news_title" on int', 'E:\\laragon\\www\\kim-bimakota\\app\\Views\\admin\\berita\\lihat_berita.php', 43)
 2 SYSTEMPATH\View\View.php(224): include('E:\\laragon\\www\\kim-bimakota\\app\\Views\\admin\\berita\\lihat_berita.php')
 3 SYSTEMPATH\View\View.php(227): CodeIgniter\View\View->CodeIgniter\View\{closure}()
 4 SYSTEMPATH\Common.php(1173): CodeIgniter\View\View->render('admin/berita/lihat_berita', [], true)
 5 APPPATH\Controllers\Berita.php(25): view('admin/berita/lihat_berita', [...])
 6 SYSTEMPATH\CodeIgniter.php(933): App\Controllers\Berita->index()
 7 SYSTEMPATH\CodeIgniter.php(507): CodeIgniter\CodeIgniter->runController(Object(App\Controllers\Berita))
 8 SYSTEMPATH\CodeIgniter.php(354): CodeIgniter\CodeIgniter->handleRequest(null, Object(Config\Cache), false)
 9 SYSTEMPATH\Boot.php(334): CodeIgniter\CodeIgniter->run()
10 SYSTEMPATH\Boot.php(67): CodeIgniter\Boot::runCodeIgniter(Object(CodeIgniter\CodeIgniter))
11 FCPATH\index.php(59): CodeIgniter\Boot::bootWeb(Object(Config\Paths))
12 SYSTEMPATH\rewrite.php(44): require_once('E:\\laragon\\www\\kim-bimakota\\public\\index.php')
ERROR - 2025-07-09 03:49:53 --> mysqli_sql_exception: You have an error in your SQL syntax; check the manual that corresponds to your MySQL server version for the right syntax to use near 'OUTER JOIN `tbl_news_category` ON `tbl_news_category`.`news_categoryid` = `tbl_n' at line 3 in E:\laragon\www\kim-bimakota\system\Database\MySQLi\Connection.php:327
Stack trace:
#0 E:\laragon\www\kim-bimakota\system\Database\MySQLi\Connection.php(327): mysqli->query('SELECT *\nFROM `...', 0)
#1 E:\laragon\www\kim-bimakota\system\Database\BaseConnection.php(738): CodeIgniter\Database\MySQLi\Connection->execute('SELECT *\nFROM `...')
#2 E:\laragon\www\kim-bimakota\system\Database\BaseConnection.php(652): CodeIgniter\Database\BaseConnection->simpleQuery('SELECT *\nFROM `...')
#3 E:\laragon\www\kim-bimakota\system\Database\BaseBuilder.php(1649): CodeIgniter\Database\BaseConnection->query('SELECT *\nFROM `...', Array, false)
#4 E:\laragon\www\kim-bimakota\app\Models\BeritaModel.php(20): CodeIgniter\Database\BaseBuilder->get()
#5 E:\laragon\www\kim-bimakota\app\Controllers\Berita.php(18): App\Models\BeritaModel->getAll()
#6 E:\laragon\www\kim-bimakota\system\CodeIgniter.php(933): App\Controllers\Berita->index()
#7 E:\laragon\www\kim-bimakota\system\CodeIgniter.php(507): CodeIgniter\CodeIgniter->runController(Object(App\Controllers\Berita))
#8 E:\laragon\www\kim-bimakota\system\CodeIgniter.php(354): CodeIgniter\CodeIgniter->handleRequest(NULL, Object(Config\Cache), false)
#9 E:\laragon\www\kim-bimakota\system\Boot.php(334): CodeIgniter\CodeIgniter->run()
#10 E:\laragon\www\kim-bimakota\system\Boot.php(67): CodeIgniter\Boot::runCodeIgniter(Object(CodeIgniter\CodeIgniter))
#11 E:\laragon\www\kim-bimakota\public\index.php(59): CodeIgniter\Boot::bootWeb(Object(Config\Paths))
#12 E:\laragon\www\kim-bimakota\system\rewrite.php(44): require_once('E:\\laragon\\www\\...')
#13 {main}
CRITICAL - 2025-07-09 03:49:53 --> CodeIgniter\Database\Exceptions\DatabaseException: You have an error in your SQL syntax; check the manual that corresponds to your MySQL server version for the right syntax to use near 'OUTER JOIN `tbl_news_category` ON `tbl_news_category`.`news_categoryid` = `tbl_n' at line 3
[Method: GET, Route: admin/berita]
in SYSTEMPATH\Database\BaseConnection.php on line 692.
 1 SYSTEMPATH\Database\BaseBuilder.php(1649): CodeIgniter\Database\BaseConnection->query('SELECT *
FROM `tbl_news`
OUTER JOIN `tbl_news_category` ON `tbl_news_category`.`news_categoryid` = `tbl_news`.`newsid`
OUTER JOIN `tbl_user` ON `tbl_user`.`userid` = `tbl_news`.`newsid`', [], false)
 2 APPPATH\Models\BeritaModel.php(20): CodeIgniter\Database\BaseBuilder->get()
 3 APPPATH\Controllers\Berita.php(18): App\Models\BeritaModel->getAll()
 4 SYSTEMPATH\CodeIgniter.php(933): App\Controllers\Berita->index()
 5 SYSTEMPATH\CodeIgniter.php(507): CodeIgniter\CodeIgniter->runController(Object(App\Controllers\Berita))
 6 SYSTEMPATH\CodeIgniter.php(354): CodeIgniter\CodeIgniter->handleRequest(null, Object(Config\Cache), false)
 7 SYSTEMPATH\Boot.php(334): CodeIgniter\CodeIgniter->run()
 8 SYSTEMPATH\Boot.php(67): CodeIgniter\Boot::runCodeIgniter(Object(CodeIgniter\CodeIgniter))
 9 FCPATH\index.php(59): CodeIgniter\Boot::bootWeb(Object(Config\Paths))
10 SYSTEMPATH\rewrite.php(44): require_once('E:\\laragon\\www\\kim-bimakota\\public\\index.php')
CRITICAL - 2025-07-09 03:49:53 --> [Caused by] CodeIgniter\Database\Exceptions\DatabaseException: You have an error in your SQL syntax; check the manual that corresponds to your MySQL server version for the right syntax to use near 'OUTER JOIN `tbl_news_category` ON `tbl_news_category`.`news_categoryid` = `tbl_n' at line 3
in SYSTEMPATH\Database\MySQLi\Connection.php on line 332.
 1 SYSTEMPATH\Database\BaseConnection.php(738): CodeIgniter\Database\MySQLi\Connection->execute('SELECT *
FROM `tbl_news`
OUTER JOIN `tbl_news_category` ON `tbl_news_category`.`news_categoryid` = `tbl_news`.`newsid`
OUTER JOIN `tbl_user` ON `tbl_user`.`userid` = `tbl_news`.`newsid`')
 2 SYSTEMPATH\Database\BaseConnection.php(652): CodeIgniter\Database\BaseConnection->simpleQuery('SELECT *
FROM `tbl_news`
OUTER JOIN `tbl_news_category` ON `tbl_news_category`.`news_categoryid` = `tbl_news`.`newsid`
OUTER JOIN `tbl_user` ON `tbl_user`.`userid` = `tbl_news`.`newsid`')
 3 SYSTEMPATH\Database\BaseBuilder.php(1649): CodeIgniter\Database\BaseConnection->query('SELECT *
FROM `tbl_news`
OUTER JOIN `tbl_news_category` ON `tbl_news_category`.`news_categoryid` = `tbl_news`.`newsid`
OUTER JOIN `tbl_user` ON `tbl_user`.`userid` = `tbl_news`.`newsid`', [], false)
 4 APPPATH\Models\BeritaModel.php(20): CodeIgniter\Database\BaseBuilder->get()
 5 APPPATH\Controllers\Berita.php(18): App\Models\BeritaModel->getAll()
 6 SYSTEMPATH\CodeIgniter.php(933): App\Controllers\Berita->index()
 7 SYSTEMPATH\CodeIgniter.php(507): CodeIgniter\CodeIgniter->runController(Object(App\Controllers\Berita))
 8 SYSTEMPATH\CodeIgniter.php(354): CodeIgniter\CodeIgniter->handleRequest(null, Object(Config\Cache), false)
 9 SYSTEMPATH\Boot.php(334): CodeIgniter\CodeIgniter->run()
10 SYSTEMPATH\Boot.php(67): CodeIgniter\Boot::runCodeIgniter(Object(CodeIgniter\CodeIgniter))
11 FCPATH\index.php(59): CodeIgniter\Boot::bootWeb(Object(Config\Paths))
12 SYSTEMPATH\rewrite.php(44): require_once('E:\\laragon\\www\\kim-bimakota\\public\\index.php')
CRITICAL - 2025-07-09 03:49:53 --> [Caused by] mysqli_sql_exception: You have an error in your SQL syntax; check the manual that corresponds to your MySQL server version for the right syntax to use near 'OUTER JOIN `tbl_news_category` ON `tbl_news_category`.`news_categoryid` = `tbl_n' at line 3
in SYSTEMPATH\Database\MySQLi\Connection.php on line 327.
 1 SYSTEMPATH\Database\MySQLi\Connection.php(327): mysqli->query('SELECT *
FROM `tbl_news`
OUTER JOIN `tbl_news_category` ON `tbl_news_category`.`news_categoryid` = `tbl_news`.`newsid`
OUTER JOIN `tbl_user` ON `tbl_user`.`userid` = `tbl_news`.`newsid`', 0)
 2 SYSTEMPATH\Database\BaseConnection.php(738): CodeIgniter\Database\MySQLi\Connection->execute('SELECT *
FROM `tbl_news`
OUTER JOIN `tbl_news_category` ON `tbl_news_category`.`news_categoryid` = `tbl_news`.`newsid`
OUTER JOIN `tbl_user` ON `tbl_user`.`userid` = `tbl_news`.`newsid`')
 3 SYSTEMPATH\Database\BaseConnection.php(652): CodeIgniter\Database\BaseConnection->simpleQuery('SELECT *
FROM `tbl_news`
OUTER JOIN `tbl_news_category` ON `tbl_news_category`.`news_categoryid` = `tbl_news`.`newsid`
OUTER JOIN `tbl_user` ON `tbl_user`.`userid` = `tbl_news`.`newsid`')
 4 SYSTEMPATH\Database\BaseBuilder.php(1649): CodeIgniter\Database\BaseConnection->query('SELECT *
FROM `tbl_news`
OUTER JOIN `tbl_news_category` ON `tbl_news_category`.`news_categoryid` = `tbl_news`.`newsid`
OUTER JOIN `tbl_user` ON `tbl_user`.`userid` = `tbl_news`.`newsid`', [], false)
 5 APPPATH\Models\BeritaModel.php(20): CodeIgniter\Database\BaseBuilder->get()
 6 APPPATH\Controllers\Berita.php(18): App\Models\BeritaModel->getAll()
 7 SYSTEMPATH\CodeIgniter.php(933): App\Controllers\Berita->index()
 8 SYSTEMPATH\CodeIgniter.php(507): CodeIgniter\CodeIgniter->runController(Object(App\Controllers\Berita))
 9 SYSTEMPATH\CodeIgniter.php(354): CodeIgniter\CodeIgniter->handleRequest(null, Object(Config\Cache), false)
10 SYSTEMPATH\Boot.php(334): CodeIgniter\CodeIgniter->run()
11 SYSTEMPATH\Boot.php(67): CodeIgniter\Boot::runCodeIgniter(Object(CodeIgniter\CodeIgniter))
12 FCPATH\index.php(59): CodeIgniter\Boot::bootWeb(Object(Config\Paths))
13 SYSTEMPATH\rewrite.php(44): require_once('E:\\laragon\\www\\kim-bimakota\\public\\index.php')
ERROR - 2025-07-09 03:51:16 --> mysqli_sql_exception: You have an error in your SQL syntax; check the manual that corresponds to your MySQL server version for the right syntax to use near 'OUTER JOIN `tbl_news_category` ON `tbl_news_category`.`news_categoryid` = `tbl_n' at line 3 in E:\laragon\www\kim-bimakota\system\Database\MySQLi\Connection.php:327
Stack trace:
#0 E:\laragon\www\kim-bimakota\system\Database\MySQLi\Connection.php(327): mysqli->query('SELECT *\nFROM `...', 0)
#1 E:\laragon\www\kim-bimakota\system\Database\BaseConnection.php(738): CodeIgniter\Database\MySQLi\Connection->execute('SELECT *\nFROM `...')
#2 E:\laragon\www\kim-bimakota\system\Database\BaseConnection.php(652): CodeIgniter\Database\BaseConnection->simpleQuery('SELECT *\nFROM `...')
#3 E:\laragon\www\kim-bimakota\system\Database\BaseBuilder.php(1649): CodeIgniter\Database\BaseConnection->query('SELECT *\nFROM `...', Array, false)
#4 E:\laragon\www\kim-bimakota\app\Models\BeritaModel.php(20): CodeIgniter\Database\BaseBuilder->get()
#5 E:\laragon\www\kim-bimakota\app\Controllers\Berita.php(18): App\Models\BeritaModel->getAll()
#6 E:\laragon\www\kim-bimakota\system\CodeIgniter.php(933): App\Controllers\Berita->index()
#7 E:\laragon\www\kim-bimakota\system\CodeIgniter.php(507): CodeIgniter\CodeIgniter->runController(Object(App\Controllers\Berita))
#8 E:\laragon\www\kim-bimakota\system\CodeIgniter.php(354): CodeIgniter\CodeIgniter->handleRequest(NULL, Object(Config\Cache), false)
#9 E:\laragon\www\kim-bimakota\system\Boot.php(334): CodeIgniter\CodeIgniter->run()
#10 E:\laragon\www\kim-bimakota\system\Boot.php(67): CodeIgniter\Boot::runCodeIgniter(Object(CodeIgniter\CodeIgniter))
#11 E:\laragon\www\kim-bimakota\public\index.php(59): CodeIgniter\Boot::bootWeb(Object(Config\Paths))
#12 E:\laragon\www\kim-bimakota\system\rewrite.php(44): require_once('E:\\laragon\\www\\...')
#13 {main}
CRITICAL - 2025-07-09 03:51:16 --> CodeIgniter\Database\Exceptions\DatabaseException: You have an error in your SQL syntax; check the manual that corresponds to your MySQL server version for the right syntax to use near 'OUTER JOIN `tbl_news_category` ON `tbl_news_category`.`news_categoryid` = `tbl_n' at line 3
[Method: GET, Route: admin/berita]
in SYSTEMPATH\Database\BaseConnection.php on line 692.
 1 SYSTEMPATH\Database\BaseBuilder.php(1649): CodeIgniter\Database\BaseConnection->query('SELECT *
FROM `tbl_news`
OUTER JOIN `tbl_news_category` ON `tbl_news_category`.`news_categoryid` = `tbl_news`.`newsid`
LEFT JOIN `tbl_user` ON `tbl_user`.`userid` = `tbl_news`.`newsid`', [], false)
 2 APPPATH\Models\BeritaModel.php(20): CodeIgniter\Database\BaseBuilder->get()
 3 APPPATH\Controllers\Berita.php(18): App\Models\BeritaModel->getAll()
 4 SYSTEMPATH\CodeIgniter.php(933): App\Controllers\Berita->index()
 5 SYSTEMPATH\CodeIgniter.php(507): CodeIgniter\CodeIgniter->runController(Object(App\Controllers\Berita))
 6 SYSTEMPATH\CodeIgniter.php(354): CodeIgniter\CodeIgniter->handleRequest(null, Object(Config\Cache), false)
 7 SYSTEMPATH\Boot.php(334): CodeIgniter\CodeIgniter->run()
 8 SYSTEMPATH\Boot.php(67): CodeIgniter\Boot::runCodeIgniter(Object(CodeIgniter\CodeIgniter))
 9 FCPATH\index.php(59): CodeIgniter\Boot::bootWeb(Object(Config\Paths))
10 SYSTEMPATH\rewrite.php(44): require_once('E:\\laragon\\www\\kim-bimakota\\public\\index.php')
CRITICAL - 2025-07-09 03:51:16 --> [Caused by] CodeIgniter\Database\Exceptions\DatabaseException: You have an error in your SQL syntax; check the manual that corresponds to your MySQL server version for the right syntax to use near 'OUTER JOIN `tbl_news_category` ON `tbl_news_category`.`news_categoryid` = `tbl_n' at line 3
in SYSTEMPATH\Database\MySQLi\Connection.php on line 332.
 1 SYSTEMPATH\Database\BaseConnection.php(738): CodeIgniter\Database\MySQLi\Connection->execute('SELECT *
FROM `tbl_news`
OUTER JOIN `tbl_news_category` ON `tbl_news_category`.`news_categoryid` = `tbl_news`.`newsid`
LEFT JOIN `tbl_user` ON `tbl_user`.`userid` = `tbl_news`.`newsid`')
 2 SYSTEMPATH\Database\BaseConnection.php(652): CodeIgniter\Database\BaseConnection->simpleQuery('SELECT *
FROM `tbl_news`
OUTER JOIN `tbl_news_category` ON `tbl_news_category`.`news_categoryid` = `tbl_news`.`newsid`
LEFT JOIN `tbl_user` ON `tbl_user`.`userid` = `tbl_news`.`newsid`')
 3 SYSTEMPATH\Database\BaseBuilder.php(1649): CodeIgniter\Database\BaseConnection->query('SELECT *
FROM `tbl_news`
OUTER JOIN `tbl_news_category` ON `tbl_news_category`.`news_categoryid` = `tbl_news`.`newsid`
LEFT JOIN `tbl_user` ON `tbl_user`.`userid` = `tbl_news`.`newsid`', [], false)
 4 APPPATH\Models\BeritaModel.php(20): CodeIgniter\Database\BaseBuilder->get()
 5 APPPATH\Controllers\Berita.php(18): App\Models\BeritaModel->getAll()
 6 SYSTEMPATH\CodeIgniter.php(933): App\Controllers\Berita->index()
 7 SYSTEMPATH\CodeIgniter.php(507): CodeIgniter\CodeIgniter->runController(Object(App\Controllers\Berita))
 8 SYSTEMPATH\CodeIgniter.php(354): CodeIgniter\CodeIgniter->handleRequest(null, Object(Config\Cache), false)
 9 SYSTEMPATH\Boot.php(334): CodeIgniter\CodeIgniter->run()
10 SYSTEMPATH\Boot.php(67): CodeIgniter\Boot::runCodeIgniter(Object(CodeIgniter\CodeIgniter))
11 FCPATH\index.php(59): CodeIgniter\Boot::bootWeb(Object(Config\Paths))
12 SYSTEMPATH\rewrite.php(44): require_once('E:\\laragon\\www\\kim-bimakota\\public\\index.php')
CRITICAL - 2025-07-09 03:51:16 --> [Caused by] mysqli_sql_exception: You have an error in your SQL syntax; check the manual that corresponds to your MySQL server version for the right syntax to use near 'OUTER JOIN `tbl_news_category` ON `tbl_news_category`.`news_categoryid` = `tbl_n' at line 3
in SYSTEMPATH\Database\MySQLi\Connection.php on line 327.
 1 SYSTEMPATH\Database\MySQLi\Connection.php(327): mysqli->query('SELECT *
FROM `tbl_news`
OUTER JOIN `tbl_news_category` ON `tbl_news_category`.`news_categoryid` = `tbl_news`.`newsid`
LEFT JOIN `tbl_user` ON `tbl_user`.`userid` = `tbl_news`.`newsid`', 0)
 2 SYSTEMPATH\Database\BaseConnection.php(738): CodeIgniter\Database\MySQLi\Connection->execute('SELECT *
FROM `tbl_news`
OUTER JOIN `tbl_news_category` ON `tbl_news_category`.`news_categoryid` = `tbl_news`.`newsid`
LEFT JOIN `tbl_user` ON `tbl_user`.`userid` = `tbl_news`.`newsid`')
 3 SYSTEMPATH\Database\BaseConnection.php(652): CodeIgniter\Database\BaseConnection->simpleQuery('SELECT *
FROM `tbl_news`
OUTER JOIN `tbl_news_category` ON `tbl_news_category`.`news_categoryid` = `tbl_news`.`newsid`
LEFT JOIN `tbl_user` ON `tbl_user`.`userid` = `tbl_news`.`newsid`')
 4 SYSTEMPATH\Database\BaseBuilder.php(1649): CodeIgniter\Database\BaseConnection->query('SELECT *
FROM `tbl_news`
OUTER JOIN `tbl_news_category` ON `tbl_news_category`.`news_categoryid` = `tbl_news`.`newsid`
LEFT JOIN `tbl_user` ON `tbl_user`.`userid` = `tbl_news`.`newsid`', [], false)
 5 APPPATH\Models\BeritaModel.php(20): CodeIgniter\Database\BaseBuilder->get()
 6 APPPATH\Controllers\Berita.php(18): App\Models\BeritaModel->getAll()
 7 SYSTEMPATH\CodeIgniter.php(933): App\Controllers\Berita->index()
 8 SYSTEMPATH\CodeIgniter.php(507): CodeIgniter\CodeIgniter->runController(Object(App\Controllers\Berita))
 9 SYSTEMPATH\CodeIgniter.php(354): CodeIgniter\CodeIgniter->handleRequest(null, Object(Config\Cache), false)
10 SYSTEMPATH\Boot.php(334): CodeIgniter\CodeIgniter->run()
11 SYSTEMPATH\Boot.php(67): CodeIgniter\Boot::runCodeIgniter(Object(CodeIgniter\CodeIgniter))
12 FCPATH\index.php(59): CodeIgniter\Boot::bootWeb(Object(Config\Paths))
13 SYSTEMPATH\rewrite.php(44): require_once('E:\\laragon\\www\\kim-bimakota\\public\\index.php')
