DEBUG - 2025-08-05 01:52:53 --> Session: Class initialized using 'CodeIgniter\Session\Handlers\FileHandler' driver.
DEBUG - 2025-08-05 01:53:06 --> Session: Class initialized using 'CodeIgniter\Session\Handlers\FileHandler' driver.
DEBUG - 2025-08-05 01:53:31 --> Session: Class initialized using 'CodeIgniter\Session\Handlers\FileHandler' driver.
DEBUG - 2025-08-05 01:53:58 --> Session: Class initialized using 'CodeIgniter\Session\Handlers\FileHandler' driver.
DEBUG - 2025-08-05 01:54:03 --> Session: Class initialized using 'CodeIgniter\Session\Handlers\FileHandler' driver.
DEBUG - 2025-08-05 01:58:37 --> Session: Class initialized using 'CodeIgniter\Session\Handlers\FileHandler' driver.
DEBUG - 2025-08-05 01:58:50 --> Session: Class initialized using 'CodeIgniter\Session\Handlers\FileHandler' driver.
DEBUG - 2025-08-05 01:59:51 --> Session: Class initialized using 'CodeIgniter\Session\Handlers\FileHandler' driver.
DEBUG - 2025-08-05 02:00:03 --> Session: Class initialized using 'CodeIgniter\Session\Handlers\FileHandler' driver.
DEBUG - 2025-08-05 02:01:50 --> Session: Class initialized using 'CodeIgniter\Session\Handlers\FileHandler' driver.
DEBUG - 2025-08-05 02:02:01 --> Session: Class initialized using 'CodeIgniter\Session\Handlers\FileHandler' driver.
DEBUG - 2025-08-05 02:13:40 --> Session: Class initialized using 'CodeIgniter\Session\Handlers\FileHandler' driver.
DEBUG - 2025-08-05 02:15:10 --> Session: Class initialized using 'CodeIgniter\Session\Handlers\FileHandler' driver.
INFO - 2025-08-05 02:16:13 --> CSRF token verified.
CRITICAL - 2025-08-05 02:16:13 --> CodeIgniter\Images\Exceptions\ImageException: Unable to save the image. Please make sure the image and file directory are writable.
[Method: POST, Route: admin/berita/simpan_berita]
in SYSTEMPATH\Images\Handlers\GDHandler.php on line 256.
 1 SYSTEMPATH\Images\Handlers\GDHandler.php(256): CodeIgniter\Images\Exceptions\ImageException::forSaveFailed()
 2 APPPATH\Controllers\Berita.php(117): CodeIgniter\Images\Handlers\GDHandler->save('E:\\laragon\\www\\kim-bimakota\\writable\\public/assets/upload/image/thumbs/1754025095_6d4ee661d52f96497281.jpeg')
 3 SYSTEMPATH\CodeIgniter.php(933): App\Controllers\Berita->simpan_berita()
 4 SYSTEMPATH\CodeIgniter.php(507): CodeIgniter\CodeIgniter->runController(Object(App\Controllers\Berita))
 5 SYSTEMPATH\CodeIgniter.php(354): CodeIgniter\CodeIgniter->handleRequest(null, Object(Config\Cache), false)
 6 SYSTEMPATH\Boot.php(334): CodeIgniter\CodeIgniter->run()
 7 SYSTEMPATH\Boot.php(67): CodeIgniter\Boot::runCodeIgniter(Object(CodeIgniter\CodeIgniter))
 8 FCPATH\index.php(59): CodeIgniter\Boot::bootWeb(Object(Config\Paths))
 9 SYSTEMPATH\rewrite.php(44): require_once('E:\\laragon\\www\\kim-bimakota\\public\\index.php')
INFO - 2025-08-05 02:18:11 --> CSRF token verified.
CRITICAL - 2025-08-05 02:18:11 --> CodeIgniter\Images\Exceptions\ImageException: Unable to save the image. Please make sure the image and file directory are writable.
[Method: POST, Route: admin/berita/simpan_berita]
in SYSTEMPATH\Images\Handlers\GDHandler.php on line 256.
 1 SYSTEMPATH\Images\Handlers\GDHandler.php(256): CodeIgniter\Images\Exceptions\ImageException::forSaveFailed()
 2 APPPATH\Controllers\Berita.php(117): CodeIgniter\Images\Handlers\GDHandler->save('E:\\laragon\\www\\kim-bimakota\\writable\\../assets/upload/image/thumbs/1754025095_6d4ee661d52f96497281.jpeg')
 3 SYSTEMPATH\CodeIgniter.php(933): App\Controllers\Berita->simpan_berita()
 4 SYSTEMPATH\CodeIgniter.php(507): CodeIgniter\CodeIgniter->runController(Object(App\Controllers\Berita))
 5 SYSTEMPATH\CodeIgniter.php(354): CodeIgniter\CodeIgniter->handleRequest(null, Object(Config\Cache), false)
 6 SYSTEMPATH\Boot.php(334): CodeIgniter\CodeIgniter->run()
 7 SYSTEMPATH\Boot.php(67): CodeIgniter\Boot::runCodeIgniter(Object(CodeIgniter\CodeIgniter))
 8 FCPATH\index.php(59): CodeIgniter\Boot::bootWeb(Object(Config\Paths))
 9 SYSTEMPATH\rewrite.php(44): require_once('E:\\laragon\\www\\kim-bimakota\\public\\index.php')
INFO - 2025-08-05 02:20:10 --> CSRF token verified.
CRITICAL - 2025-08-05 02:20:11 --> CodeIgniter\Images\Exceptions\ImageException: Unable to save the image. Please make sure the image and file directory are writable.
[Method: POST, Route: admin/berita/simpan_berita]
in SYSTEMPATH\Images\Handlers\GDHandler.php on line 256.
 1 SYSTEMPATH\Images\Handlers\GDHandler.php(256): CodeIgniter\Images\Exceptions\ImageException::forSaveFailed()
 2 APPPATH\Controllers\Berita.php(117): CodeIgniter\Images\Handlers\GDHandler->save('E:\\laragon\\www\\kim-bimakota\\writable\\../assets/upload/image/thumbs/1754025095_6d4ee661d52f96497281.jpeg')
 3 SYSTEMPATH\CodeIgniter.php(933): App\Controllers\Berita->simpan_berita()
 4 SYSTEMPATH\CodeIgniter.php(507): CodeIgniter\CodeIgniter->runController(Object(App\Controllers\Berita))
 5 SYSTEMPATH\CodeIgniter.php(354): CodeIgniter\CodeIgniter->handleRequest(null, Object(Config\Cache), false)
 6 SYSTEMPATH\Boot.php(334): CodeIgniter\CodeIgniter->run()
 7 SYSTEMPATH\Boot.php(67): CodeIgniter\Boot::runCodeIgniter(Object(CodeIgniter\CodeIgniter))
 8 FCPATH\index.php(59): CodeIgniter\Boot::bootWeb(Object(Config\Paths))
 9 SYSTEMPATH\rewrite.php(44): require_once('E:\\laragon\\www\\kim-bimakota\\public\\index.php')
INFO - 2025-08-05 02:23:16 --> CSRF token verified.
CRITICAL - 2025-08-05 02:23:16 --> CodeIgniter\Images\Exceptions\ImageException: Unable to save the image. Please make sure the image and file directory are writable.
[Method: POST, Route: admin/berita/simpan_berita]
in SYSTEMPATH\Images\Handlers\GDHandler.php on line 256.
 1 SYSTEMPATH\Images\Handlers\GDHandler.php(256): CodeIgniter\Images\Exceptions\ImageException::forSaveFailed()
 2 APPPATH\Controllers\Berita.php(117): CodeIgniter\Images\Handlers\GDHandler->save('E:\\laragon\\www\\kim-bimakota\\writable\\../assets/upload/image/thumbs/1754025095_6d4ee661d52f96497281.jpeg')
 3 SYSTEMPATH\CodeIgniter.php(933): App\Controllers\Berita->simpan_berita()
 4 SYSTEMPATH\CodeIgniter.php(507): CodeIgniter\CodeIgniter->runController(Object(App\Controllers\Berita))
 5 SYSTEMPATH\CodeIgniter.php(354): CodeIgniter\CodeIgniter->handleRequest(null, Object(Config\Cache), false)
 6 SYSTEMPATH\Boot.php(334): CodeIgniter\CodeIgniter->run()
 7 SYSTEMPATH\Boot.php(67): CodeIgniter\Boot::runCodeIgniter(Object(CodeIgniter\CodeIgniter))
 8 FCPATH\index.php(59): CodeIgniter\Boot::bootWeb(Object(Config\Paths))
 9 SYSTEMPATH\rewrite.php(44): require_once('E:\\laragon\\www\\kim-bimakota\\public\\index.php')
INFO - 2025-08-05 02:23:18 --> CSRF token verified.
CRITICAL - 2025-08-05 02:23:18 --> CodeIgniter\Images\Exceptions\ImageException: Unable to save the image. Please make sure the image and file directory are writable.
[Method: POST, Route: admin/berita/simpan_berita]
in SYSTEMPATH\Images\Handlers\GDHandler.php on line 256.
 1 SYSTEMPATH\Images\Handlers\GDHandler.php(256): CodeIgniter\Images\Exceptions\ImageException::forSaveFailed()
 2 APPPATH\Controllers\Berita.php(117): CodeIgniter\Images\Handlers\GDHandler->save('E:\\laragon\\www\\kim-bimakota\\writable\\../assets/upload/image/thumbs/1754025095_6d4ee661d52f96497281.jpeg')
 3 SYSTEMPATH\CodeIgniter.php(933): App\Controllers\Berita->simpan_berita()
 4 SYSTEMPATH\CodeIgniter.php(507): CodeIgniter\CodeIgniter->runController(Object(App\Controllers\Berita))
 5 SYSTEMPATH\CodeIgniter.php(354): CodeIgniter\CodeIgniter->handleRequest(null, Object(Config\Cache), false)
 6 SYSTEMPATH\Boot.php(334): CodeIgniter\CodeIgniter->run()
 7 SYSTEMPATH\Boot.php(67): CodeIgniter\Boot::runCodeIgniter(Object(CodeIgniter\CodeIgniter))
 8 FCPATH\index.php(59): CodeIgniter\Boot::bootWeb(Object(Config\Paths))
 9 SYSTEMPATH\rewrite.php(44): require_once('E:\\laragon\\www\\kim-bimakota\\public\\index.php')
INFO - 2025-08-05 02:25:42 --> CSRF token verified.
CRITICAL - 2025-08-05 02:25:42 --> CodeIgniter\Images\Exceptions\ImageException: Unable to save the image. Please make sure the image and file directory are writable.
[Method: POST, Route: admin/berita/simpan_berita]
in SYSTEMPATH\Images\Handlers\GDHandler.php on line 256.
 1 SYSTEMPATH\Images\Handlers\GDHandler.php(256): CodeIgniter\Images\Exceptions\ImageException::forSaveFailed()
 2 APPPATH\Controllers\Berita.php(117): CodeIgniter\Images\Handlers\GDHandler->save('E:\\laragon\\www\\kim-bimakota\\writable\\../assets/upload/image/thumbs/1754025095_6d4ee661d52f96497281.jpeg')
 3 SYSTEMPATH\CodeIgniter.php(933): App\Controllers\Berita->simpan_berita()
 4 SYSTEMPATH\CodeIgniter.php(507): CodeIgniter\CodeIgniter->runController(Object(App\Controllers\Berita))
 5 SYSTEMPATH\CodeIgniter.php(354): CodeIgniter\CodeIgniter->handleRequest(null, Object(Config\Cache), false)
 6 SYSTEMPATH\Boot.php(334): CodeIgniter\CodeIgniter->run()
 7 SYSTEMPATH\Boot.php(67): CodeIgniter\Boot::runCodeIgniter(Object(CodeIgniter\CodeIgniter))
 8 FCPATH\index.php(59): CodeIgniter\Boot::bootWeb(Object(Config\Paths))
 9 SYSTEMPATH\rewrite.php(44): require_once('E:\\laragon\\www\\kim-bimakota\\public\\index.php')
INFO - 2025-08-05 02:27:49 --> CSRF token verified.
DEBUG - 2025-08-05 02:27:51 --> Session: Class initialized using 'CodeIgniter\Session\Handlers\FileHandler' driver.
DEBUG - 2025-08-05 02:27:51 --> Session: Class initialized using 'CodeIgniter\Session\Handlers\FileHandler' driver.
CRITICAL - 2025-08-05 02:32:16 --> CodeIgniter\HTTP\Exceptions\BadRequestException: The URI you submitted has disallowed characters: " . $berita['news_image']"
[Method: GET, Route: assets/upload/image/%20.%20$berita%5B%27news_image%27%5D]
in SYSTEMPATH\Router\Router.php on line 741.
 1 SYSTEMPATH\Router\Router.php(207): CodeIgniter\Router\Router->checkDisallowedChars('assets/upload/image/ . $berita[\'news_image\']')
 2 SYSTEMPATH\CodeIgniter.php(832): CodeIgniter\Router\Router->handle('assets/upload/image/ . $berita[\'news_image\']')
 3 SYSTEMPATH\CodeIgniter.php(455): CodeIgniter\CodeIgniter->tryToRouteIt(Object(CodeIgniter\Router\RouteCollection))
 4 SYSTEMPATH\CodeIgniter.php(354): CodeIgniter\CodeIgniter->handleRequest(null, Object(Config\Cache), false)
 5 SYSTEMPATH\Boot.php(334): CodeIgniter\CodeIgniter->run()
 6 SYSTEMPATH\Boot.php(67): CodeIgniter\Boot::runCodeIgniter(Object(CodeIgniter\CodeIgniter))
 7 FCPATH\index.php(59): CodeIgniter\Boot::bootWeb(Object(Config\Paths))
 8 SYSTEMPATH\rewrite.php(44): require_once('E:\\laragon\\www\\kim-bimakota\\public\\index.php')
DEBUG - 2025-08-05 02:33:11 --> Session: Class initialized using 'CodeIgniter\Session\Handlers\FileHandler' driver.
DEBUG - 2025-08-05 02:33:34 --> Session: Class initialized using 'CodeIgniter\Session\Handlers\FileHandler' driver.
DEBUG - 2025-08-05 02:48:25 --> Session: Class initialized using 'CodeIgniter\Session\Handlers\FileHandler' driver.
DEBUG - 2025-08-05 02:49:29 --> Session: Class initialized using 'CodeIgniter\Session\Handlers\FileHandler' driver.
DEBUG - 2025-08-05 03:05:03 --> Session: Class initialized using 'CodeIgniter\Session\Handlers\FileHandler' driver.
DEBUG - 2025-08-05 03:05:33 --> Session: Class initialized using 'CodeIgniter\Session\Handlers\FileHandler' driver.
INFO - 2025-08-05 03:06:03 --> CSRF token verified.
CRITICAL - 2025-08-05 03:06:04 --> CodeIgniter\Images\Exceptions\ImageException: Unable to save the image. Please make sure the image and file directory are writable.
[Method: POST, Route: admin/berita/simpan_berita]
in SYSTEMPATH\Images\Handlers\GDHandler.php on line 256.
 1 SYSTEMPATH\Images\Handlers\GDHandler.php(256): CodeIgniter\Images\Exceptions\ImageException::forSaveFailed()
 2 APPPATH\Controllers\Berita.php(117): CodeIgniter\Images\Handlers\GDHandler->save('E:\\laragon\\www\\kim-bimakota\\writable\\assets/upload/image/thumbs/1754086440_73e687c3177b2331da74.jpg')
 3 SYSTEMPATH\CodeIgniter.php(933): App\Controllers\Berita->simpan_berita()
 4 SYSTEMPATH\CodeIgniter.php(507): CodeIgniter\CodeIgniter->runController(Object(App\Controllers\Berita))
 5 SYSTEMPATH\CodeIgniter.php(354): CodeIgniter\CodeIgniter->handleRequest(null, Object(Config\Cache), false)
 6 SYSTEMPATH\Boot.php(334): CodeIgniter\CodeIgniter->run()
 7 SYSTEMPATH\Boot.php(67): CodeIgniter\Boot::runCodeIgniter(Object(CodeIgniter\CodeIgniter))
 8 FCPATH\index.php(59): CodeIgniter\Boot::bootWeb(Object(Config\Paths))
 9 SYSTEMPATH\rewrite.php(44): require_once('E:\\laragon\\www\\kim-bimakota\\public\\index.php')
INFO - 2025-08-05 03:10:14 --> CSRF token verified.
DEBUG - 2025-08-05 03:10:15 --> Session: Class initialized using 'CodeIgniter\Session\Handlers\FileHandler' driver.
DEBUG - 2025-08-05 03:10:16 --> Session: Class initialized using 'CodeIgniter\Session\Handlers\FileHandler' driver.
DEBUG - 2025-08-05 03:18:53 --> Session: Class initialized using 'CodeIgniter\Session\Handlers\FileHandler' driver.
DEBUG - 2025-08-05 03:18:56 --> Session: Class initialized using 'CodeIgniter\Session\Handlers\FileHandler' driver.
INFO - 2025-08-05 03:19:20 --> CSRF token verified.
CRITICAL - 2025-08-05 03:19:20 --> CodeIgniter\Images\Exceptions\ImageException: Unable to save the image. Please make sure the image and file directory are writable.
[Method: POST, Route: admin/berita/simpan_berita]
in SYSTEMPATH\Images\Handlers\GDHandler.php on line 256.
 1 SYSTEMPATH\Images\Handlers\GDHandler.php(256): CodeIgniter\Images\Exceptions\ImageException::forSaveFailed()
 2 APPPATH\Controllers\Berita.php(117): CodeIgniter\Images\Handlers\GDHandler->save('E:\\laragon\\www\\kim-bimakota\\writable\\upload/image/thumbs/1754025095_6d4ee661d52f96497281.jpeg')
 3 SYSTEMPATH\CodeIgniter.php(933): App\Controllers\Berita->simpan_berita()
 4 SYSTEMPATH\CodeIgniter.php(507): CodeIgniter\CodeIgniter->runController(Object(App\Controllers\Berita))
 5 SYSTEMPATH\CodeIgniter.php(354): CodeIgniter\CodeIgniter->handleRequest(null, Object(Config\Cache), false)
 6 SYSTEMPATH\Boot.php(334): CodeIgniter\CodeIgniter->run()
 7 SYSTEMPATH\Boot.php(67): CodeIgniter\Boot::runCodeIgniter(Object(CodeIgniter\CodeIgniter))
 8 FCPATH\index.php(59): CodeIgniter\Boot::bootWeb(Object(Config\Paths))
 9 SYSTEMPATH\rewrite.php(44): require_once('E:\\laragon\\www\\kim-bimakota\\public\\index.php')
INFO - 2025-08-05 03:19:51 --> CSRF token verified.
CRITICAL - 2025-08-05 03:19:51 --> CodeIgniter\Images\Exceptions\ImageException: Unable to save the image. Please make sure the image and file directory are writable.
[Method: POST, Route: admin/berita/simpan_berita]
in SYSTEMPATH\Images\Handlers\GDHandler.php on line 256.
 1 SYSTEMPATH\Images\Handlers\GDHandler.php(256): CodeIgniter\Images\Exceptions\ImageException::forSaveFailed()
 2 APPPATH\Controllers\Berita.php(117): CodeIgniter\Images\Handlers\GDHandler->save('E:\\laragon\\www\\kim-bimakota\\writable\\/upload/image/thumbs/1754025095_6d4ee661d52f96497281.jpeg')
 3 SYSTEMPATH\CodeIgniter.php(933): App\Controllers\Berita->simpan_berita()
 4 SYSTEMPATH\CodeIgniter.php(507): CodeIgniter\CodeIgniter->runController(Object(App\Controllers\Berita))
 5 SYSTEMPATH\CodeIgniter.php(354): CodeIgniter\CodeIgniter->handleRequest(null, Object(Config\Cache), false)
 6 SYSTEMPATH\Boot.php(334): CodeIgniter\CodeIgniter->run()
 7 SYSTEMPATH\Boot.php(67): CodeIgniter\Boot::runCodeIgniter(Object(CodeIgniter\CodeIgniter))
 8 FCPATH\index.php(59): CodeIgniter\Boot::bootWeb(Object(Config\Paths))
 9 SYSTEMPATH\rewrite.php(44): require_once('E:\\laragon\\www\\kim-bimakota\\public\\index.php')
INFO - 2025-08-05 03:19:54 --> CSRF token verified.
CRITICAL - 2025-08-05 03:19:54 --> CodeIgniter\Images\Exceptions\ImageException: Unable to save the image. Please make sure the image and file directory are writable.
[Method: POST, Route: admin/berita/simpan_berita]
in SYSTEMPATH\Images\Handlers\GDHandler.php on line 256.
 1 SYSTEMPATH\Images\Handlers\GDHandler.php(256): CodeIgniter\Images\Exceptions\ImageException::forSaveFailed()
 2 APPPATH\Controllers\Berita.php(117): CodeIgniter\Images\Handlers\GDHandler->save('E:\\laragon\\www\\kim-bimakota\\writable\\/upload/image/thumbs/1754025095_6d4ee661d52f96497281.jpeg')
 3 SYSTEMPATH\CodeIgniter.php(933): App\Controllers\Berita->simpan_berita()
 4 SYSTEMPATH\CodeIgniter.php(507): CodeIgniter\CodeIgniter->runController(Object(App\Controllers\Berita))
 5 SYSTEMPATH\CodeIgniter.php(354): CodeIgniter\CodeIgniter->handleRequest(null, Object(Config\Cache), false)
 6 SYSTEMPATH\Boot.php(334): CodeIgniter\CodeIgniter->run()
 7 SYSTEMPATH\Boot.php(67): CodeIgniter\Boot::runCodeIgniter(Object(CodeIgniter\CodeIgniter))
 8 FCPATH\index.php(59): CodeIgniter\Boot::bootWeb(Object(Config\Paths))
 9 SYSTEMPATH\rewrite.php(44): require_once('E:\\laragon\\www\\kim-bimakota\\public\\index.php')
INFO - 2025-08-05 03:20:18 --> CSRF token verified.
CRITICAL - 2025-08-05 03:20:18 --> CodeIgniter\Images\Exceptions\ImageException: Unable to save the image. Please make sure the image and file directory are writable.
[Method: POST, Route: admin/berita/simpan_berita]
in SYSTEMPATH\Images\Handlers\GDHandler.php on line 256.
 1 SYSTEMPATH\Images\Handlers\GDHandler.php(256): CodeIgniter\Images\Exceptions\ImageException::forSaveFailed()
 2 APPPATH\Controllers\Berita.php(117): CodeIgniter\Images\Handlers\GDHandler->save('E:\\laragon\\www\\kim-bimakota\\writable\\../upload/image/thumbs/1754025095_6d4ee661d52f96497281.jpeg')
 3 SYSTEMPATH\CodeIgniter.php(933): App\Controllers\Berita->simpan_berita()
 4 SYSTEMPATH\CodeIgniter.php(507): CodeIgniter\CodeIgniter->runController(Object(App\Controllers\Berita))
 5 SYSTEMPATH\CodeIgniter.php(354): CodeIgniter\CodeIgniter->handleRequest(null, Object(Config\Cache), false)
 6 SYSTEMPATH\Boot.php(334): CodeIgniter\CodeIgniter->run()
 7 SYSTEMPATH\Boot.php(67): CodeIgniter\Boot::runCodeIgniter(Object(CodeIgniter\CodeIgniter))
 8 FCPATH\index.php(59): CodeIgniter\Boot::bootWeb(Object(Config\Paths))
 9 SYSTEMPATH\rewrite.php(44): require_once('E:\\laragon\\www\\kim-bimakota\\public\\index.php')
INFO - 2025-08-05 03:20:38 --> CSRF token verified.
CRITICAL - 2025-08-05 03:20:38 --> CodeIgniter\Images\Exceptions\ImageException: Unable to save the image. Please make sure the image and file directory are writable.
[Method: POST, Route: admin/berita/simpan_berita]
in SYSTEMPATH\Images\Handlers\GDHandler.php on line 256.
 1 SYSTEMPATH\Images\Handlers\GDHandler.php(256): CodeIgniter\Images\Exceptions\ImageException::forSaveFailed()
 2 APPPATH\Controllers\Berita.php(117): CodeIgniter\Images\Handlers\GDHandler->save('E:\\laragon\\www\\kim-bimakota\\writable\\../upload/image/thumbs/1754025095_6d4ee661d52f96497281.jpeg')
 3 SYSTEMPATH\CodeIgniter.php(933): App\Controllers\Berita->simpan_berita()
 4 SYSTEMPATH\CodeIgniter.php(507): CodeIgniter\CodeIgniter->runController(Object(App\Controllers\Berita))
 5 SYSTEMPATH\CodeIgniter.php(354): CodeIgniter\CodeIgniter->handleRequest(null, Object(Config\Cache), false)
 6 SYSTEMPATH\Boot.php(334): CodeIgniter\CodeIgniter->run()
 7 SYSTEMPATH\Boot.php(67): CodeIgniter\Boot::runCodeIgniter(Object(CodeIgniter\CodeIgniter))
 8 FCPATH\index.php(59): CodeIgniter\Boot::bootWeb(Object(Config\Paths))
 9 SYSTEMPATH\rewrite.php(44): require_once('E:\\laragon\\www\\kim-bimakota\\public\\index.php')
INFO - 2025-08-05 03:21:08 --> CSRF token verified.
CRITICAL - 2025-08-05 03:21:08 --> CodeIgniter\HTTP\Exceptions\HTTPException: The uploaded file has already been moved.
[Method: POST, Route: admin/berita/simpan_berita]
in SYSTEMPATH\HTTP\Files\UploadedFile.php on line 138.
 1 SYSTEMPATH\HTTP\Files\UploadedFile.php(138): CodeIgniter\HTTP\Exceptions\HTTPException::forAlreadyMoved()
 2 APPPATH\Controllers\Berita.php(114): CodeIgniter\HTTP\Files\UploadedFile->move('E:\\laragon\\www\\kim-bimakota\\writable\\/../upload/image/', '1754025095_6d4ee661d52f96497281.jpeg')
 3 SYSTEMPATH\CodeIgniter.php(933): App\Controllers\Berita->simpan_berita()
 4 SYSTEMPATH\CodeIgniter.php(507): CodeIgniter\CodeIgniter->runController(Object(App\Controllers\Berita))
 5 SYSTEMPATH\CodeIgniter.php(354): CodeIgniter\CodeIgniter->handleRequest(null, Object(Config\Cache), false)
 6 SYSTEMPATH\Boot.php(334): CodeIgniter\CodeIgniter->run()
 7 SYSTEMPATH\Boot.php(67): CodeIgniter\Boot::runCodeIgniter(Object(CodeIgniter\CodeIgniter))
 8 FCPATH\index.php(59): CodeIgniter\Boot::bootWeb(Object(Config\Paths))
 9 SYSTEMPATH\rewrite.php(44): require_once('E:\\laragon\\www\\kim-bimakota\\public\\index.php')
INFO - 2025-08-05 03:21:17 --> CSRF token verified.
CRITICAL - 2025-08-05 03:21:17 --> CodeIgniter\HTTP\Exceptions\HTTPException: The uploaded file has already been moved.
[Method: POST, Route: admin/berita/simpan_berita]
in SYSTEMPATH\HTTP\Files\UploadedFile.php on line 138.
 1 SYSTEMPATH\HTTP\Files\UploadedFile.php(138): CodeIgniter\HTTP\Exceptions\HTTPException::forAlreadyMoved()
 2 APPPATH\Controllers\Berita.php(114): CodeIgniter\HTTP\Files\UploadedFile->move('E:\\laragon\\www\\kim-bimakota\\writable\\/../upload/image/', '1754025095_6d4ee661d52f96497281.jpeg')
 3 SYSTEMPATH\CodeIgniter.php(933): App\Controllers\Berita->simpan_berita()
 4 SYSTEMPATH\CodeIgniter.php(507): CodeIgniter\CodeIgniter->runController(Object(App\Controllers\Berita))
 5 SYSTEMPATH\CodeIgniter.php(354): CodeIgniter\CodeIgniter->handleRequest(null, Object(Config\Cache), false)
 6 SYSTEMPATH\Boot.php(334): CodeIgniter\CodeIgniter->run()
 7 SYSTEMPATH\Boot.php(67): CodeIgniter\Boot::runCodeIgniter(Object(CodeIgniter\CodeIgniter))
 8 FCPATH\index.php(59): CodeIgniter\Boot::bootWeb(Object(Config\Paths))
 9 SYSTEMPATH\rewrite.php(44): require_once('E:\\laragon\\www\\kim-bimakota\\public\\index.php')
INFO - 2025-08-05 03:21:18 --> CSRF token verified.
CRITICAL - 2025-08-05 03:21:18 --> CodeIgniter\HTTP\Exceptions\HTTPException: The uploaded file has already been moved.
[Method: POST, Route: admin/berita/simpan_berita]
in SYSTEMPATH\HTTP\Files\UploadedFile.php on line 138.
 1 SYSTEMPATH\HTTP\Files\UploadedFile.php(138): CodeIgniter\HTTP\Exceptions\HTTPException::forAlreadyMoved()
 2 APPPATH\Controllers\Berita.php(114): CodeIgniter\HTTP\Files\UploadedFile->move('E:\\laragon\\www\\kim-bimakota\\writable\\/../upload/image/', '1754025095_6d4ee661d52f96497281.jpeg')
 3 SYSTEMPATH\CodeIgniter.php(933): App\Controllers\Berita->simpan_berita()
 4 SYSTEMPATH\CodeIgniter.php(507): CodeIgniter\CodeIgniter->runController(Object(App\Controllers\Berita))
 5 SYSTEMPATH\CodeIgniter.php(354): CodeIgniter\CodeIgniter->handleRequest(null, Object(Config\Cache), false)
 6 SYSTEMPATH\Boot.php(334): CodeIgniter\CodeIgniter->run()
 7 SYSTEMPATH\Boot.php(67): CodeIgniter\Boot::runCodeIgniter(Object(CodeIgniter\CodeIgniter))
 8 FCPATH\index.php(59): CodeIgniter\Boot::bootWeb(Object(Config\Paths))
 9 SYSTEMPATH\rewrite.php(44): require_once('E:\\laragon\\www\\kim-bimakota\\public\\index.php')
INFO - 2025-08-05 03:21:43 --> CSRF token verified.
INFO - 2025-08-05 03:21:54 --> CSRF token verified.
INFO - 2025-08-05 03:22:38 --> CSRF token verified.
CRITICAL - 2025-08-05 03:22:38 --> CodeIgniter\Images\Exceptions\ImageException: Unable to save the image. Please make sure the image and file directory are writable.
[Method: POST, Route: admin/berita/simpan_berita]
in SYSTEMPATH\Images\Handlers\GDHandler.php on line 256.
 1 SYSTEMPATH\Images\Handlers\GDHandler.php(256): CodeIgniter\Images\Exceptions\ImageException::forSaveFailed()
 2 APPPATH\Controllers\Berita.php(117): CodeIgniter\Images\Handlers\GDHandler->save('E:\\laragon\\www\\kim-bimakota\\writable\\../upload/image/thumbs/1754025095_6d4ee661d52f96497281.jpeg')
 3 SYSTEMPATH\CodeIgniter.php(933): App\Controllers\Berita->simpan_berita()
 4 SYSTEMPATH\CodeIgniter.php(507): CodeIgniter\CodeIgniter->runController(Object(App\Controllers\Berita))
 5 SYSTEMPATH\CodeIgniter.php(354): CodeIgniter\CodeIgniter->handleRequest(null, Object(Config\Cache), false)
 6 SYSTEMPATH\Boot.php(334): CodeIgniter\CodeIgniter->run()
 7 SYSTEMPATH\Boot.php(67): CodeIgniter\Boot::runCodeIgniter(Object(CodeIgniter\CodeIgniter))
 8 FCPATH\index.php(59): CodeIgniter\Boot::bootWeb(Object(Config\Paths))
 9 SYSTEMPATH\rewrite.php(44): require_once('E:\\laragon\\www\\kim-bimakota\\public\\index.php')
INFO - 2025-08-05 03:22:55 --> CSRF token verified.
DEBUG - 2025-08-05 03:22:55 --> Session: Class initialized using 'CodeIgniter\Session\Handlers\FileHandler' driver.
DEBUG - 2025-08-05 03:22:56 --> Session: Class initialized using 'CodeIgniter\Session\Handlers\FileHandler' driver.
DEBUG - 2025-08-05 03:27:36 --> Session: Class initialized using 'CodeIgniter\Session\Handlers\FileHandler' driver.
DEBUG - 2025-08-05 03:27:43 --> Session: Class initialized using 'CodeIgniter\Session\Handlers\FileHandler' driver.
DEBUG - 2025-08-05 03:40:28 --> Session: Class initialized using 'CodeIgniter\Session\Handlers\FileHandler' driver.
DEBUG - 2025-08-05 03:40:48 --> Session: Class initialized using 'CodeIgniter\Session\Handlers\FileHandler' driver.
DEBUG - 2025-08-05 03:40:56 --> Session: Class initialized using 'CodeIgniter\Session\Handlers\FileHandler' driver.
DEBUG - 2025-08-05 03:41:11 --> Session: Class initialized using 'CodeIgniter\Session\Handlers\FileHandler' driver.
DEBUG - 2025-08-05 03:41:36 --> Session: Class initialized using 'CodeIgniter\Session\Handlers\FileHandler' driver.
DEBUG - 2025-08-05 03:41:47 --> Session: Class initialized using 'CodeIgniter\Session\Handlers\FileHandler' driver.
